{"/home/cda/dev/playground/energy.consumption/src/components/ContractTemplateCard.tsx": {"path":"/home/cda/dev/playground/energy.consumption/src/components/ContractTemplateCard.tsx","statementMap":{"0":{"start":{"line":15,"column":6},"end":{"line":44,"column":null}},"1":{"start":{"line":16,"column":21},"end":{"line":16,"column":null}},"2":{"start":{"line":16,"column":34},"end":{"line":16,"column":null}},"3":{"start":{"line":18,"column":2},"end":{"line":36,"column":null}},"4":{"start":{"line":18,"column":2},"end":{"line":18,"column":null}},"5":{"start":{"line":18,"column":2},"end":{"line":29,"column":null}},"6":{"start":{"line":29,"column":62},"end":{"line":29,"column":78}},"7":{"start":{"line":29,"column":78},"end":{"line":31,"column":58}},"8":{"start":{"line":31,"column":13},"end":{"line":31,"column":53}},"9":{"start":{"line":31,"column":53},"end":{"line":31,"column":null}},"10":{"start":{"line":31,"column":58},"end":{"line":31,"column":96}},"11":{"start":{"line":31,"column":96},"end":{"line":36,"column":null}},"12":{"start":{"line":36,"column":14},"end":{"line":36,"column":145}},"13":{"start":{"line":36,"column":145},"end":{"line":36,"column":null}},"14":{"start":{"line":46,"column":36},"end":{"line":46,"column":null}}},"fnMap":{"0":{"name":"(anonymous_0)","decl":{"start":{"line":15,"column":68},"end":{"line":15,"column":78}},"loc":{"start":{"line":15,"column":78},"end":{"line":44,"column":1}},"line":15},"1":{"name":"(anonymous_1)","decl":{"start":{"line":16,"column":21},"end":{"line":16,"column":22}},"loc":{"start":{"line":16,"column":34},"end":{"line":16,"column":null}},"line":16},"2":{"name":"(anonymous_2)","decl":{"start":{"line":18,"column":2},"end":{"line":18,"column":null}},"loc":{"start":{"line":18,"column":2},"end":{"line":36,"column":null}},"line":18},"3":{"name":"(anonymous_3)","decl":{"start":{"line":29,"column":78},"end":{"line":29,"column":null}},"loc":{"start":{"line":31,"column":13},"end":{"line":31,"column":53}},"line":31},"4":{"name":"(anonymous_4)","decl":{"start":{"line":31,"column":53},"end":{"line":31,"column":58}},"loc":{"start":{"line":31,"column":58},"end":{"line":31,"column":96}},"line":31},"5":{"name":"(anonymous_5)","decl":{"start":{"line":36,"column":10},"end":{"line":36,"column":14}},"loc":{"start":{"line":36,"column":14},"end":{"line":36,"column":null}},"line":36}},"branchMap":{"0":{"loc":{"start":{"line":46,"column":36},"end":{"line":46,"column":null}},"type":"if","locations":[{"start":{"line":46,"column":36},"end":{"line":46,"column":null}},{"start":{},"end":{}}],"line":46}},"s":{"0":1,"1":2,"2":4,"3":2,"4":2,"5":2,"6":2,"7":2,"8":2,"9":2,"10":2,"11":2,"12":2,"13":2,"14":1},"f":{"0":2,"1":4,"2":4,"3":2,"4":2,"5":2},"b":{"0":[1,0]},"meta":{"lastBranch":1,"lastFunction":6,"lastStatement":15,"seen":{"s:15:6:44:Infinity":0,"f:15:68:15:78":0,"s:16:21:16:Infinity":1,"f:16:21:16:22":1,"s:16:34:16:Infinity":2,"s:18:2:36:Infinity":3,"f:18:2:18:Infinity":2,"s:18:2:18:Infinity":4,"s:18:2:29:Infinity":5,"s:29:62:29:78":6,"s:29:78:31:58":7,"f:29:78:29:Infinity":3,"s:31:13:31:53":8,"s:31:53:31:Infinity":9,"f:31:53:31:58":4,"s:31:58:31:96":10,"s:31:96:36:Infinity":11,"f:36:10:36:14":5,"s:36:14:36:145":12,"s:36:145:36:Infinity":13,"b:46:36:46:Infinity:undefined:undefined:undefined:undefined":0,"s:46:36:46:Infinity":14}}}
,"/home/cda/dev/playground/energy.consumption/src/components/CsvImportModal.tsx": {"path":"/home/cda/dev/playground/energy.consumption/src/components/CsvImportModal.tsx","statementMap":{"0":{"start":{"line":32,"column":6},"end":{"line":53,"column":null}},"1":{"start":{"line":32,"column":122},"end":{"line":49,"column":null}},"2":{"start":{"line":32,"column":127},"end":{"line":32,"column":null}},"3":{"start":{"line":32,"column":127},"end":{"line":36,"column":null}},"4":{"start":{"line":36,"column":33},"end":{"line":49,"column":null}},"5":{"start":{"line":49,"column":36},"end":{"line":49,"column":null}},"6":{"start":{"line":55,"column":6},"end":{"line":141,"column":null}},"7":{"start":{"line":66,"column":6},"end":{"line":113,"column":null}},"8":{"start":{"line":66,"column":11},"end":{"line":66,"column":null}},"9":{"start":{"line":66,"column":11},"end":{"line":81,"column":null}},"10":{"start":{"line":76,"column":14},"end":{"line":80,"column":null}},"11":{"start":{"line":77,"column":16},"end":{"line":77,"column":null}},"12":{"start":{"line":79,"column":16},"end":{"line":79,"column":null}},"13":{"start":{"line":81,"column":13},"end":{"line":86,"column":null}},"14":{"start":{"line":84,"column":21},"end":{"line":84,"column":35}},"15":{"start":{"line":84,"column":39},"end":{"line":85,"column":43}},"16":{"start":{"line":84,"column":44},"end":{"line":84,"column":null}},"17":{"start":{"line":84,"column":44},"end":{"line":85,"column":null}},"18":{"start":{"line":85,"column":43},"end":{"line":85,"column":53}},"19":{"start":{"line":85,"column":53},"end":{"line":85,"column":43}},"20":{"start":{"line":85,"column":53},"end":{"line":85,"column":40}},"21":{"start":{"line":85,"column":40},"end":{"line":85,"column":43}},"22":{"start":{"line":86,"column":13},"end":{"line":99,"column":null}},"23":{"start":{"line":99,"column":33},"end":{"line":99,"column":75}},"24":{"start":{"line":99,"column":75},"end":{"line":103,"column":null}},"25":{"start":{"line":101,"column":25},"end":{"line":101,"column":40}},"26":{"start":{"line":101,"column":44},"end":{"line":102,"column":null}},"27":{"start":{"line":101,"column":50},"end":{"line":101,"column":null}},"28":{"start":{"line":101,"column":50},"end":{"line":102,"column":41}},"29":{"start":{"line":102,"column":41},"end":{"line":102,"column":null}},"30":{"start":{"line":102,"column":50},"end":{"line":102,"column":null}},"31":{"start":{"line":103,"column":17},"end":{"line":114,"column":null}},"32":{"start":{"line":114,"column":33},"end":{"line":114,"column":76}},"33":{"start":{"line":114,"column":76},"end":{"line":118,"column":null}},"34":{"start":{"line":116,"column":25},"end":{"line":116,"column":40}},"35":{"start":{"line":116,"column":44},"end":{"line":117,"column":null}},"36":{"start":{"line":116,"column":50},"end":{"line":116,"column":null}},"37":{"start":{"line":116,"column":50},"end":{"line":117,"column":41}},"38":{"start":{"line":117,"column":41},"end":{"line":117,"column":null}},"39":{"start":{"line":117,"column":50},"end":{"line":117,"column":null}},"40":{"start":{"line":118,"column":17},"end":{"line":129,"column":null}},"41":{"start":{"line":129,"column":33},"end":{"line":129,"column":48}},"42":{"start":{"line":129,"column":52},"end":{"line":129,"column":96}},"43":{"start":{"line":129,"column":53},"end":{"line":129,"column":89}},"44":{"start":{"line":129,"column":53},"end":{"line":129,"column":96}},"45":{"start":{"line":129,"column":90},"end":{"line":129,"column":96}},"46":{"start":{"line":129,"column":96},"end":{"line":134,"column":null}},"47":{"start":{"line":134,"column":33},"end":{"line":134,"column":48}},"48":{"start":{"line":134,"column":52},"end":{"line":134,"column":105}},"49":{"start":{"line":134,"column":53},"end":{"line":134,"column":79}},"50":{"start":{"line":134,"column":53},"end":{"line":134,"column":105}},"51":{"start":{"line":134,"column":79},"end":{"line":134,"column":99}},"52":{"start":{"line":134,"column":99},"end":{"line":134,"column":105}},"53":{"start":{"line":134,"column":105},"end":{"line":74,"column":null}},"54":{"start":{"line":134,"column":105},"end":{"line":74,"column":38}},"55":{"start":{"line":74,"column":38},"end":{"line":98,"column":null}},"56":{"start":{"line":74,"column":38},"end":{"line":98,"column":39}},"57":{"start":{"line":98,"column":39},"end":{"line":113,"column":null}},"58":{"start":{"line":98,"column":39},"end":{"line":113,"column":40}},"59":{"start":{"line":113,"column":40},"end":{"line":113,"column":null}},"60":{"start":{"line":145,"column":6},"end":{"line":169,"column":null}},"61":{"start":{"line":145,"column":65},"end":{"line":164,"column":null}},"62":{"start":{"line":145,"column":65},"end":{"line":145,"column":null}},"63":{"start":{"line":145,"column":65},"end":{"line":147,"column":null}},"64":{"start":{"line":147,"column":95},"end":{"line":147,"column":112}},"65":{"start":{"line":147,"column":112},"end":{"line":147,"column":null}},"66":{"start":{"line":147,"column":112},"end":{"line":164,"column":null}},"67":{"start":{"line":158,"column":25},"end":{"line":158,"column":37}},"68":{"start":{"line":158,"column":41},"end":{"line":162,"column":null}},"69":{"start":{"line":158,"column":44},"end":{"line":158,"column":null}},"70":{"start":{"line":158,"column":44},"end":{"line":160,"column":null}},"71":{"start":{"line":160,"column":45},"end":{"line":160,"column":74}},"72":{"start":{"line":160,"column":74},"end":{"line":161,"column":null}},"73":{"start":{"line":161,"column":55},"end":{"line":161,"column":64}},"74":{"start":{"line":161,"column":64},"end":{"line":162,"column":77}},"75":{"start":{"line":162,"column":56},"end":{"line":162,"column":72}},"76":{"start":{"line":162,"column":72},"end":{"line":162,"column":null}},"77":{"start":{"line":162,"column":77},"end":{"line":162,"column":94}},"78":{"start":{"line":162,"column":94},"end":{"line":162,"column":null}},"79":{"start":{"line":164,"column":17},"end":{"line":164,"column":null}},"80":{"start":{"line":173,"column":6},"end":{"line":396,"column":null}},"81":{"start":{"line":174,"column":22},"end":{"line":174,"column":null}},"82":{"start":{"line":175,"column":28},"end":{"line":175,"column":null}},"83":{"start":{"line":176,"column":28},"end":{"line":176,"column":null}},"84":{"start":{"line":178,"column":40},"end":{"line":178,"column":null}},"85":{"start":{"line":179,"column":34},"end":{"line":179,"column":null}},"86":{"start":{"line":180,"column":36},"end":{"line":180,"column":null}},"87":{"start":{"line":182,"column":24},"end":{"line":182,"column":null}},"88":{"start":{"line":183,"column":38},"end":{"line":183,"column":null}},"89":{"start":{"line":184,"column":42},"end":{"line":184,"column":null}},"90":{"start":{"line":185,"column":38},"end":{"line":185,"column":null}},"91":{"start":{"line":186,"column":38},"end":{"line":186,"column":null}},"92":{"start":{"line":187,"column":44},"end":{"line":187,"column":null}},"93":{"start":{"line":189,"column":16},"end":{"line":202,"column":null}},"94":{"start":{"line":190,"column":4},"end":{"line":190,"column":null}},"95":{"start":{"line":191,"column":4},"end":{"line":191,"column":null}},"96":{"start":{"line":192,"column":4},"end":{"line":192,"column":null}},"97":{"start":{"line":193,"column":4},"end":{"line":193,"column":null}},"98":{"start":{"line":194,"column":4},"end":{"line":194,"column":null}},"99":{"start":{"line":195,"column":4},"end":{"line":195,"column":null}},"100":{"start":{"line":196,"column":4},"end":{"line":196,"column":null}},"101":{"start":{"line":197,"column":4},"end":{"line":197,"column":null}},"102":{"start":{"line":198,"column":4},"end":{"line":198,"column":null}},"103":{"start":{"line":199,"column":4},"end":{"line":199,"column":null}},"104":{"start":{"line":200,"column":4},"end":{"line":200,"column":null}},"105":{"start":{"line":201,"column":4},"end":{"line":201,"column":null}},"106":{"start":{"line":204,"column":31},"end":{"line":243,"column":null}},"107":{"start":{"line":205,"column":17},"end":{"line":205,"column":null}},"108":{"start":{"line":206,"column":24},"end":{"line":206,"column":null}},"109":{"start":{"line":207,"column":17},"end":{"line":207,"column":null}},"110":{"start":{"line":208,"column":17},"end":{"line":208,"column":null}},"111":{"start":{"line":210,"column":4},"end":{"line":213,"column":null}},"112":{"start":{"line":211,"column":6},"end":{"line":211,"column":null}},"113":{"start":{"line":212,"column":6},"end":{"line":212,"column":null}},"114":{"start":{"line":215,"column":4},"end":{"line":215,"column":null}},"115":{"start":{"line":216,"column":4},"end":{"line":242,"column":null}},"116":{"start":{"line":217,"column":18},"end":{"line":221,"column":null}},"117":{"start":{"line":223,"column":6},"end":{"line":227,"column":null}},"118":{"start":{"line":224,"column":20},"end":{"line":224,"column":null}},"119":{"start":{"line":225,"column":8},"end":{"line":225,"column":null}},"120":{"start":{"line":226,"column":8},"end":{"line":226,"column":null}},"121":{"start":{"line":229,"column":23},"end":{"line":229,"column":null}},"122":{"start":{"line":230,"column":6},"end":{"line":230,"column":null}},"123":{"start":{"line":231,"column":6},"end":{"line":231,"column":null}},"124":{"start":{"line":232,"column":6},"end":{"line":232,"column":null}},"125":{"start":{"line":233,"column":6},"end":{"line":233,"column":null}},"126":{"start":{"line":234,"column":6},"end":{"line":234,"column":null}},"127":{"start":{"line":235,"column":6},"end":{"line":235,"column":null}},"128":{"start":{"line":236,"column":6},"end":{"line":236,"column":null}},"129":{"start":{"line":237,"column":6},"end":{"line":237,"column":null}},"130":{"start":{"line":239,"column":6},"end":{"line":239,"column":null}},"131":{"start":{"line":241,"column":6},"end":{"line":241,"column":null}},"132":{"start":{"line":245,"column":2},"end":{"line":249,"column":null}},"133":{"start":{"line":246,"column":4},"end":{"line":248,"column":null}},"134":{"start":{"line":247,"column":6},"end":{"line":247,"column":null}},"135":{"start":{"line":251,"column":28},"end":{"line":270,"column":null}},"136":{"start":{"line":252,"column":4},"end":{"line":269,"column":null}},"137":{"start":{"line":253,"column":12},"end":{"line":253,"column":null}},"138":{"start":{"line":254,"column":6},"end":{"line":257,"column":null}},"139":{"start":{"line":255,"column":8},"end":{"line":255,"column":null}},"140":{"start":{"line":256,"column":8},"end":{"line":256,"column":null}},"141":{"start":{"line":258,"column":19},"end":{"line":258,"column":null}},"142":{"start":{"line":259,"column":6},"end":{"line":259,"column":null}},"143":{"start":{"line":260,"column":6},"end":{"line":260,"column":null}},"144":{"start":{"line":262,"column":6},"end":{"line":262,"column":null}},"145":{"start":{"line":262,"column":35},"end":{"line":262,"column":56}},"146":{"start":{"line":263,"column":6},"end":{"line":263,"column":null}},"147":{"start":{"line":263,"column":36},"end":{"line":263,"column":74}},"148":{"start":{"line":265,"column":6},"end":{"line":265,"column":null}},"149":{"start":{"line":266,"column":6},"end":{"line":266,"column":null}},"150":{"start":{"line":268,"column":6},"end":{"line":268,"column":null}},"151":{"start":{"line":272,"column":20},"end":{"line":281,"column":null}},"152":{"start":{"line":273,"column":4},"end":{"line":273,"column":null}},"153":{"start":{"line":273,"column":19},"end":{"line":273,"column":31}},"154":{"start":{"line":274,"column":17},"end":{"line":274,"column":null}},"155":{"start":{"line":275,"column":4},"end":{"line":275,"column":null}},"156":{"start":{"line":275,"column":33},"end":{"line":275,"column":45}},"157":{"start":{"line":276,"column":20},"end":{"line":276,"column":null}},"158":{"start":{"line":277,"column":4},"end":{"line":279,"column":null}},"159":{"start":{"line":278,"column":6},"end":{"line":278,"column":null}},"160":{"start":{"line":280,"column":4},"end":{"line":280,"column":null}},"161":{"start":{"line":283,"column":25},"end":{"line":300,"column":null}},"162":{"start":{"line":284,"column":17},"end":{"line":284,"column":null}},"163":{"start":{"line":285,"column":20},"end":{"line":285,"column":null}},"164":{"start":{"line":286,"column":20},"end":{"line":286,"column":null}},"165":{"start":{"line":287,"column":19},"end":{"line":287,"column":null}},"166":{"start":{"line":289,"column":4},"end":{"line":289,"column":null}},"167":{"start":{"line":289,"column":42},"end":{"line":289,"column":52}},"168":{"start":{"line":291,"column":37},"end":{"line":291,"column":null}},"169":{"start":{"line":292,"column":4},"end":{"line":298,"column":null}},"170":{"start":{"line":293,"column":19},"end":{"line":293,"column":null}},"171":{"start":{"line":294,"column":12},"end":{"line":294,"column":null}},"172":{"start":{"line":295,"column":6},"end":{"line":297,"column":null}},"173":{"start":{"line":296,"column":8},"end":{"line":296,"column":null}},"174":{"start":{"line":299,"column":4},"end":{"line":299,"column":null}},"175":{"start":{"line":302,"column":23},"end":{"line":311,"column":null}},"176":{"start":{"line":303,"column":4},"end":{"line":303,"column":null}},"177":{"start":{"line":304,"column":4},"end":{"line":310,"column":null}},"178":{"start":{"line":305,"column":6},"end":{"line":305,"column":null}},"179":{"start":{"line":306,"column":6},"end":{"line":306,"column":null}},"180":{"start":{"line":308,"column":6},"end":{"line":308,"column":null}},"181":{"start":{"line":309,"column":6},"end":{"line":309,"column":null}},"182":{"start":{"line":313,"column":2},"end":{"line":388,"column":null}},"183":{"start":{"line":314,"column":14},"end":{"line":314,"column":28}},"184":{"start":{"line":314,"column":28},"end":{"line":388,"column":null}},"185":{"start":{"line":315,"column":13},"end":{"line":315,"column":null}},"186":{"start":{"line":315,"column":13},"end":{"line":328,"column":null}},"187":{"start":{"line":320,"column":25},"end":{"line":320,"column":75}},"188":{"start":{"line":320,"column":27},"end":{"line":320,"column":52}},"189":{"start":{"line":320,"column":75},"end":{"line":320,"column":null}},"190":{"start":{"line":320,"column":75},"end":{"line":328,"column":null}},"191":{"start":{"line":326,"column":38},"end":{"line":326,"column":null}},"192":{"start":{"line":328,"column":26},"end":{"line":328,"column":null}},"193":{"start":{"line":328,"column":26},"end":{"line":333,"column":null}},"194":{"start":{"line":328,"column":26},"end":{"line":333,"column":64}},"195":{"start":{"line":328,"column":26},"end":{"line":333,"column":23}},"196":{"start":{"line":333,"column":23},"end":{"line":333,"column":78}},"197":{"start":{"line":333,"column":16},"end":{"line":333,"column":78}},"198":{"start":{"line":333,"column":16},"end":{"line":333,"column":22}},"199":{"start":{"line":333,"column":69},"end":{"line":333,"column":78}},"200":{"start":{"line":333,"column":78},"end":{"line":338,"column":null}},"201":{"start":{"line":335,"column":25},"end":{"line":335,"column":46}},"202":{"start":{"line":335,"column":46},"end":{"line":338,"column":null}},"203":{"start":{"line":337,"column":45},"end":{"line":337,"column":null}},"204":{"start":{"line":338,"column":41},"end":{"line":338,"column":74}},"205":{"start":{"line":338,"column":74},"end":{"line":347,"column":null}},"206":{"start":{"line":342,"column":26},"end":{"line":342,"column":48}},"207":{"start":{"line":342,"column":48},"end":{"line":347,"column":null}},"208":{"start":{"line":344,"column":26},"end":{"line":344,"column":40}},"209":{"start":{"line":344,"column":55},"end":{"line":344,"column":72}},"210":{"start":{"line":345,"column":27},"end":{"line":345,"column":38}},"211":{"start":{"line":345,"column":50},"end":{"line":345,"column":64}},"212":{"start":{"line":346,"column":31},"end":{"line":346,"column":46}},"213":{"start":{"line":346,"column":89},"end":{"line":346,"column":103}},"214":{"start":{"line":347,"column":44},"end":{"line":347,"column":64}},"215":{"start":{"line":347,"column":64},"end":{"line":358,"column":null}},"216":{"start":{"line":351,"column":26},"end":{"line":351,"column":50}},"217":{"start":{"line":351,"column":50},"end":{"line":358,"column":null}},"218":{"start":{"line":353,"column":24},"end":{"line":353,"column":40}},"219":{"start":{"line":354,"column":31},"end":{"line":354,"column":49}},"220":{"start":{"line":355,"column":24},"end":{"line":355,"column":40}},"221":{"start":{"line":356,"column":24},"end":{"line":356,"column":40}},"222":{"start":{"line":357,"column":29},"end":{"line":357,"column":48}},"223":{"start":{"line":358,"column":33},"end":{"line":362,"column":null}},"224":{"start":{"line":362,"column":25},"end":{"line":362,"column":47}},"225":{"start":{"line":362,"column":47},"end":{"line":362,"column":null}},"226":{"start":{"line":362,"column":66},"end":{"line":362,"column":84}},"227":{"start":{"line":362,"column":84},"end":{"line":363,"column":null}},"228":{"start":{"line":363,"column":25},"end":{"line":363,"column":49}},"229":{"start":{"line":363,"column":49},"end":{"line":363,"column":null}},"230":{"start":{"line":363,"column":49},"end":{"line":367,"column":null}},"231":{"start":{"line":367,"column":25},"end":{"line":367,"column":46}},"232":{"start":{"line":367,"column":46},"end":{"line":367,"column":77}},"233":{"start":{"line":367,"column":46},"end":{"line":367,"column":null}},"234":{"start":{"line":367,"column":90},"end":{"line":367,"column":null}},"235":{"start":{"line":367,"column":90},"end":{"line":376,"column":null}},"236":{"start":{"line":368,"column":26},"end":{"line":368,"column":48}},"237":{"start":{"line":368,"column":48},"end":{"line":376,"column":null}},"238":{"start":{"line":368,"column":48},"end":{"line":368,"column":null}},"239":{"start":{"line":368,"column":48},"end":{"line":369,"column":72}},"240":{"start":{"line":369,"column":55},"end":{"line":369,"column":72}},"241":{"start":{"line":369,"column":72},"end":{"line":369,"column":null}},"242":{"start":{"line":369,"column":72},"end":{"line":376,"column":20}},"243":{"start":{"line":371,"column":21},"end":{"line":375,"column":null}},"244":{"start":{"line":372,"column":23},"end":{"line":372,"column":null}},"245":{"start":{"line":374,"column":23},"end":{"line":374,"column":null}},"246":{"start":{"line":376,"column":20},"end":{"line":376,"column":null}},"247":{"start":{"line":376,"column":20},"end":{"line":380,"column":null}},"248":{"start":{"line":378,"column":26},"end":{"line":378,"column":50}},"249":{"start":{"line":378,"column":50},"end":{"line":380,"column":null}},"250":{"start":{"line":378,"column":50},"end":{"line":378,"column":null}},"251":{"start":{"line":378,"column":50},"end":{"line":379,"column":110}},"252":{"start":{"line":379,"column":55},"end":{"line":379,"column":110}},"253":{"start":{"line":379,"column":110},"end":{"line":379,"column":null}},"254":{"start":{"line":379,"column":110},"end":{"line":379,"column":139}},"255":{"start":{"line":379,"column":139},"end":{"line":379,"column":null}},"256":{"start":{"line":379,"column":139},"end":{"line":380,"column":81}},"257":{"start":{"line":380,"column":81},"end":{"line":381,"column":null}},"258":{"start":{"line":381,"column":32},"end":{"line":381,"column":51}},"259":{"start":{"line":381,"column":61},"end":{"line":381,"column":null}},"260":{"start":{"line":381,"column":61},"end":{"line":380,"column":null}},"261":{"start":{"line":381,"column":61},"end":{"line":380,"column":110}},"262":{"start":{"line":380,"column":110},"end":{"line":380,"column":null}},"263":{"start":{"line":380,"column":110},"end":{"line":388,"column":null}},"264":{"start":{"line":386,"column":25},"end":{"line":386,"column":47}},"265":{"start":{"line":386,"column":47},"end":{"line":388,"column":null}},"266":{"start":{"line":386,"column":47},"end":{"line":386,"column":null}},"267":{"start":{"line":386,"column":47},"end":{"line":387,"column":72}},"268":{"start":{"line":387,"column":54},"end":{"line":387,"column":72}},"269":{"start":{"line":387,"column":72},"end":{"line":387,"column":null}},"270":{"start":{"line":387,"column":72},"end":{"line":388,"column":72}},"271":{"start":{"line":388,"column":72},"end":{"line":388,"column":null}},"272":{"start":{"line":398,"column":30},"end":{"line":398,"column":null}}},"fnMap":{"0":{"name":"(anonymous_0)","decl":{"start":{"line":32,"column":122},"end":{"line":32,"column":127}},"loc":{"start":{"line":32,"column":122},"end":{"line":49,"column":null}},"line":32},"1":{"name":"(anonymous_1)","decl":{"start":{"line":32,"column":127},"end":{"line":32,"column":null}},"loc":{"start":{"line":32,"column":127},"end":{"line":49,"column":null}},"line":32},"2":{"name":"(anonymous_2)","decl":{"start":{"line":66,"column":6},"end":{"line":66,"column":11}},"loc":{"start":{"line":66,"column":6},"end":{"line":113,"column":null}},"line":66},"3":{"name":"(anonymous_3)","decl":{"start":{"line":66,"column":11},"end":{"line":66,"column":null}},"loc":{"start":{"line":66,"column":11},"end":{"line":113,"column":null}},"line":66},"4":{"name":"(anonymous_4)","decl":{"start":{"line":75,"column":23},"end":{"line":75,"column":29}},"loc":{"start":{"line":75,"column":29},"end":{"line":81,"column":13}},"line":75},"5":{"name":"(anonymous_5)","decl":{"start":{"line":84,"column":17},"end":{"line":84,"column":21}},"loc":{"start":{"line":84,"column":21},"end":{"line":84,"column":39}},"line":84},"6":{"name":"(anonymous_6)","decl":{"start":{"line":84,"column":39},"end":{"line":84,"column":44}},"loc":{"start":{"line":84,"column":39},"end":{"line":85,"column":43}},"line":84},"7":{"name":"(anonymous_7)","decl":{"start":{"line":84,"column":44},"end":{"line":84,"column":null}},"loc":{"start":{"line":84,"column":44},"end":{"line":85,"column":43}},"line":84},"8":{"name":"(anonymous_8)","decl":{"start":{"line":85,"column":53},"end":{"line":85,"column":null}},"loc":{"start":{"line":85,"column":53},"end":{"line":85,"column":40}},"line":85},"9":{"name":"(anonymous_9)","decl":{"start":{"line":99,"column":27},"end":{"line":99,"column":33}},"loc":{"start":{"line":99,"column":33},"end":{"line":99,"column":75}},"line":99},"10":{"name":"(anonymous_10)","decl":{"start":{"line":101,"column":21},"end":{"line":101,"column":25}},"loc":{"start":{"line":101,"column":25},"end":{"line":101,"column":44}},"line":101},"11":{"name":"(anonymous_11)","decl":{"start":{"line":101,"column":44},"end":{"line":101,"column":50}},"loc":{"start":{"line":101,"column":44},"end":{"line":102,"column":null}},"line":101},"12":{"name":"(anonymous_12)","decl":{"start":{"line":101,"column":50},"end":{"line":101,"column":null}},"loc":{"start":{"line":101,"column":50},"end":{"line":102,"column":null}},"line":101},"13":{"name":"(anonymous_13)","decl":{"start":{"line":114,"column":27},"end":{"line":114,"column":33}},"loc":{"start":{"line":114,"column":33},"end":{"line":114,"column":76}},"line":114},"14":{"name":"(anonymous_14)","decl":{"start":{"line":116,"column":21},"end":{"line":116,"column":25}},"loc":{"start":{"line":116,"column":25},"end":{"line":116,"column":44}},"line":116},"15":{"name":"(anonymous_15)","decl":{"start":{"line":116,"column":44},"end":{"line":116,"column":50}},"loc":{"start":{"line":116,"column":44},"end":{"line":117,"column":null}},"line":116},"16":{"name":"(anonymous_16)","decl":{"start":{"line":116,"column":50},"end":{"line":116,"column":null}},"loc":{"start":{"line":116,"column":50},"end":{"line":117,"column":null}},"line":116},"17":{"name":"(anonymous_17)","decl":{"start":{"line":129,"column":29},"end":{"line":129,"column":33}},"loc":{"start":{"line":129,"column":33},"end":{"line":129,"column":52}},"line":129},"18":{"name":"(anonymous_18)","decl":{"start":{"line":129,"column":52},"end":{"line":129,"column":53}},"loc":{"start":{"line":129,"column":52},"end":{"line":129,"column":96}},"line":129},"19":{"name":"(anonymous_19)","decl":{"start":{"line":129,"column":53},"end":{"line":129,"column":89}},"loc":{"start":{"line":129,"column":53},"end":{"line":129,"column":96}},"line":129},"20":{"name":"(anonymous_20)","decl":{"start":{"line":134,"column":29},"end":{"line":134,"column":33}},"loc":{"start":{"line":134,"column":33},"end":{"line":134,"column":52}},"line":134},"21":{"name":"(anonymous_21)","decl":{"start":{"line":134,"column":52},"end":{"line":134,"column":53}},"loc":{"start":{"line":134,"column":52},"end":{"line":134,"column":105}},"line":134},"22":{"name":"(anonymous_22)","decl":{"start":{"line":134,"column":53},"end":{"line":134,"column":79}},"loc":{"start":{"line":134,"column":53},"end":{"line":134,"column":105}},"line":134},"23":{"name":"(anonymous_23)","decl":{"start":{"line":134,"column":105},"end":{"line":134,"column":null}},"loc":{"start":{"line":134,"column":105},"end":{"line":74,"column":38}},"line":134},"24":{"name":"(anonymous_24)","decl":{"start":{"line":74,"column":38},"end":{"line":74,"column":null}},"loc":{"start":{"line":74,"column":38},"end":{"line":98,"column":39}},"line":74},"25":{"name":"(anonymous_25)","decl":{"start":{"line":98,"column":39},"end":{"line":98,"column":null}},"loc":{"start":{"line":98,"column":39},"end":{"line":113,"column":40}},"line":98},"26":{"name":"(anonymous_26)","decl":{"start":{"line":145,"column":60},"end":{"line":145,"column":65}},"loc":{"start":{"line":145,"column":65},"end":{"line":164,"column":null}},"line":145},"27":{"name":"(anonymous_27)","decl":{"start":{"line":145,"column":65},"end":{"line":145,"column":null}},"loc":{"start":{"line":145,"column":65},"end":{"line":147,"column":null}},"line":145},"28":{"name":"(anonymous_28)","decl":{"start":{"line":147,"column":112},"end":{"line":147,"column":null}},"loc":{"start":{"line":147,"column":112},"end":{"line":164,"column":null}},"line":147},"29":{"name":"(anonymous_29)","decl":{"start":{"line":158,"column":21},"end":{"line":158,"column":25}},"loc":{"start":{"line":158,"column":25},"end":{"line":158,"column":41}},"line":158},"30":{"name":"(anonymous_30)","decl":{"start":{"line":158,"column":41},"end":{"line":158,"column":44}},"loc":{"start":{"line":158,"column":41},"end":{"line":162,"column":null}},"line":158},"31":{"name":"(anonymous_31)","decl":{"start":{"line":158,"column":44},"end":{"line":158,"column":null}},"loc":{"start":{"line":158,"column":44},"end":{"line":162,"column":null}},"line":158},"32":{"name":"(anonymous_32)","decl":{"start":{"line":160,"column":74},"end":{"line":160,"column":null}},"loc":{"start":{"line":161,"column":55},"end":{"line":161,"column":64}},"line":161},"33":{"name":"(anonymous_33)","decl":{"start":{"line":161,"column":64},"end":{"line":161,"column":null}},"loc":{"start":{"line":162,"column":56},"end":{"line":162,"column":72}},"line":162},"34":{"name":"(anonymous_34)","decl":{"start":{"line":162,"column":72},"end":{"line":162,"column":77}},"loc":{"start":{"line":162,"column":77},"end":{"line":162,"column":94}},"line":162},"35":{"name":"(anonymous_35)","decl":{"start":{"line":173,"column":56},"end":{"line":173,"column":66}},"loc":{"start":{"line":173,"column":66},"end":{"line":396,"column":1}},"line":173},"36":{"name":"(anonymous_36)","decl":{"start":{"line":189,"column":16},"end":{"line":189,"column":22}},"loc":{"start":{"line":189,"column":22},"end":{"line":202,"column":null}},"line":189},"37":{"name":"(anonymous_37)","decl":{"start":{"line":204,"column":31},"end":{"line":204,"column":43}},"loc":{"start":{"line":204,"column":43},"end":{"line":243,"column":null}},"line":204},"38":{"name":"(anonymous_38)","decl":{"start":{"line":245,"column":15},"end":{"line":245,"column":21}},"loc":{"start":{"line":245,"column":21},"end":{"line":249,"column":3}},"line":245},"39":{"name":"(anonymous_39)","decl":{"start":{"line":251,"column":28},"end":{"line":251,"column":29}},"loc":{"start":{"line":251,"column":46},"end":{"line":270,"column":null}},"line":251},"40":{"name":"(anonymous_40)","decl":{"start":{"line":262,"column":30},"end":{"line":262,"column":35}},"loc":{"start":{"line":262,"column":35},"end":{"line":262,"column":56}},"line":262},"41":{"name":"(anonymous_41)","decl":{"start":{"line":263,"column":31},"end":{"line":263,"column":36}},"loc":{"start":{"line":263,"column":36},"end":{"line":263,"column":74}},"line":263},"42":{"name":"(anonymous_42)","decl":{"start":{"line":272,"column":20},"end":{"line":272,"column":21}},"loc":{"start":{"line":272,"column":41},"end":{"line":281,"column":null}},"line":272},"43":{"name":"(anonymous_43)","decl":{"start":{"line":283,"column":25},"end":{"line":283,"column":49}},"loc":{"start":{"line":283,"column":49},"end":{"line":300,"column":null}},"line":283},"44":{"name":"(anonymous_44)","decl":{"start":{"line":292,"column":17},"end":{"line":292,"column":24}},"loc":{"start":{"line":292,"column":24},"end":{"line":298,"column":5}},"line":292},"45":{"name":"(anonymous_45)","decl":{"start":{"line":302,"column":23},"end":{"line":302,"column":35}},"loc":{"start":{"line":302,"column":35},"end":{"line":311,"column":null}},"line":302},"46":{"name":"(anonymous_46)","decl":{"start":{"line":314,"column":10},"end":{"line":314,"column":14}},"loc":{"start":{"line":314,"column":14},"end":{"line":314,"column":null}},"line":314},"47":{"name":"(anonymous_47)","decl":{"start":{"line":314,"column":28},"end":{"line":314,"column":null}},"loc":{"start":{"line":314,"column":28},"end":{"line":388,"column":null}},"line":314},"48":{"name":"(anonymous_48)","decl":{"start":{"line":315,"column":13},"end":{"line":315,"column":null}},"loc":{"start":{"line":315,"column":13},"end":{"line":388,"column":null}},"line":315},"49":{"name":"(anonymous_49)","decl":{"start":{"line":320,"column":21},"end":{"line":320,"column":25}},"loc":{"start":{"line":320,"column":25},"end":{"line":320,"column":null}},"line":320},"50":{"name":"(anonymous_50)","decl":{"start":{"line":320,"column":27},"end":{"line":320,"column":33}},"loc":{"start":{"line":320,"column":27},"end":{"line":320,"column":52}},"line":320},"51":{"name":"(anonymous_51)","decl":{"start":{"line":320,"column":75},"end":{"line":320,"column":null}},"loc":{"start":{"line":320,"column":75},"end":{"line":328,"column":null}},"line":320},"52":{"name":"(anonymous_52)","decl":{"start":{"line":326,"column":32},"end":{"line":326,"column":38}},"loc":{"start":{"line":326,"column":38},"end":{"line":326,"column":null}},"line":326},"53":{"name":"(anonymous_53)","decl":{"start":{"line":328,"column":22},"end":{"line":328,"column":26}},"loc":{"start":{"line":328,"column":26},"end":{"line":328,"column":null}},"line":328},"54":{"name":"(anonymous_54)","decl":{"start":{"line":328,"column":26},"end":{"line":328,"column":null}},"loc":{"start":{"line":328,"column":26},"end":{"line":333,"column":null}},"line":328},"55":{"name":"(anonymous_55)","decl":{"start":{"line":333,"column":23},"end":{"line":333,"column":64}},"loc":{"start":{"line":333,"column":16},"end":{"line":333,"column":78}},"line":333},"56":{"name":"(anonymous_56)","decl":{"start":{"line":333,"column":16},"end":{"line":333,"column":22}},"loc":{"start":{"line":333,"column":16},"end":{"line":333,"column":78}},"line":333},"57":{"name":"(anonymous_57)","decl":{"start":{"line":335,"column":21},"end":{"line":335,"column":25}},"loc":{"start":{"line":335,"column":25},"end":{"line":335,"column":null}},"line":335},"58":{"name":"(anonymous_58)","decl":{"start":{"line":335,"column":46},"end":{"line":335,"column":null}},"loc":{"start":{"line":335,"column":46},"end":{"line":338,"column":null}},"line":335},"59":{"name":"(anonymous_59)","decl":{"start":{"line":337,"column":33},"end":{"line":337,"column":45}},"loc":{"start":{"line":337,"column":45},"end":{"line":337,"column":null}},"line":337},"60":{"name":"(anonymous_60)","decl":{"start":{"line":338,"column":35},"end":{"line":338,"column":41}},"loc":{"start":{"line":338,"column":41},"end":{"line":338,"column":74}},"line":338},"61":{"name":"(anonymous_61)","decl":{"start":{"line":342,"column":22},"end":{"line":342,"column":26}},"loc":{"start":{"line":342,"column":26},"end":{"line":342,"column":null}},"line":342},"62":{"name":"(anonymous_62)","decl":{"start":{"line":342,"column":48},"end":{"line":342,"column":null}},"loc":{"start":{"line":342,"column":48},"end":{"line":347,"column":null}},"line":342},"63":{"name":"(anonymous_63)","decl":{"start":{"line":344,"column":20},"end":{"line":344,"column":26}},"loc":{"start":{"line":344,"column":26},"end":{"line":344,"column":42}},"line":344},"64":{"name":"(anonymous_64)","decl":{"start":{"line":344,"column":42},"end":{"line":344,"column":55}},"loc":{"start":{"line":344,"column":55},"end":{"line":344,"column":74}},"line":344},"65":{"name":"(anonymous_65)","decl":{"start":{"line":345,"column":20},"end":{"line":345,"column":27}},"loc":{"start":{"line":345,"column":27},"end":{"line":345,"column":40}},"line":345},"66":{"name":"(anonymous_66)","decl":{"start":{"line":345,"column":40},"end":{"line":345,"column":50}},"loc":{"start":{"line":345,"column":50},"end":{"line":345,"column":66}},"line":345},"67":{"name":"(anonymous_67)","decl":{"start":{"line":346,"column":20},"end":{"line":346,"column":31}},"loc":{"start":{"line":346,"column":31},"end":{"line":346,"column":48}},"line":346},"68":{"name":"(anonymous_68)","decl":{"start":{"line":346,"column":80},"end":{"line":346,"column":89}},"loc":{"start":{"line":346,"column":89},"end":{"line":346,"column":null}},"line":346},"69":{"name":"(anonymous_69)","decl":{"start":{"line":347,"column":38},"end":{"line":347,"column":44}},"loc":{"start":{"line":347,"column":44},"end":{"line":347,"column":64}},"line":347},"70":{"name":"(anonymous_70)","decl":{"start":{"line":351,"column":22},"end":{"line":351,"column":26}},"loc":{"start":{"line":351,"column":26},"end":{"line":351,"column":null}},"line":351},"71":{"name":"(anonymous_71)","decl":{"start":{"line":351,"column":50},"end":{"line":351,"column":null}},"loc":{"start":{"line":351,"column":50},"end":{"line":358,"column":null}},"line":351},"72":{"name":"(anonymous_72)","decl":{"start":{"line":353,"column":20},"end":{"line":353,"column":24}},"loc":{"start":{"line":353,"column":24},"end":{"line":353,"column":42}},"line":353},"73":{"name":"(anonymous_73)","decl":{"start":{"line":354,"column":20},"end":{"line":354,"column":31}},"loc":{"start":{"line":354,"column":31},"end":{"line":354,"column":51}},"line":354},"74":{"name":"(anonymous_74)","decl":{"start":{"line":355,"column":20},"end":{"line":355,"column":24}},"loc":{"start":{"line":355,"column":24},"end":{"line":355,"column":42}},"line":355},"75":{"name":"(anonymous_75)","decl":{"start":{"line":356,"column":20},"end":{"line":356,"column":24}},"loc":{"start":{"line":356,"column":24},"end":{"line":356,"column":42}},"line":356},"76":{"name":"(anonymous_76)","decl":{"start":{"line":357,"column":20},"end":{"line":357,"column":29}},"loc":{"start":{"line":357,"column":29},"end":{"line":357,"column":null}},"line":357},"77":{"name":"(anonymous_77)","decl":{"start":{"line":362,"column":21},"end":{"line":362,"column":25}},"loc":{"start":{"line":362,"column":25},"end":{"line":362,"column":50}},"line":362},"78":{"name":"(anonymous_78)","decl":{"start":{"line":362,"column":47},"end":{"line":362,"column":50}},"loc":{"start":{"line":362,"column":47},"end":{"line":362,"column":null}},"line":362},"79":{"name":"(anonymous_79)","decl":{"start":{"line":362,"column":62},"end":{"line":362,"column":66}},"loc":{"start":{"line":362,"column":66},"end":{"line":362,"column":null}},"line":362},"80":{"name":"(anonymous_80)","decl":{"start":{"line":363,"column":21},"end":{"line":363,"column":25}},"loc":{"start":{"line":363,"column":25},"end":{"line":363,"column":null}},"line":363},"81":{"name":"(anonymous_81)","decl":{"start":{"line":363,"column":49},"end":{"line":363,"column":null}},"loc":{"start":{"line":363,"column":49},"end":{"line":363,"column":null}},"line":363},"82":{"name":"(anonymous_82)","decl":{"start":{"line":367,"column":21},"end":{"line":367,"column":25}},"loc":{"start":{"line":367,"column":25},"end":{"line":367,"column":77}},"line":367},"83":{"name":"(anonymous_83)","decl":{"start":{"line":367,"column":46},"end":{"line":367,"column":77}},"loc":{"start":{"line":367,"column":46},"end":{"line":367,"column":null}},"line":367},"84":{"name":"(anonymous_84)","decl":{"start":{"line":368,"column":22},"end":{"line":368,"column":26}},"loc":{"start":{"line":368,"column":26},"end":{"line":368,"column":null}},"line":368},"85":{"name":"(anonymous_85)","decl":{"start":{"line":368,"column":48},"end":{"line":368,"column":null}},"loc":{"start":{"line":368,"column":48},"end":{"line":376,"column":null}},"line":368},"86":{"name":"(anonymous_86)","decl":{"start":{"line":369,"column":49},"end":{"line":369,"column":55}},"loc":{"start":{"line":369,"column":55},"end":{"line":369,"column":72}},"line":369},"87":{"name":"(anonymous_87)","decl":{"start":{"line":369,"column":72},"end":{"line":369,"column":null}},"loc":{"start":{"line":369,"column":72},"end":{"line":376,"column":null}},"line":369},"88":{"name":"(anonymous_88)","decl":{"start":{"line":370,"column":60},"end":{"line":370,"column":66}},"loc":{"start":{"line":370,"column":66},"end":{"line":376,"column":20}},"line":370},"89":{"name":"(anonymous_89)","decl":{"start":{"line":378,"column":22},"end":{"line":378,"column":26}},"loc":{"start":{"line":378,"column":26},"end":{"line":378,"column":null}},"line":378},"90":{"name":"(anonymous_90)","decl":{"start":{"line":378,"column":50},"end":{"line":378,"column":null}},"loc":{"start":{"line":378,"column":50},"end":{"line":380,"column":null}},"line":378},"91":{"name":"(anonymous_91)","decl":{"start":{"line":379,"column":49},"end":{"line":379,"column":55}},"loc":{"start":{"line":379,"column":55},"end":{"line":379,"column":110}},"line":379},"92":{"name":"(anonymous_92)","decl":{"start":{"line":379,"column":110},"end":{"line":379,"column":122}},"loc":{"start":{"line":379,"column":110},"end":{"line":379,"column":139}},"line":379},"93":{"name":"(anonymous_93)","decl":{"start":{"line":379,"column":139},"end":{"line":379,"column":null}},"loc":{"start":{"line":379,"column":139},"end":{"line":380,"column":null}},"line":379},"94":{"name":"(anonymous_94)","decl":{"start":{"line":381,"column":28},"end":{"line":381,"column":32}},"loc":{"start":{"line":381,"column":32},"end":{"line":381,"column":53}},"line":381},"95":{"name":"(anonymous_95)","decl":{"start":{"line":381,"column":61},"end":{"line":381,"column":null}},"loc":{"start":{"line":381,"column":61},"end":{"line":381,"column":null}},"line":381},"96":{"name":"(anonymous_96)","decl":{"start":{"line":386,"column":21},"end":{"line":386,"column":25}},"loc":{"start":{"line":386,"column":25},"end":{"line":386,"column":null}},"line":386},"97":{"name":"(anonymous_97)","decl":{"start":{"line":386,"column":47},"end":{"line":386,"column":null}},"loc":{"start":{"line":386,"column":47},"end":{"line":388,"column":null}},"line":386},"98":{"name":"(anonymous_98)","decl":{"start":{"line":387,"column":48},"end":{"line":387,"column":54}},"loc":{"start":{"line":387,"column":54},"end":{"line":387,"column":72}},"line":387},"99":{"name":"(anonymous_99)","decl":{"start":{"line":387,"column":72},"end":{"line":387,"column":null}},"loc":{"start":{"line":387,"column":72},"end":{"line":388,"column":null}},"line":387}},"branchMap":{"0":{"loc":{"start":{"line":76,"column":14},"end":{"line":80,"column":null}},"type":"if","locations":[{"start":{"line":76,"column":14},"end":{"line":80,"column":null}},{"start":{"line":78,"column":21},"end":{"line":80,"column":null}}],"line":76},"1":{"loc":{"start":{"line":193,"column":21},"end":{"line":193,"column":47}},"type":"binary-expr","locations":[{"start":{"line":193,"column":21},"end":{"line":193,"column":45}},{"start":{"line":193,"column":45},"end":{"line":193,"column":47}}],"line":193},"2":{"loc":{"start":{"line":210,"column":4},"end":{"line":213,"column":null}},"type":"if","locations":[{"start":{"line":210,"column":4},"end":{"line":213,"column":null}},{"start":{},"end":{}}],"line":210},"3":{"loc":{"start":{"line":210,"column":8},"end":{"line":210,"column":31}},"type":"binary-expr","locations":[{"start":{"line":210,"column":8},"end":{"line":210,"column":17}},{"start":{"line":210,"column":17},"end":{"line":210,"column":31}}],"line":210},"4":{"loc":{"start":{"line":223,"column":6},"end":{"line":227,"column":null}},"type":"if","locations":[{"start":{"line":223,"column":6},"end":{"line":227,"column":null}},{"start":{},"end":{}}],"line":223},"5":{"loc":{"start":{"line":225,"column":17},"end":{"line":225,"column":54}},"type":"binary-expr","locations":[{"start":{"line":225,"column":17},"end":{"line":225,"column":30}},{"start":{"line":225,"column":30},"end":{"line":225,"column":54}}],"line":225},"6":{"loc":{"start":{"line":246,"column":4},"end":{"line":248,"column":null}},"type":"if","locations":[{"start":{"line":246,"column":4},"end":{"line":248,"column":null}},{"start":{},"end":{}}],"line":246},"7":{"loc":{"start":{"line":254,"column":6},"end":{"line":257,"column":null}},"type":"if","locations":[{"start":{"line":254,"column":6},"end":{"line":257,"column":null}},{"start":{},"end":{}}],"line":254},"8":{"loc":{"start":{"line":262,"column":20},"end":{"line":262,"column":68}},"type":"binary-expr","locations":[{"start":{"line":262,"column":20},"end":{"line":262,"column":61}},{"start":{"line":262,"column":61},"end":{"line":262,"column":68}}],"line":262},"9":{"loc":{"start":{"line":263,"column":21},"end":{"line":263,"column":111}},"type":"binary-expr","locations":[{"start":{"line":263,"column":21},"end":{"line":263,"column":80}},{"start":{"line":263,"column":80},"end":{"line":263,"column":111}}],"line":263},"10":{"loc":{"start":{"line":263,"column":80},"end":{"line":263,"column":111}},"type":"cond-expr","locations":[{"start":{"line":263,"column":98},"end":{"line":263,"column":108}},{"start":{"line":263,"column":108},"end":{"line":263,"column":111}}],"line":263},"11":{"loc":{"start":{"line":273,"column":4},"end":{"line":273,"column":null}},"type":"if","locations":[{"start":{"line":273,"column":4},"end":{"line":273,"column":null}},{"start":{},"end":{}}],"line":273},"12":{"loc":{"start":{"line":275,"column":4},"end":{"line":275,"column":null}},"type":"if","locations":[{"start":{"line":275,"column":4},"end":{"line":275,"column":null}},{"start":{},"end":{}}],"line":275},"13":{"loc":{"start":{"line":277,"column":4},"end":{"line":279,"column":null}},"type":"if","locations":[{"start":{"line":277,"column":4},"end":{"line":279,"column":null}},{"start":{},"end":{}}],"line":277},"14":{"loc":{"start":{"line":289,"column":4},"end":{"line":289,"column":null}},"type":"if","locations":[{"start":{"line":289,"column":4},"end":{"line":289,"column":null}},{"start":{},"end":{}}],"line":289},"15":{"loc":{"start":{"line":289,"column":8},"end":{"line":289,"column":41}},"type":"binary-expr","locations":[{"start":{"line":289,"column":8},"end":{"line":289,"column":20}},{"start":{"line":289,"column":20},"end":{"line":289,"column":32}},{"start":{"line":289,"column":32},"end":{"line":289,"column":41}}],"line":289},"16":{"loc":{"start":{"line":295,"column":6},"end":{"line":297,"column":null}},"type":"if","locations":[{"start":{"line":295,"column":6},"end":{"line":297,"column":null}},{"start":{},"end":{}}],"line":295},"17":{"loc":{"start":{"line":295,"column":10},"end":{"line":295,"column":33}},"type":"binary-expr","locations":[{"start":{"line":295,"column":10},"end":{"line":295,"column":18}},{"start":{"line":295,"column":18},"end":{"line":295,"column":33}}],"line":295},"18":{"loc":{"start":{"line":320,"column":25},"end":{"line":320,"column":75}},"type":"binary-expr","locations":[{"start":{"line":320,"column":25},"end":{"line":320,"column":56}},{"start":{"line":320,"column":56},"end":{"line":320,"column":75}}],"line":320},"19":{"loc":{"start":{"line":333,"column":16},"end":{"line":333,"column":78}},"type":"binary-expr","locations":[{"start":{"line":333,"column":16},"end":{"line":333,"column":22}},{"start":{"line":333,"column":16},"end":{"line":333,"column":78}}],"line":333},"20":{"loc":{"start":{"line":371,"column":21},"end":{"line":375,"column":null}},"type":"if","locations":[{"start":{"line":371,"column":21},"end":{"line":375,"column":null}},{"start":{"line":373,"column":28},"end":{"line":375,"column":null}}],"line":371},"21":{"loc":{"start":{"line":371,"column":25},"end":{"line":371,"column":75}},"type":"binary-expr","locations":[{"start":{"line":371,"column":25},"end":{"line":371,"column":44}},{"start":{"line":371,"column":44},"end":{"line":371,"column":60}},{"start":{"line":371,"column":60},"end":{"line":371,"column":75}}],"line":371},"22":{"loc":{"start":{"line":379,"column":63},"end":{"line":379,"column":109}},"type":"cond-expr","locations":[{"start":{"line":379,"column":89},"end":{"line":379,"column":101}},{"start":{"line":379,"column":101},"end":{"line":379,"column":109}}],"line":379},"23":{"loc":{"start":{"line":398,"column":30},"end":{"line":398,"column":null}},"type":"if","locations":[{"start":{"line":398,"column":30},"end":{"line":398,"column":null}},{"start":{},"end":{}}],"line":398}},"s":{"0":1,"1":1,"2":1,"3":1,"4":1,"5":1,"6":1,"7":0,"8":0,"9":0,"10":0,"11":0,"12":0,"13":0,"14":0,"15":0,"16":0,"17":0,"18":0,"19":0,"20":0,"21":0,"22":0,"23":0,"24":0,"25":0,"26":0,"27":0,"28":0,"29":0,"30":0,"31":0,"32":0,"33":0,"34":0,"35":0,"36":0,"37":0,"38":0,"39":0,"40":0,"41":0,"42":0,"43":0,"44":0,"45":0,"46":0,"47":0,"48":0,"49":0,"50":0,"51":0,"52":0,"53":0,"54":0,"55":0,"56":0,"57":0,"58":0,"59":0,"60":1,"61":0,"62":0,"63":0,"64":0,"65":0,"66":0,"67":0,"68":0,"69":0,"70":0,"71":0,"72":0,"73":0,"74":0,"75":0,"76":0,"77":0,"78":0,"79":0,"80":1,"81":2,"82":2,"83":2,"84":2,"85":2,"86":2,"87":2,"88":2,"89":2,"90":2,"91":2,"92":2,"93":2,"94":1,"95":1,"96":1,"97":1,"98":1,"99":1,"100":1,"101":1,"102":1,"103":1,"104":1,"105":1,"106":2,"107":0,"108":0,"109":0,"110":0,"111":0,"112":0,"113":0,"114":0,"115":0,"116":0,"117":0,"118":0,"119":0,"120":0,"121":0,"122":0,"123":0,"124":0,"125":0,"126":0,"127":0,"128":0,"129":0,"130":0,"131":0,"132":2,"133":2,"134":1,"135":2,"136":0,"137":0,"138":0,"139":0,"140":0,"141":0,"142":0,"143":0,"144":0,"145":0,"146":0,"147":0,"148":0,"149":0,"150":0,"151":2,"152":0,"153":0,"154":0,"155":0,"156":0,"157":0,"158":0,"159":0,"160":0,"161":2,"162":0,"163":0,"164":0,"165":0,"166":0,"167":0,"168":0,"169":0,"170":0,"171":0,"172":0,"173":0,"174":0,"175":2,"176":0,"177":0,"178":0,"179":0,"180":0,"181":0,"182":2,"183":2,"184":1,"185":1,"186":1,"187":1,"188":1,"189":1,"190":1,"191":0,"192":1,"193":1,"194":1,"195":1,"196":1,"197":0,"198":0,"199":0,"200":1,"201":1,"202":1,"203":0,"204":0,"205":1,"206":1,"207":0,"208":0,"209":0,"210":0,"211":0,"212":0,"213":0,"214":0,"215":1,"216":1,"217":0,"218":0,"219":0,"220":0,"221":0,"222":0,"223":1,"224":1,"225":0,"226":0,"227":1,"228":1,"229":0,"230":1,"231":1,"232":1,"233":1,"234":1,"235":1,"236":1,"237":0,"238":0,"239":0,"240":0,"241":0,"242":0,"243":0,"244":0,"245":0,"246":0,"247":1,"248":1,"249":0,"250":0,"251":0,"252":0,"253":0,"254":0,"255":0,"256":0,"257":0,"258":0,"259":0,"260":0,"261":0,"262":0,"263":1,"264":1,"265":0,"266":0,"267":0,"268":0,"269":0,"270":0,"271":1,"272":1},"f":{"0":1,"1":1,"2":0,"3":0,"4":0,"5":0,"6":0,"7":0,"8":0,"9":0,"10":0,"11":0,"12":0,"13":0,"14":0,"15":0,"16":0,"17":0,"18":0,"19":0,"20":0,"21":0,"22":0,"23":0,"24":0,"25":0,"26":0,"27":0,"28":0,"29":0,"30":0,"31":0,"32":0,"33":0,"34":0,"35":2,"36":1,"37":0,"38":2,"39":0,"40":0,"41":0,"42":0,"43":0,"44":0,"45":0,"46":2,"47":1,"48":1,"49":1,"50":1,"51":1,"52":0,"53":1,"54":2,"55":1,"56":0,"57":1,"58":1,"59":0,"60":0,"61":1,"62":0,"63":0,"64":0,"65":0,"66":0,"67":0,"68":0,"69":0,"70":1,"71":0,"72":0,"73":0,"74":0,"75":0,"76":0,"77":1,"78":0,"79":0,"80":1,"81":0,"82":1,"83":1,"84":1,"85":0,"86":0,"87":0,"88":0,"89":1,"90":0,"91":0,"92":0,"93":0,"94":0,"95":0,"96":1,"97":0,"98":0,"99":0},"b":{"0":[0,0],"1":[1,1],"2":[0,0],"3":[0,0],"4":[0,0],"5":[0,0],"6":[1,1],"7":[0,0],"8":[0,0],"9":[0,0],"10":[0,0],"11":[0,0],"12":[0,0],"13":[0,0],"14":[0,0],"15":[0,0,0],"16":[0,0],"17":[0,0],"18":[1,1],"19":[1,0],"20":[0,0],"21":[0,0,0],"22":[0,0],"23":[1,0]},"meta":{"lastBranch":24,"lastFunction":100,"lastStatement":273,"seen":{"s:32:6:53:Infinity":0,"f:32:122:32:127":0,"s:32:122:49:Infinity":1,"f:32:127:32:Infinity":1,"s:32:127:32:Infinity":2,"s:32:127:36:Infinity":3,"s:36:33:49:Infinity":4,"s:49:36:49:Infinity":5,"s:55:6:141:Infinity":6,"f:66:6:66:11":2,"s:66:6:113:Infinity":7,"f:66:11:66:Infinity":3,"s:66:11:66:Infinity":8,"s:66:11:81:Infinity":9,"f:75:23:75:29":4,"b:76:14:80:Infinity:78:21:80:Infinity":0,"s:76:14:80:Infinity":10,"s:77:16:77:Infinity":11,"s:79:16:79:Infinity":12,"s:81:13:86:Infinity":13,"f:84:17:84:21":5,"s:84:21:84:35":14,"f:84:39:84:44":6,"s:84:39:85:43":15,"f:84:44:84:Infinity":7,"s:84:44:84:Infinity":16,"s:84:44:85:Infinity":17,"s:85:43:85:53":18,"s:85:53:85:43":19,"f:85:53:85:Infinity":8,"s:85:53:85:40":20,"s:85:40:85:43":21,"s:86:13:99:Infinity":22,"f:99:27:99:33":9,"s:99:33:99:75":23,"s:99:75:103:Infinity":24,"f:101:21:101:25":10,"s:101:25:101:40":25,"f:101:44:101:50":11,"s:101:44:102:Infinity":26,"f:101:50:101:Infinity":12,"s:101:50:101:Infinity":27,"s:101:50:102:41":28,"s:102:41:102:Infinity":29,"s:102:50:102:Infinity":30,"s:103:17:114:Infinity":31,"f:114:27:114:33":13,"s:114:33:114:76":32,"s:114:76:118:Infinity":33,"f:116:21:116:25":14,"s:116:25:116:40":34,"f:116:44:116:50":15,"s:116:44:117:Infinity":35,"f:116:50:116:Infinity":16,"s:116:50:116:Infinity":36,"s:116:50:117:41":37,"s:117:41:117:Infinity":38,"s:117:50:117:Infinity":39,"s:118:17:129:Infinity":40,"f:129:29:129:33":17,"s:129:33:129:48":41,"f:129:52:129:53":18,"s:129:52:129:96":42,"f:129:53:129:89":19,"s:129:53:129:89":43,"s:129:53:129:96":44,"s:129:90:129:96":45,"s:129:96:134:Infinity":46,"f:134:29:134:33":20,"s:134:33:134:48":47,"f:134:52:134:53":21,"s:134:52:134:105":48,"f:134:53:134:79":22,"s:134:53:134:79":49,"s:134:53:134:105":50,"s:134:79:134:99":51,"s:134:99:134:105":52,"s:134:105:74:Infinity":53,"f:134:105:134:Infinity":23,"s:134:105:74:38":54,"s:74:38:98:Infinity":55,"f:74:38:74:Infinity":24,"s:74:38:98:39":56,"s:98:39:113:Infinity":57,"f:98:39:98:Infinity":25,"s:98:39:113:40":58,"s:113:40:113:Infinity":59,"s:145:6:169:Infinity":60,"f:145:60:145:65":26,"s:145:65:164:Infinity":61,"f:145:65:145:Infinity":27,"s:145:65:145:Infinity":62,"s:145:65:147:Infinity":63,"s:147:95:147:112":64,"s:147:112:147:Infinity":65,"f:147:112:147:Infinity":28,"s:147:112:164:Infinity":66,"f:158:21:158:25":29,"s:158:25:158:37":67,"f:158:41:158:44":30,"s:158:41:162:Infinity":68,"f:158:44:158:Infinity":31,"s:158:44:158:Infinity":69,"s:158:44:160:Infinity":70,"s:160:45:160:74":71,"s:160:74:161:Infinity":72,"f:160:74:160:Infinity":32,"s:161:55:161:64":73,"s:161:64:162:77":74,"f:161:64:161:Infinity":33,"s:162:56:162:72":75,"s:162:72:162:Infinity":76,"f:162:72:162:77":34,"s:162:77:162:94":77,"s:162:94:162:Infinity":78,"s:164:17:164:Infinity":79,"s:173:6:396:Infinity":80,"f:173:56:173:66":35,"s:174:22:174:Infinity":81,"s:175:28:175:Infinity":82,"s:176:28:176:Infinity":83,"s:178:40:178:Infinity":84,"s:179:34:179:Infinity":85,"s:180:36:180:Infinity":86,"s:182:24:182:Infinity":87,"s:183:38:183:Infinity":88,"s:184:42:184:Infinity":89,"s:185:38:185:Infinity":90,"s:186:38:186:Infinity":91,"s:187:44:187:Infinity":92,"s:189:16:202:Infinity":93,"f:189:16:189:22":36,"s:190:4:190:Infinity":94,"s:191:4:191:Infinity":95,"s:192:4:192:Infinity":96,"s:193:4:193:Infinity":97,"b:193:21:193:45:193:45:193:47":1,"s:194:4:194:Infinity":98,"s:195:4:195:Infinity":99,"s:196:4:196:Infinity":100,"s:197:4:197:Infinity":101,"s:198:4:198:Infinity":102,"s:199:4:199:Infinity":103,"s:200:4:200:Infinity":104,"s:201:4:201:Infinity":105,"s:204:31:243:Infinity":106,"f:204:31:204:43":37,"s:205:17:205:Infinity":107,"s:206:24:206:Infinity":108,"s:207:17:207:Infinity":109,"s:208:17:208:Infinity":110,"b:210:4:213:Infinity:undefined:undefined:undefined:undefined":2,"s:210:4:213:Infinity":111,"b:210:8:210:17:210:17:210:31":3,"s:211:6:211:Infinity":112,"s:212:6:212:Infinity":113,"s:215:4:215:Infinity":114,"s:216:4:242:Infinity":115,"s:217:18:221:Infinity":116,"b:223:6:227:Infinity:undefined:undefined:undefined:undefined":4,"s:223:6:227:Infinity":117,"s:224:20:224:Infinity":118,"s:225:8:225:Infinity":119,"b:225:17:225:30:225:30:225:54":5,"s:226:8:226:Infinity":120,"s:229:23:229:Infinity":121,"s:230:6:230:Infinity":122,"s:231:6:231:Infinity":123,"s:232:6:232:Infinity":124,"s:233:6:233:Infinity":125,"s:234:6:234:Infinity":126,"s:235:6:235:Infinity":127,"s:236:6:236:Infinity":128,"s:237:6:237:Infinity":129,"s:239:6:239:Infinity":130,"s:241:6:241:Infinity":131,"s:245:2:249:Infinity":132,"f:245:15:245:21":38,"b:246:4:248:Infinity:undefined:undefined:undefined:undefined":6,"s:246:4:248:Infinity":133,"s:247:6:247:Infinity":134,"s:251:28:270:Infinity":135,"f:251:28:251:29":39,"s:252:4:269:Infinity":136,"s:253:12:253:Infinity":137,"b:254:6:257:Infinity:undefined:undefined:undefined:undefined":7,"s:254:6:257:Infinity":138,"s:255:8:255:Infinity":139,"s:256:8:256:Infinity":140,"s:258:19:258:Infinity":141,"s:259:6:259:Infinity":142,"s:260:6:260:Infinity":143,"s:262:6:262:Infinity":144,"b:262:20:262:61:262:61:262:68":8,"f:262:30:262:35":40,"s:262:35:262:56":145,"s:263:6:263:Infinity":146,"b:263:21:263:80:263:80:263:111":9,"f:263:31:263:36":41,"s:263:36:263:74":147,"b:263:98:263:108:263:108:263:111":10,"s:265:6:265:Infinity":148,"s:266:6:266:Infinity":149,"s:268:6:268:Infinity":150,"s:272:20:281:Infinity":151,"f:272:20:272:21":42,"b:273:4:273:Infinity:undefined:undefined:undefined:undefined":11,"s:273:4:273:Infinity":152,"s:273:19:273:31":153,"s:274:17:274:Infinity":154,"b:275:4:275:Infinity:undefined:undefined:undefined:undefined":12,"s:275:4:275:Infinity":155,"s:275:33:275:45":156,"s:276:20:276:Infinity":157,"b:277:4:279:Infinity:undefined:undefined:undefined:undefined":13,"s:277:4:279:Infinity":158,"s:278:6:278:Infinity":159,"s:280:4:280:Infinity":160,"s:283:25:300:Infinity":161,"f:283:25:283:49":43,"s:284:17:284:Infinity":162,"s:285:20:285:Infinity":163,"s:286:20:286:Infinity":164,"s:287:19:287:Infinity":165,"b:289:4:289:Infinity:undefined:undefined:undefined:undefined":14,"s:289:4:289:Infinity":166,"b:289:8:289:20:289:20:289:32:289:32:289:41":15,"s:289:42:289:52":167,"s:291:37:291:Infinity":168,"s:292:4:298:Infinity":169,"f:292:17:292:24":44,"s:293:19:293:Infinity":170,"s:294:12:294:Infinity":171,"b:295:6:297:Infinity:undefined:undefined:undefined:undefined":16,"s:295:6:297:Infinity":172,"b:295:10:295:18:295:18:295:33":17,"s:296:8:296:Infinity":173,"s:299:4:299:Infinity":174,"s:302:23:311:Infinity":175,"f:302:23:302:35":45,"s:303:4:303:Infinity":176,"s:304:4:310:Infinity":177,"s:305:6:305:Infinity":178,"s:306:6:306:Infinity":179,"s:308:6:308:Infinity":180,"s:309:6:309:Infinity":181,"s:313:2:388:Infinity":182,"f:314:10:314:14":46,"s:314:14:314:28":183,"f:314:28:314:Infinity":47,"s:314:28:388:Infinity":184,"f:315:13:315:Infinity":48,"s:315:13:315:Infinity":185,"s:315:13:328:Infinity":186,"f:320:21:320:25":49,"s:320:25:320:75":187,"b:320:25:320:56:320:56:320:75":18,"f:320:27:320:33":50,"s:320:27:320:52":188,"f:320:75:320:Infinity":51,"s:320:75:320:Infinity":189,"s:320:75:328:Infinity":190,"f:326:32:326:38":52,"s:326:38:326:Infinity":191,"f:328:22:328:26":53,"s:328:26:328:Infinity":192,"s:328:26:333:Infinity":193,"f:328:26:328:Infinity":54,"s:328:26:333:64":194,"s:328:26:333:23":195,"s:333:23:333:78":196,"f:333:23:333:64":55,"s:333:16:333:78":197,"b:333:16:333:22:333:16:333:78":19,"f:333:16:333:22":56,"s:333:16:333:22":198,"s:333:69:333:78":199,"s:333:78:338:Infinity":200,"f:335:21:335:25":57,"s:335:25:335:46":201,"f:335:46:335:Infinity":58,"s:335:46:338:Infinity":202,"f:337:33:337:45":59,"s:337:45:337:Infinity":203,"f:338:35:338:41":60,"s:338:41:338:74":204,"s:338:74:347:Infinity":205,"f:342:22:342:26":61,"s:342:26:342:48":206,"f:342:48:342:Infinity":62,"s:342:48:347:Infinity":207,"f:344:20:344:26":63,"s:344:26:344:40":208,"f:344:42:344:55":64,"s:344:55:344:72":209,"f:345:20:345:27":65,"s:345:27:345:38":210,"f:345:40:345:50":66,"s:345:50:345:64":211,"f:346:20:346:31":67,"s:346:31:346:46":212,"f:346:80:346:89":68,"s:346:89:346:103":213,"f:347:38:347:44":69,"s:347:44:347:64":214,"s:347:64:358:Infinity":215,"f:351:22:351:26":70,"s:351:26:351:50":216,"f:351:50:351:Infinity":71,"s:351:50:358:Infinity":217,"f:353:20:353:24":72,"s:353:24:353:40":218,"f:354:20:354:31":73,"s:354:31:354:49":219,"f:355:20:355:24":74,"s:355:24:355:40":220,"f:356:20:356:24":75,"s:356:24:356:40":221,"f:357:20:357:29":76,"s:357:29:357:48":222,"s:358:33:362:Infinity":223,"f:362:21:362:25":77,"s:362:25:362:47":224,"f:362:47:362:50":78,"s:362:47:362:Infinity":225,"f:362:62:362:66":79,"s:362:66:362:84":226,"s:362:84:363:Infinity":227,"f:363:21:363:25":80,"s:363:25:363:49":228,"f:363:49:363:Infinity":81,"s:363:49:363:Infinity":229,"s:363:49:367:Infinity":230,"f:367:21:367:25":82,"s:367:25:367:46":231,"f:367:46:367:77":83,"s:367:46:367:77":232,"s:367:46:367:Infinity":233,"s:367:90:367:Infinity":234,"s:367:90:376:Infinity":235,"f:368:22:368:26":84,"s:368:26:368:48":236,"f:368:48:368:Infinity":85,"s:368:48:376:Infinity":237,"s:368:48:368:Infinity":238,"s:368:48:369:72":239,"f:369:49:369:55":86,"s:369:55:369:72":240,"s:369:72:369:Infinity":241,"f:369:72:369:Infinity":87,"s:369:72:376:20":242,"f:370:60:370:66":88,"b:371:21:375:Infinity:373:28:375:Infinity":20,"s:371:21:375:Infinity":243,"b:371:25:371:44:371:44:371:60:371:60:371:75":21,"s:372:23:372:Infinity":244,"s:374:23:374:Infinity":245,"s:376:20:376:Infinity":246,"s:376:20:380:Infinity":247,"f:378:22:378:26":89,"s:378:26:378:50":248,"f:378:50:378:Infinity":90,"s:378:50:380:Infinity":249,"s:378:50:378:Infinity":250,"s:378:50:379:110":251,"f:379:49:379:55":91,"s:379:55:379:110":252,"b:379:89:379:101:379:101:379:109":22,"s:379:110:379:Infinity":253,"f:379:110:379:122":92,"s:379:110:379:139":254,"s:379:139:379:Infinity":255,"f:379:139:379:Infinity":93,"s:379:139:380:81":256,"s:380:81:381:Infinity":257,"f:381:28:381:32":94,"s:381:32:381:51":258,"f:381:61:381:Infinity":95,"s:381:61:381:Infinity":259,"s:381:61:380:Infinity":260,"s:381:61:380:110":261,"s:380:110:380:Infinity":262,"s:380:110:388:Infinity":263,"f:386:21:386:25":96,"s:386:25:386:47":264,"f:386:47:386:Infinity":97,"s:386:47:388:Infinity":265,"s:386:47:386:Infinity":266,"s:386:47:387:72":267,"f:387:48:387:54":98,"s:387:54:387:72":268,"s:387:72:387:Infinity":269,"f:387:72:387:Infinity":99,"s:387:72:388:72":270,"s:388:72:388:Infinity":271,"b:398:30:398:Infinity:undefined:undefined:undefined:undefined":23,"s:398:30:398:Infinity":272}}}
,"/home/cda/dev/playground/energy.consumption/src/components/EmptyState.tsx": {"path":"/home/cda/dev/playground/energy.consumption/src/components/EmptyState.tsx","statementMap":{"0":{"start":{"line":17,"column":6},"end":{"line":75,"column":null}},"1":{"start":{"line":18,"column":17},"end":{"line":18,"column":null}},"2":{"start":{"line":20,"column":21},"end":{"line":44,"column":null}},"3":{"start":{"line":21,"column":4},"end":{"line":28,"column":null}},"4":{"start":{"line":22,"column":6},"end":{"line":27,"column":null}},"5":{"start":{"line":29,"column":4},"end":{"line":36,"column":null}},"6":{"start":{"line":30,"column":6},"end":{"line":35,"column":null}},"7":{"start":{"line":38,"column":4},"end":{"line":43,"column":null}},"8":{"start":{"line":46,"column":18},"end":{"line":46,"column":null}},"9":{"start":{"line":48,"column":2},"end":{"line":58,"column":85}},"10":{"start":{"line":48,"column":2},"end":{"line":48,"column":null}},"11":{"start":{"line":48,"column":2},"end":{"line":56,"column":null}},"12":{"start":{"line":52,"column":11},"end":{"line":52,"column":null}},"13":{"start":{"line":56,"column":11},"end":{"line":58,"column":null}},"14":{"start":{"line":58,"column":85},"end":{"line":58,"column":96}},"15":{"start":{"line":58,"column":96},"end":{"line":59,"column":null}},"16":{"start":{"line":59,"column":65},"end":{"line":59,"column":82}},"17":{"start":{"line":59,"column":82},"end":{"line":71,"column":null}},"18":{"start":{"line":59,"column":82},"end":{"line":61,"column":null}},"19":{"start":{"line":59,"column":82},"end":{"line":61,"column":26}},"20":{"start":{"line":61,"column":26},"end":{"line":67,"column":null}},"21":{"start":{"line":61,"column":9},"end":{"line":67,"column":null}},"22":{"start":{"line":63,"column":19},"end":{"line":63,"column":37}},"23":{"start":{"line":63,"column":37},"end":{"line":63,"column":101}},"24":{"start":{"line":63,"column":101},"end":{"line":64,"column":32}},"25":{"start":{"line":64,"column":32},"end":{"line":64,"column":null}},"26":{"start":{"line":64,"column":32},"end":{"line":67,"column":52}},"27":{"start":{"line":67,"column":43},"end":{"line":68,"column":null}},"28":{"start":{"line":68,"column":15},"end":{"line":68,"column":32}},"29":{"start":{"line":68,"column":32},"end":{"line":67,"column":null}},"30":{"start":{"line":67,"column":107},"end":{"line":67,"column":null}},"31":{"start":{"line":71,"column":9},"end":{"line":58,"column":85}},"32":{"start":{"line":49,"column":16},"end":{"line":49,"column":148}},"33":{"start":{"line":51,"column":20},"end":{"line":51,"column":59}},"34":{"start":{"line":58,"column":19},"end":{"line":58,"column":82}},"35":{"start":{"line":58,"column":82},"end":{"line":58,"column":85}},"36":{"start":{"line":77,"column":26},"end":{"line":77,"column":null}}},"fnMap":{"0":{"name":"(anonymous_0)","decl":{"start":{"line":17,"column":48},"end":{"line":17,"column":58}},"loc":{"start":{"line":17,"column":58},"end":{"line":75,"column":1}},"line":17},"1":{"name":"(anonymous_1)","decl":{"start":{"line":20,"column":21},"end":{"line":20,"column":27}},"loc":{"start":{"line":20,"column":27},"end":{"line":44,"column":null}},"line":20},"2":{"name":"(anonymous_2)","decl":{"start":{"line":48,"column":2},"end":{"line":48,"column":null}},"loc":{"start":{"line":48,"column":2},"end":{"line":58,"column":85}},"line":48},"3":{"name":"(anonymous_3)","decl":{"start":{"line":56,"column":11},"end":{"line":56,"column":null}},"loc":{"start":{"line":58,"column":85},"end":{"line":58,"column":96}},"line":58},"4":{"name":"(anonymous_4)","decl":{"start":{"line":58,"column":96},"end":{"line":58,"column":null}},"loc":{"start":{"line":59,"column":65},"end":{"line":59,"column":82}},"line":59},"5":{"name":"(anonymous_5)","decl":{"start":{"line":59,"column":82},"end":{"line":59,"column":null}},"loc":{"start":{"line":59,"column":82},"end":{"line":71,"column":null}},"line":59},"6":{"name":"(anonymous_6)","decl":{"start":{"line":61,"column":26},"end":{"line":61,"column":null}},"loc":{"start":{"line":61,"column":9},"end":{"line":67,"column":null}},"line":61},"7":{"name":"(anonymous_7)","decl":{"start":{"line":63,"column":15},"end":{"line":63,"column":19}},"loc":{"start":{"line":63,"column":19},"end":{"line":63,"column":46}},"line":63},"8":{"name":"(anonymous_8)","decl":{"start":{"line":63,"column":37},"end":{"line":63,"column":46}},"loc":{"start":{"line":63,"column":37},"end":{"line":63,"column":null}},"line":63},"9":{"name":"(anonymous_9)","decl":{"start":{"line":63,"column":101},"end":{"line":63,"column":null}},"loc":{"start":{"line":63,"column":101},"end":{"line":64,"column":null}},"line":63},"10":{"name":"(anonymous_10)","decl":{"start":{"line":64,"column":32},"end":{"line":64,"column":null}},"loc":{"start":{"line":64,"column":32},"end":{"line":67,"column":null}},"line":64},"11":{"name":"(anonymous_11)","decl":{"start":{"line":67,"column":43},"end":{"line":67,"column":52}},"loc":{"start":{"line":68,"column":15},"end":{"line":68,"column":32}},"line":68},"12":{"name":"(anonymous_12)","decl":{"start":{"line":68,"column":32},"end":{"line":68,"column":null}},"loc":{"start":{"line":68,"column":32},"end":{"line":67,"column":null}},"line":68},"13":{"name":"(anonymous_13)","decl":{"start":{"line":71,"column":9},"end":{"line":71,"column":null}},"loc":{"start":{"line":71,"column":9},"end":{"line":58,"column":85}},"line":71}},"branchMap":{"0":{"loc":{"start":{"line":18,"column":17},"end":{"line":18,"column":null}},"type":"binary-expr","locations":[{"start":{"line":18,"column":17},"end":{"line":18,"column":38}},{"start":{"line":18,"column":38},"end":{"line":18,"column":null}}],"line":18},"1":{"loc":{"start":{"line":21,"column":4},"end":{"line":28,"column":null}},"type":"if","locations":[{"start":{"line":21,"column":4},"end":{"line":28,"column":null}},{"start":{},"end":{}}],"line":21},"2":{"loc":{"start":{"line":29,"column":4},"end":{"line":36,"column":null}},"type":"if","locations":[{"start":{"line":29,"column":4},"end":{"line":36,"column":null}},{"start":{},"end":{}}],"line":29},"3":{"loc":{"start":{"line":52,"column":11},"end":{"line":52,"column":null}},"type":"binary-expr","locations":[{"start":{"line":52,"column":11},"end":{"line":52,"column":21}},{"start":{"line":52,"column":21},"end":{"line":52,"column":null}}],"line":52},"4":{"loc":{"start":{"line":61,"column":9},"end":{"line":67,"column":null}},"type":"binary-expr","locations":[{"start":{"line":61,"column":9},"end":{"line":61,"column":15}},{"start":{"line":62,"column":10},"end":{"line":67,"column":null}}],"line":61},"5":{"loc":{"start":{"line":62,"column":10},"end":{"line":67,"column":null}},"type":"cond-expr","locations":[{"start":{"line":62,"column":16},"end":{"line":64,"column":null}},{"start":{"line":64,"column":32},"end":{"line":67,"column":null}}],"line":62},"6":{"loc":{"start":{"line":49,"column":115},"end":{"line":49,"column":146}},"type":"cond-expr","locations":[{"start":{"line":49,"column":131},"end":{"line":49,"column":139}},{"start":{"line":49,"column":139},"end":{"line":49,"column":146}}],"line":49},"7":{"loc":{"start":{"line":58,"column":82},"end":{"line":58,"column":85}},"type":"binary-expr","locations":[{"start":{"line":58,"column":82},"end":{"line":58,"column":85}},{"start":{"line":58,"column":82},"end":{"line":58,"column":85}}],"line":58},"8":{"loc":{"start":{"line":77,"column":26},"end":{"line":77,"column":null}},"type":"if","locations":[{"start":{"line":77,"column":26},"end":{"line":77,"column":null}},{"start":{},"end":{}}],"line":77}},"s":{"0":2,"1":2,"2":2,"3":2,"4":0,"5":2,"6":0,"7":2,"8":2,"9":2,"10":2,"11":2,"12":2,"13":2,"14":2,"15":2,"16":2,"17":2,"18":2,"19":2,"20":2,"21":2,"22":1,"23":2,"24":1,"25":1,"26":1,"27":1,"28":1,"29":1,"30":1,"31":2,"32":2,"33":2,"34":2,"35":2,"36":2},"f":{"0":2,"1":2,"2":4,"3":2,"4":2,"5":4,"6":2,"7":1,"8":2,"9":1,"10":1,"11":1,"12":1,"13":2},"b":{"0":[2,2],"1":[0,2],"2":[0,2],"3":[2,0],"4":[2,2],"5":[1,1],"6":[1,1],"7":[6,6],"8":[2,0]},"meta":{"lastBranch":9,"lastFunction":14,"lastStatement":37,"seen":{"s:17:6:75:Infinity":0,"f:17:48:17:58":0,"s:18:17:18:Infinity":1,"b:18:17:18:38:18:38:18:Infinity":0,"s:20:21:44:Infinity":2,"f:20:21:20:27":1,"b:21:4:28:Infinity:undefined:undefined:undefined:undefined":1,"s:21:4:28:Infinity":3,"s:22:6:27:Infinity":4,"b:29:4:36:Infinity:undefined:undefined:undefined:undefined":2,"s:29:4:36:Infinity":5,"s:30:6:35:Infinity":6,"s:38:4:43:Infinity":7,"s:46:18:46:Infinity":8,"s:48:2:58:85":9,"f:48:2:48:Infinity":2,"s:48:2:48:Infinity":10,"s:48:2:56:Infinity":11,"s:52:11:52:Infinity":12,"b:52:11:52:21:52:21:52:Infinity":3,"s:56:11:58:Infinity":13,"f:56:11:56:Infinity":3,"s:58:85:58:96":14,"s:58:96:59:Infinity":15,"f:58:96:58:Infinity":4,"s:59:65:59:82":16,"s:59:82:71:Infinity":17,"f:59:82:59:Infinity":5,"s:59:82:61:Infinity":18,"s:59:82:61:26":19,"s:61:26:67:Infinity":20,"f:61:26:61:Infinity":6,"s:61:9:67:Infinity":21,"b:61:9:61:15:62:10:67:Infinity":4,"b:62:16:64:Infinity:64:32:67:Infinity":5,"f:63:15:63:19":7,"s:63:19:63:37":22,"f:63:37:63:46":8,"s:63:37:63:101":23,"f:63:101:63:Infinity":9,"s:63:101:64:32":24,"f:64:32:64:Infinity":10,"s:64:32:64:Infinity":25,"s:64:32:67:52":26,"s:67:43:68:Infinity":27,"f:67:43:67:52":11,"s:68:15:68:32":28,"s:68:32:67:Infinity":29,"f:68:32:68:Infinity":12,"s:67:107:67:Infinity":30,"s:71:9:58:85":31,"f:71:9:71:Infinity":13,"s:49:16:49:148":32,"b:49:131:49:139:49:139:49:146":6,"s:51:20:51:59":33,"s:58:19:58:82":34,"s:58:82:58:85":35,"b:58:82:58:85:58:82:58:85":7,"b:77:26:77:Infinity:undefined:undefined:undefined:undefined":8,"s:77:26:77:Infinity":36}}}
,"/home/cda/dev/playground/energy.consumption/src/components/MeterForm.tsx": {"path":"/home/cda/dev/playground/energy.consumption/src/components/MeterForm.tsx","statementMap":{"0":{"start":{"line":26,"column":23},"end":{"line":47,"column":null}},"1":{"start":{"line":27,"column":2},"end":{"line":37,"column":null}},"2":{"start":{"line":28,"column":4},"end":{"line":36,"column":null}},"3":{"start":{"line":38,"column":2},"end":{"line":46,"column":null}},"4":{"start":{"line":49,"column":6},"end":{"line":129,"column":null}},"5":{"start":{"line":50,"column":17},"end":{"line":50,"column":null}},"6":{"start":{"line":51,"column":101},"end":{"line":51,"column":null}},"7":{"start":{"line":53,"column":2},"end":{"line":120,"column":null}},"8":{"start":{"line":53,"column":2},"end":{"line":53,"column":null}},"9":{"start":{"line":53,"column":2},"end":{"line":54,"column":null}},"10":{"start":{"line":54,"column":29},"end":{"line":55,"column":null}},"11":{"start":{"line":55,"column":49},"end":{"line":57,"column":null}},"12":{"start":{"line":57,"column":34},"end":{"line":58,"column":null}},"13":{"start":{"line":58,"column":39},"end":{"line":65,"column":64}},"14":{"start":{"line":65,"column":28},"end":{"line":65,"column":64}},"15":{"start":{"line":65,"column":64},"end":{"line":63,"column":null}},"16":{"start":{"line":63,"column":29},"end":{"line":71,"column":null}},"17":{"start":{"line":71,"column":34},"end":{"line":72,"column":null}},"18":{"start":{"line":72,"column":39},"end":{"line":79,"column":71}},"19":{"start":{"line":79,"column":28},"end":{"line":79,"column":71}},"20":{"start":{"line":79,"column":71},"end":{"line":77,"column":null}},"21":{"start":{"line":77,"column":29},"end":{"line":86,"column":null}},"22":{"start":{"line":86,"column":49},"end":{"line":88,"column":null}},"23":{"start":{"line":88,"column":34},"end":{"line":89,"column":42}},"24":{"start":{"line":89,"column":39},"end":{"line":89,"column":null}},"25":{"start":{"line":89,"column":42},"end":{"line":89,"column":81}},"26":{"start":{"line":89,"column":81},"end":{"line":103,"column":null}},"27":{"start":{"line":95,"column":14},"end":{"line":95,"column":null}},"28":{"start":{"line":96,"column":14},"end":{"line":102,"column":null}},"29":{"start":{"line":97,"column":16},"end":{"line":97,"column":null}},"30":{"start":{"line":98,"column":14},"end":{"line":102,"column":null}},"31":{"start":{"line":99,"column":16},"end":{"line":99,"column":null}},"32":{"start":{"line":100,"column":14},"end":{"line":102,"column":null}},"33":{"start":{"line":101,"column":16},"end":{"line":101,"column":null}},"34":{"start":{"line":103,"column":13},"end":{"line":92,"column":null}},"35":{"start":{"line":92,"column":30},"end":{"line":113,"column":null}},"36":{"start":{"line":113,"column":34},"end":{"line":114,"column":42}},"37":{"start":{"line":114,"column":39},"end":{"line":114,"column":null}},"38":{"start":{"line":114,"column":42},"end":{"line":114,"column":83}},"39":{"start":{"line":114,"column":83},"end":{"line":121,"column":64}},"40":{"start":{"line":121,"column":28},"end":{"line":121,"column":64}},"41":{"start":{"line":121,"column":64},"end":{"line":119,"column":null}},"42":{"start":{"line":119,"column":29},"end":{"line":122,"column":null}},"43":{"start":{"line":62,"column":25},"end":{"line":62,"column":89}},"44":{"start":{"line":66,"column":22},"end":{"line":66,"column":37}},"45":{"start":{"line":76,"column":25},"end":{"line":76,"column":69}},"46":{"start":{"line":80,"column":22},"end":{"line":80,"column":37}},"47":{"start":{"line":104,"column":22},"end":{"line":104,"column":37}},"48":{"start":{"line":122,"column":22},"end":{"line":122,"column":37}},"49":{"start":{"line":122,"column":37},"end":{"line":122,"column":null}},"50":{"start":{"line":122,"column":37},"end":{"line":64,"column":null}},"51":{"start":{"line":122,"column":37},"end":{"line":64,"column":29}},"52":{"start":{"line":64,"column":29},"end":{"line":78,"column":null}},"53":{"start":{"line":64,"column":29},"end":{"line":78,"column":36}},"54":{"start":{"line":78,"column":36},"end":{"line":93,"column":null}},"55":{"start":{"line":78,"column":36},"end":{"line":93,"column":29}},"56":{"start":{"line":93,"column":29},"end":{"line":120,"column":null}},"57":{"start":{"line":93,"column":29},"end":{"line":120,"column":29}},"58":{"start":{"line":120,"column":29},"end":{"line":120,"column":null}},"59":{"start":{"line":131,"column":25},"end":{"line":131,"column":null}}},"fnMap":{"0":{"name":"(anonymous_0)","decl":{"start":{"line":26,"column":23},"end":{"line":26,"column":24}},"loc":{"start":{"line":26,"column":59},"end":{"line":47,"column":null}},"line":26},"1":{"name":"(anonymous_1)","decl":{"start":{"line":49,"column":46},"end":{"line":49,"column":56}},"loc":{"start":{"line":49,"column":56},"end":{"line":129,"column":1}},"line":49},"2":{"name":"(anonymous_2)","decl":{"start":{"line":53,"column":2},"end":{"line":53,"column":null}},"loc":{"start":{"line":53,"column":2},"end":{"line":120,"column":null}},"line":53},"3":{"name":"(anonymous_3)","decl":{"start":{"line":65,"column":22},"end":{"line":65,"column":28}},"loc":{"start":{"line":65,"column":28},"end":{"line":65,"column":64}},"line":65},"4":{"name":"(anonymous_4)","decl":{"start":{"line":79,"column":22},"end":{"line":79,"column":28}},"loc":{"start":{"line":79,"column":28},"end":{"line":79,"column":71}},"line":79},"5":{"name":"(anonymous_5)","decl":{"start":{"line":89,"column":39},"end":{"line":89,"column":42}},"loc":{"start":{"line":89,"column":42},"end":{"line":89,"column":81}},"line":89},"6":{"name":"(anonymous_6)","decl":{"start":{"line":94,"column":23},"end":{"line":94,"column":29}},"loc":{"start":{"line":94,"column":29},"end":{"line":103,"column":13}},"line":94},"7":{"name":"(anonymous_7)","decl":{"start":{"line":114,"column":39},"end":{"line":114,"column":42}},"loc":{"start":{"line":114,"column":42},"end":{"line":114,"column":83}},"line":114},"8":{"name":"(anonymous_8)","decl":{"start":{"line":121,"column":22},"end":{"line":121,"column":28}},"loc":{"start":{"line":121,"column":28},"end":{"line":121,"column":64}},"line":121},"9":{"name":"(anonymous_9)","decl":{"start":{"line":119,"column":29},"end":{"line":119,"column":null}},"loc":{"start":{"line":119,"column":29},"end":{"line":122,"column":null}},"line":119},"10":{"name":"(anonymous_10)","decl":{"start":{"line":122,"column":37},"end":{"line":122,"column":null}},"loc":{"start":{"line":122,"column":37},"end":{"line":64,"column":29}},"line":122},"11":{"name":"(anonymous_11)","decl":{"start":{"line":64,"column":29},"end":{"line":64,"column":null}},"loc":{"start":{"line":64,"column":29},"end":{"line":78,"column":36}},"line":64},"12":{"name":"(anonymous_12)","decl":{"start":{"line":78,"column":36},"end":{"line":78,"column":null}},"loc":{"start":{"line":78,"column":36},"end":{"line":93,"column":29}},"line":78},"13":{"name":"(anonymous_13)","decl":{"start":{"line":93,"column":29},"end":{"line":93,"column":null}},"loc":{"start":{"line":93,"column":29},"end":{"line":120,"column":29}},"line":93}},"branchMap":{"0":{"loc":{"start":{"line":27,"column":2},"end":{"line":37,"column":null}},"type":"if","locations":[{"start":{"line":27,"column":2},"end":{"line":37,"column":null}},{"start":{},"end":{}}],"line":27},"1":{"loc":{"start":{"line":89,"column":42},"end":{"line":89,"column":81}},"type":"cond-expr","locations":[{"start":{"line":89,"column":58},"end":{"line":89,"column":67}},{"start":{"line":89,"column":67},"end":{"line":89,"column":81}}],"line":89},"2":{"loc":{"start":{"line":96,"column":14},"end":{"line":102,"column":null}},"type":"if","locations":[{"start":{"line":96,"column":14},"end":{"line":102,"column":null}},{"start":{"line":98,"column":14},"end":{"line":102,"column":null}}],"line":96},"3":{"loc":{"start":{"line":98,"column":14},"end":{"line":102,"column":null}},"type":"if","locations":[{"start":{"line":98,"column":14},"end":{"line":102,"column":null}},{"start":{"line":100,"column":14},"end":{"line":102,"column":null}}],"line":98},"4":{"loc":{"start":{"line":100,"column":14},"end":{"line":102,"column":null}},"type":"if","locations":[{"start":{"line":100,"column":14},"end":{"line":102,"column":null}},{"start":{},"end":{}}],"line":100},"5":{"loc":{"start":{"line":114,"column":42},"end":{"line":114,"column":83}},"type":"cond-expr","locations":[{"start":{"line":114,"column":58},"end":{"line":114,"column":67}},{"start":{"line":114,"column":67},"end":{"line":114,"column":83}}],"line":114},"6":{"loc":{"start":{"line":62,"column":25},"end":{"line":62,"column":89}},"type":"cond-expr","locations":[{"start":{"line":62,"column":41},"end":{"line":62,"column":66}},{"start":{"line":62,"column":66},"end":{"line":62,"column":89}}],"line":62},"7":{"loc":{"start":{"line":76,"column":25},"end":{"line":76,"column":69}},"type":"cond-expr","locations":[{"start":{"line":76,"column":41},"end":{"line":76,"column":60}},{"start":{"line":76,"column":60},"end":{"line":76,"column":69}}],"line":76},"8":{"loc":{"start":{"line":122,"column":37},"end":{"line":122,"column":null}},"type":"binary-expr","locations":[{"start":{"line":122,"column":37},"end":{"line":122,"column":null}},{"star
[...]
"76":{"start":{"line":153,"column":47},"end":{"line":153,"column":31}},"77":{"start":{"line":153,"column":25},"end":{"line":153,"column":31}},"78":{"start":{"line":157,"column":25},"end":{"line":160,"column":null}},"79":{"start":{"line":160,"column":71},"end":{"line":160,"column":81}},"80":{"start":{"line":160,"column":81},"end":{"line":161,"column":null}},"81":{"start":{"line":161,"column":65},"end":{"line":161,"column":82}},"82":{"start":{"line":161,"column":82},"end":{"line":168,"column":140}},"83":{"start":{"line":168,"column":55},"end":{"line":168,"column":86}},"84":{"start":{"line":168,"column":86},"end":{"line":168,"column":null}},"85":{"start":{"line":168,"column":140},"end":{"line":168,"column":150}},"86":{"start":{"line":168,"column":150},"end":{"line":170,"column":null}},"87":{"start":{"line":169,"column":34},"end":{"line":169,"column":57}},"88":{"start":{"line":169,"column":57},"end":{"line":169,"column":null}},"89":{"start":{"line":169,"column":57},"end":{"line":170,"column":null}},"90":{"start":{"line":170,"column":81},"end":{"line":170,"column":109}},"91":{"start":{"line":170,"column":109},"end":{"line":170,"column":null}},"92":{"start":{"line":170,"column":109},"end":{"line":176,"column":null}},"93":{"start":{"line":175,"column":34},"end":{"line":175,"column":67}},"94":{"start":{"line":175,"column":77},"end":{"line":175,"column":null}},"95":{"start":{"line":175,"column":77},"end":{"line":176,"column":null}},"96":{"start":{"line":176,"column":71},"end":{"line":176,"column":110}},"97":{"start":{"line":176,"column":110},"end":{"line":176,"column":null}},"98":{"start":{"line":176,"column":110},"end":{"line":189,"column":null}},"99":{"start":{"line":181,"column":30},"end":{"line":181,"column":46}},"100":{"start":{"line":181,"column":46},"end":{"line":181,"column":null}},"101":{"start":{"line":181,"column":46},"end":{"line":189,"column":null}},"102":{"start":{"line":189,"column":33},"end":{"line":189,"column":72}},"103":{"start":{"line":189,"column":72},"end":{"line":189,"column":null}},"104":{"start":{"line":189,"column":72},"end":{"line":195,"column":null}},"105":{"start":{"line":195,"column":29},"end":{"line":195,"column":65}},"106":{"start":{"line":195,"column":161},"end":{"line":195,"column":180}},"107":{"start":{"line":195,"column":180},"end":{"line":199,"column":null}},"108":{"start":{"line":199,"column":29},"end":{"line":199,"column":58}},"109":{"start":{"line":199,"column":192},"end":{"line":199,"column":211}},"110":{"start":{"line":199,"column":211},"end":{"line":199,"column":null}},"111":{"start":{"line":199,"column":211},"end":{"line":203,"column":98}},"112":{"start":{"line":203,"column":47},"end":{"line":203,"column":68}},"113":{"start":{"line":203,"column":68},"end":{"line":203,"column":97}},"114":{"start":{"line":203,"column":98},"end":{"line":152,"column":null}},"115":{"start":{"line":152,"column":143},"end":{"line":152,"column":null}},"116":{"start":{"line":211,"column":14},"end":{"line":211,"column":null}},"117":{"start":{"line":219,"column":22},"end":{"line":219,"column":null}}},"fnMap":{"0":{"name":"(anonymous_0)","decl":{"start":{"line":9,"column":27},"end":{"line":9,"column":39}},"loc":{"start":{"line":9,"column":39},"end":{"line":13,"column":null}},"line":9},"1":{"name":"(anonymous_1)","decl":{"start":{"line":36,"column":26},"end":{"line":36,"column":32}},"loc":{"start":{"line":36,"column":32},"end":{"line":217,"column":1}},"line":36},"2":{"name":"(anonymous_2)","decl":{"start":{"line":41,"column":28},"end":{"line":41,"column":35}},"loc":{"start":{"line":41,"column":50},"end":{"line":56,"column":null}},"line":41},"3":{"name":"(anonymous_3)","decl":{"start":{"line":58,"column":2},"end":{"line":58,"column":null}},"loc":{"start":{"line":58,"column":2},"end":{"line":211,"column":null}},"line":58},"4":{"name":"(anonymous_4)","decl":{"start":{"line":65,"column":15},"end":{"line":65,"column":null}},"loc":{"start":{"line":65,"column":15},"end":{"line":65,"column":null}},"line":65},"5":{"name":"(anonymous_5)","decl":{"start":{"line":71,"column":12},"end":{"line":71,"column":16}},"loc":{"start":{"line":71,"column":16},"end":{"line":71,"column":33}},"line":71},"6":{"name":"(anonymous_6)","decl":{"start":{"line":71,"column":33},"end":{"line":71,"column":41}},"loc":{"start":{"line":71,"column":41},"end":{"line":71,"column":null}},"line":71},"7":{"name":"(anonymous_7)","decl":{"start":{"line":71,"column":41},"end":{"line":71,"column":null}},"loc":{"start":{"line":71,"column":41},"end":{"line":211,"column":null}},"line":71},"8":{"name":"(anonymous_8)","decl":{"start":{"line":73,"column":15},"end":{"line":73,"column":19}},"loc":{"start":{"line":73,"column":19},"end":{"line":73,"column":37}},"line":73},"9":{"name":"(anonymous_9)","decl":{"start":{"line":73,"column":37},"end":{"line":73,"column":45}},"loc":{"start":{"line":73,"column":45},"end":{"line":79,"column":null}},"line":73},"10":{"name":"(anonymous_10)","decl":{"start":{"line":79,"column":14},"end":{"line":79,"column":18}},"loc":{"start":{"line":79,"column":18},"end":{"line":79,"column":null}},"line":79},"11":{"name":"(anonymous_11)","decl":{"start":{"line":82,"column":13},"end":{"line":82,"column":14}},"loc":{"start":{"line":82,"column":31},"end":{"line":211,"column":14}},"line":82},"12":{"name":"(anonymous_12)","decl":{"start":{"line":83,"column":36},"end":{"line":83,"column":42}},"loc":{"start":{"line":83,"column":42},"end":{"line":83,"column":null}},"line":83},"13":{"name":"(anonymous_13)","decl":{"start":{"line":83,"column":67},"end":{"line":83,"column":68}},"loc":{"start":{"line":83,"column":83},"end":{"line":83,"column":106}},"line":83},"14":{"name":"(anonymous_14)","decl":{"start":{"line":84,"column":37},"end":{"line":84,"column":43}},"loc":{"start":{"line":84,"column":43},"end":{"line":84,"column":null}},"line":84},"15":{"name":"(anonymous_15)","decl":{"start":{"line":84,"column":69},"end":{"line":84,"column":70}},"loc":{"start":{"line":84,"column":86},"end":{"line":84,"column":109}},"line":84},"16":{"name":"(anonymous_16)","decl":{"start":{"line":86,"column":28},"end":{"line":86,"column":34}},"loc":{"start":{"line":86,"column":34},"end":{"line":123,"column":null}},"line":86},"17":{"name":"(anonymous_17)","decl":{"start":{"line":90,"column":69},"end":{"line":90,"column":70}},"loc":{"start":{"line":90,"column":86},"end":{"line":93,"column":18}},"line":90},"18":{"name":"(anonymous_18)","decl":{"start":{"line":96,"column":58},"end":{"line":96,"column":59}},"loc":{"start":{"line":96,"column":68},"end":{"line":96,"column":123}},"line":96},"19":{"name":"(anonymous_19)","decl":{"start":{"line":125,"column":27},"end":{"line":125,"column":33}},"loc":{"start":{"line":125,"column":33},"end":{"line":129,"column":null}},"line":125},"20":{"name":"(anonymous_20)","decl":{"start":{"line":131,"column":34},"end":{"line":131,"column":40}},"loc":{"start":{"line":131,"column":40},"end":{"line":131,"column":null}},"line":131},"21":{"name":"(anonymous_21)","decl":{"start":{"line":132,"column":30},"end":{"line":132,"column":36}},"loc":{"start":{"line":132,"column":36},"end":{"line":132,"column":null}},"line":132},"22":{"name":"(anonymous_22)","decl":{"start":{"line":134,"column":14},"end":{"line":134,"column":null}},"loc":{"start":{"line":134,"column":14},"end":{"line":152,"column":null}},"line":134},"23":{"name":"(anonymous_23)","decl":{"start":{"line":137,"column":27},"end":{"line":137,"column":33}},"loc":{"start":{"line":137,"column":33},"end":{"line":137,"column":65}},"line":137},"24":{"name":"(anonymous_24)","decl":{"start":{"line":141,"column":26},"end":{"line":141,"column":30}},"loc":{"start":{"line":141,"column":30},"end":{"line":141,"column":null}},"line":141},"25":{"name":"(anonymous_25)","decl":{"start":{"line":141,"column":41},"end":{"line":141,"column":null}},"loc":{"start":{"line":141,"column":41},"end":{"line":141,"column":null}},"line":141},"26":{"name":"(anonymous_26)","decl":{"start":{"line":153,"column":47},"end":{"line":153,"column":null}},"loc":{"start":{"line":153,"column":25},"end":{"line":153,"column":31}},"line":153},"27":{"name":"(anonymous_27)","decl":{"start":{"line":157,"column":25},"end":{"line":157,"column":null}},"loc":{"start":{"line":160,"column":71},"end":{"line":160,"column":81}},"line":160},"28":{"name":"(anonymous_28)","decl":{"start":{"line":160,"column":81},"end":{"line":160,"column":null}},"loc":{"start":{"line":161,"column":65},"end":{"line":161,"column":82}},"line":161},"29":{"name":"(anonymous_29)","decl":{"start":{"line":161,"column":82},"end":{"line":161,"column":null}},"loc":{"start":{"line":168,"column":55},"end":{"line":168,"column":86}},"line":168},"30":{"name":"(anonymous_30)","decl":{"start":{"line":168,"column":86},"end":{"line":168,"column":140}},"loc":{"start":{"line":168,"column":140},"end":{"line":168,"column":150}},"line":168},"31":{"name":"(anonymous_31)","decl":{"start":{"line":169,"column":30},"end":{"line":169,"column":34}},"loc":{"start":{"line":169,"column":34},"end":{"line":169,"column":null}},"line":169},"32":{"name":"(anonymous_32)","decl":{"start":{"line":169,"column":57},"end":{"line":169,"column":null}},"loc":{"start":{"line":169,"column":57},"end":{"line":170,"column":null}},"line":169},"33":{"name":"(anonymous_33)","decl":{"start":{"line":175,"column":30},"end":{"line":175,"column":34}},"loc":{"start":{"line":175,"column":34},"end":{"line":175,"column":69}},"line":175},"34":{"name":"(anonymous_34)","decl":{"start":{"line":175,"column":69},"end":{"line":175,"column":77}},"loc":{"start":{"line":175,"column":77},"end":{"line":175,"column":null}},"line":175},"35":{"name":"(anonymous_35)","decl":{"start":{"line":175,"column":77},"end":{"line":175,"column":null}},"loc":{"start":{"line":175,"column":77},"end":{"line":176,"column":null}},"line":175},"36":{"name":"(anonymous_36)","decl":{"start":{"line":181,"column":26},"end":{"line":181,"column":30}},"loc":{"start":{"line":181,"column":30},"end":{"line":181,"column":null}},"line":181},"37":{"name":"(anonymous_37)","decl":{"start":{"line":181,"column":46},"end":{"line":181,"column":null}},"loc":{"start":{"line":181,"column":46},"end":{"line":189,"column":null}},"line":181},"38":{"name":"(anonymous_38)","decl":{"start":{"line":189,"column":29},"end":{"line":189,"column":33}},"loc":{"start":{"line":189,"column":33},"end":{"line":189,"column":null}},"line":189},"39":{"name":"(anonymous_39)","decl":{"start":{"line":195,"column":25},"end":{"line":195,"column":29}},"loc":{"start":{"line":195,"column":29},"end":{"line":195,"column":145}},"line":195},"40":{"name":"(anonymous_40)","decl":{"start":{"line":195,"column":155},"end":{"line":195,"column":161}},"loc":{"start":{"line":195,"column":161},"end":{"line":195,"column":180}},"line":195},"41":{"name":"(anonymous_41)","decl":{"start":{"line":199,"column":25},"end":{"line":199,"column":29}},"loc":{"start":{"line":199,"column":29},"end":{"line":199,"column":157}},"line":199},"42":{"name":"(anonymous_42)","decl":{"start":{"line":199,"column":186},"end":{"line":199,"column":192}},"loc":{"start":{"line":199,"column":192},"end":{"line":199,"column":211}},"line":199},"43":{"name":"(anonymous_43)","decl":{"start":{"line":199,"column":211},"end":{"line":199,"column":null}},"loc":{"start":{"line":199,"column":211},"end":{"line":199,"column":null}},"line":199},"44":{"name":"(anonymous_44)","decl":{"start":{"line":203,"column":40},"end":{"line":203,"column":46}},"loc":{"start":{"line":203,"column":46},"end":{"line":203,"column":98}},"line":203},"45":{"name":"(anonymous_45)","decl":{"start":{"line":203,"column":98},"end":{"line":203,"column":null}},"loc":{"start":{"line":203,"column":98},"end":{"line":152,"column":null}},"line":203}},"branchMap":{"0":{"loc":{"start":{"line":11,"column":2},"end":{"line":11,"column":null}},"type":"if","locations":[{"start":{"line":11,"column":2},"end":{"line":11,"column":null}},{"start":{},"end":{}}],"line":11},"1":{"loc":{"start":{"line":43,"column":4},"end":{"line":43,"column":null}},"type":"if","locations":[{"start":{"line":43,"column":4},"end":{"line":43,"column":null}},{"start":{},"end":{}}],"line":43},"2":{"loc":{"start":{"line":46,"column":6},"end":{"line":51,"column":null}},"type":"if","locations":[{"start":{"line":46,"column":6},"end":{"line":51,"column":null}},{"start":{"line":49,"column":13},"end":{"line":51,"column":null}}],"line":46},"3":{"loc":{"start":{"line":83,"column":42},"end":{"line":83,"column":null}},"type":"binary-expr","locations":[{"start":{"line":83,"column":42},"end":{"line":83,"column":111}},{"start":{"line":83,"column":111},"end":{"line":83,"column":null}}],"line":83},"4":{"loc":{"start":{"line":84,"column":43},"end":{"line":84,"column":null}},"type":"binary-expr","locations":[{"start":{"line":84,"column":43},"end":{"line":84,"column":114}},{"start":{"line":84,"column":114},"end":{"line":84,"column":null}}],"line":84},"5":{"loc":{"start":{"line":88,"column":16},"end":{"line":88,"column":null}},"type":"if","locations":[{"start":{"line":88,"column":16},"end":{"line":88,"column":null}},{"start":{},"end":{}}],"line":88},"6":{"loc":{"start":{"line":102,"column":16},"end":{"line":110,"column":null}},"type":"if","locations":[{"start":{"line":102,"column":16},"end":{"line":110,"column":null}},{"start":{},"end":{}}],"line":102},"7":{"loc":{"start":{"line":114,"column":16},"end":{"line":120,"column":null}},"type":"if","locations":[{"start":{"line":114,"column":16},"end":{"line":120,"column":null}},{"start":{},"end":{}}],"line":114},"8":{"loc":{"start":{"line":153,"column":25},"end":{"line":153,"column":31}},"type":"cond-expr","locations":[{"start":{"line":153,"column":25},"end":{"line":153,"column":31}},{"start":{"line":153,"column":25},"end":{"line":153,"column":31}}],"line":153},"9":{"loc":{"start":{"line":152,"column":53},"end":{"line":152,"column":141}},"type":"cond-expr","locations":[{"start":{"line":152,"column":78},"end":{"line":152,"column":109}},{"start":{"line":152,"column":109},"end":{"line":152,"column":141}}],"line":152},"10":{"loc":{"start":{"line":219,"column":22},"end":{"line":219,"column":null}},"type":"if","locations":[{"start":{"line":219,"column":22},"end":{"line":219,"column":null}},{"start":{},"end":{}}],"line":219}},"s":{"0":1,"1":1,"2":1,"3":0,"4":1,"5":1,"6":1,"7":1,"8":1,"9":1,"10":0,"11":0,"12":0,"13":0,"14":0,"15":0,"16":0,"17":0,"18":0,"19":0,"20":0,"21":1,"22":1,"23":1,"24":1,"25":1,"26":2,"27":1,"28":1,"29":1,"30":1,"31":1,"32":0,"33":0,"34":0,"35":0,"36":0,"37":0,"38":0,"39":0,"40":0,"41":0,"42":0,"43":0,"44":0,"45":0,"46":0,"47":0,"48":0,"49":0,"50":0,"51":0,"52":0,"53":0,"54":0,"55":0,"56":0,"57":0,"58":0,"59":0,"60":0,"61":0,"62":0,"63":0,"64":0,"65":0,"66":0,"67":0,"68":0,"69":0,"70":0,"71":0,"72":0,"73":0,"74":0,"75":0,"76":0,"77":0,"78":0,"79":0,"80":0,"81":0,"82":0,"83":0,"84":0,"85":0,"86":0,"87":0,"88":0,"89":0,"90":0,"91":0,"92":0,"93":0,"94":0,"95":0,"96":0,"97":0,"98":0,"99":0,"100":0,"101":0,"102":0,"103":0,"104":0,"105":0,"106":0,"107":0,"108":0,"109":0,"110":0,"111":0,"112":0,"113":0,"114":0,"115":0,"116":1,"117":1},"f":{"0":1,"1":1,"2":0,"3":1,"4":1,"5":2,"6":1,"7":1,"8":1,"9":1,"10":1,"11":0,"12":0,"13":0,"14":0,"15":0,"16":0,"17":0,"18":0,"19":0,"20":0,"21":0,"22":0,"23":0,"24":0,"25":0,"26":0,"27":0,"28":0,"29":0,"30":0,"31":0,"32":0,"33":0,"34":0,"35":0,"36":0,"37":0,"38":0,"39":0,"40":0,"41":0,"42":0,"43":0,"44":0,"45":0},"b":{"0":[0,1],"1":[0,0],"2":[0,0],"3":[0,0],"4":[0,0],"5":[0,0],"6":[0,0],"7":[0,0],"8":[0,0],"9":[0,0],"10":[1,0]},"meta":{"lastBranch":11,"lastFunction":46,"lastStatement":118,"seen":{"s:9:27:13:Infinity":0,"f:9:27:9:39":0,"s:10:14:10:Infinity":1,"b:11:2:11:Infinity:undefined:undefined:undefined:undefined":0,"s:11:2:11:Infinity":2,"s:11:16:11:66":3,"s:12:2:12:Infinity":4,"s:36:6:217:Infinity":5,"f:36:26:36:32":1,"s:37:26:37:Infinity":6,"s:38:8:38:Infinity":7,"s:39:8:39:Infinity":8,"s:41:28:56:Infinity":9,"f:41:28:41:35":2,"s:42:22:42:Infinity":10,"b:43:4:43:Infinity:undefined:undefined:undefined:undefined":1,"s:43:4:43:Infinity":11,"s:43:21:43:28":12,"s:44:4:55:Infinity":13,"s:45:18:45:Infinity":14,"b:46:6:51:Infinity:49:13:51:Infinity":2,"s:46:6:51:Infinity":15,"s:47:8:47:Infinity":16,"s:48:8:48:Infinity":17,"s:50:8:50:Infinity":18,"s:53:6:53:Infinity":19,"s:54:6:54:Infinity":20,"s:58:2:211:Infinity":21,"f:58:2:58:Infinity":3,"s:58:2:58:Infinity":22,"s:58:2:65:Infinity":23,"f:65:15:65:Infinity":4,"s:65:15:65:Infinity":24,"s:65:15:211:Infinity":25,"f:71:12:71:16":5,"s:71:16:71:31":26,"f:71:33:71:41":6,"s:71:41:71:Infinity":27,"f:71:41:71:Infinity":7,"s:71:41:211:Infinity":28,"f:73:15:73:19":8,"s:73:19:73:35":29,"f:73:37:73:45":9,"s:73:45:79:Infinity":30,"f:79:14:79:18":10,"s:79:18:79:Infinity":31,"f:82:13:82:14":11,"s:83:36:83:Infinity":32,"f:83:36:83:42":12,"s:83:42:83:Infinity":33,"b:83:42:83:111:83:111:83:Infinity":3,"f:83:67:83:68":13,"s:83:83:83:106":34,"s:84:37:84:Infinity":35,"f:84:37:84:43":14,"s:84:43:84:Infinity":36,"b:84:43:84:114:84:114:84:Infinity":4,"f:84:69:84:70":15,"s:84:86:84:109":37,"s:86:28:123:Infinity":38,"f:86:28:86:34":16,"s:87:33:87:Infinity":39,"b:88:16:88:Infinity:undefined:undefined:undefined:undefined":5,"s:88:16:88:Infinity":40,"s:88:42:88:128":41,"s:90:22:93:Infinity":42,"f:90:69:90:70":17,"s:90:86:93:18":43,"s:96:39:96:Infinity":44,"f:96:58:96:59":18,"s:96:68:96:123":45,"s:97:29:97:Infinity":46,"s:98:29:98:Infinity":47,"s:99:22:99:Infinity":48,"s:101:32:101:Infinity":49,"b:102:16:110:Infinity:undefined:undefined:undefined:undefined":6,"s:102:16:110:Infinity":50,"s:103:24:108:Infinity":51,"s:109:18:109:Infinity":52,"s:112:22:112:Infinity":53,"s:113:42:113:Infinity":54,"b:114:16:120:Infinity:undefined:undefined:undefined:undefined":7,"s:114:16:120:Infinity":55,"s:115:18:119:Infinity":56,"s:122:16:122:Infinity":57,"s:125:27:129:Infinity":58,"f:125:27:125:33":19,"s:126:33:126:Infinity":59,"s:127:34:127:Infinity":60,"s:128:16:128:Infinity":61,"s:131:34:131:Infinity":62,"f:131:34:131:40":20,"s:131:40:131:Infinity":63,"s:132:30:132:Infinity":64,"f:132:30:132:36":21,"s:132:36:132:Infinity":65,"s:134:14:152:Infinity":66,"f:134:14:134:Infinity":22,"s:134:14:134:Infinity":67,"s:134:14:137:65":68,"f:137:27:137:33":23,"s:137:33:137:65":69,"s:137:65:141:Infinity":70,"f:141:26:141:30":24,"s:141:30:141:41":71,"f:141:41:141:Infinity":25,"s:141:41:141:Infinity":72,"s:141:41:157:Infinity":73,"s:141:41:153:Infinity":74,"s:153:25:153:47":75,"s:153:47:153:31":76,"f:153:47:153:Infinity":26,"s:153:25:153:31":77,"b:153:25:153:31:153:25:153:31":8,"s:157:25:160:Infinity":78,"f:157:25:157:Infinity":27,"s:160:71:160:81":79,"s:160:81:161:Infinity":80,"f:160:81:160:Infinity":28,"s:161:65:161:82":81,"s:161:82:168:140":82,"f:161:82:161:Infinity":29,"s:168:55:168:86":83,"s:168:86:168:Infinity":84,"f:168:86:168:140":30,"s:168:140:168:150":85,"s:168:150:170:Infinity":86,"f:169:30:169:34":31,"s:169:34:169:57":87,"f:169:57:169:Infinity":32,"s:169:57:169:Infinity":88,"s:169:57:170:Infinity":89,"s:170:81:170:109":90,"s:170:109:170:Infinity":91,"s:170:109:176:Infinity":92,"f:175:30:175:34":33,"s:175:34:175:67":93,"f:175:69:175:77":34,"s:175:77:175:Infinity":94,"f:175:77:175:Infinity":35,"s:175:77:176:Infinity":95,"s:176:71:176:110":96,"s:176:110:176:Infinity":97,"s:176:110:189:Infinity":98,"f:181:26:181:30":36,"s:181:30:181:46":99,"f:181:46:181:Infinity":37,"s:181:46:181:Infinity":100,"s:181:46:189:Infinity":101,"f:189:29:189:33":38,"s:189:33:189:72":102,"s:189:72:189:Infinity":103,"s:189:72:195:Infinity":104,"f:195:25:195:29":39,"s:195:29:195:65":105,"f:195:155:195:161":40,"s:195:161:195:180":106,"s:195:180:199:Infinity":107,"f:199:25:199:29":41,"s:199:29:199:58":108,"f:199:186:199:192":42,"s:199:192:199:211":109,"f:199:211:199:Infinity":43,"s:199:211:199:Infinity":110,"s:199:211:203:98":111,"f:203:40:203:46":44,"s:203:47:203:68":112,"s:203:68:203:97":113,"s:203:98:152:Infinity":114,"f:203:98:203:Infinity":45,"b:152:78:152:109:152:109:152:141":9,"s:152:143:152:Infinity":115,"s:211:14:211:Infinity":116,"b:219:22:219:Infinity:undefined:undefined:undefined:undefined":10,"s:219:22:219:Infinity":117}}}
}
