{"/home/cda/dev/playground/energy.consumption/src/components/ContractTemplateCard.tsx": {"path":"/home/cda/dev/playground/energy.consumption/src/components/ContractTemplateCard.tsx","statementMap":{"0":{"start":{"line":15,"column":6},"end":{"line":44,"column":null}},"1":{"start":{"line":16,"column":21},"end":{"line":16,"column":null}},"2":{"start":{"line":16,"column":34},"end":{"line":16,"column":null}},"3":{"start":{"line":18,"column":2},"end":{"line":36,"column":null}},"4":{"start":{"line":18,"column":2},"end":{"line":18,"column":null}},"5":{"start":{"line":18,"column":2},"end":{"line":29,"column":null}},"6":{"start":{"line":29,"column":62},"end":{"line":29,"column":78}},"7":{"start":{"line":29,"column":78},"end":{"line":31,"column":58}},"8":{"start":{"line":31,"column":13},"end":{"line":31,"column":53}},"9":{"start":{"line":31,"column":53},"end":{"line":31,"column":null}},"10":{"start":{"line":31,"column":58},"end":{"line":31,"column":96}},"11":{"start":{"line":31,"column":96},"end":{"line":36,"column":null}},"12":{"start":{"line":36,"column":14},"end":{"line":36,"column":145}},"13":{"start":{"line":36,"column":145},"end":{"line":36,"column":null}},"14":{"start":{"line":46,"column":36},"end":{"line":46,"column":null}}},"fnMap":{"0":{"name":"(anonymous_0)","decl":{"start":{"line":15,"column":68},"end":{"line":15,"column":78}},"loc":{"start":{"line":15,"column":78},"end":{"line":44,"column":1}},"line":15},"1":{"name":"(anonymous_1)","decl":{"start":{"line":16,"column":21},"end":{"line":16,"column":22}},"loc":{"start":{"line":16,"column":34},"end":{"line":16,"column":null}},"line":16},"2":{"name":"(anonymous_2)","decl":{"start":{"line":18,"column":2},"end":{"line":18,"column":null}},"loc":{"start":{"line":18,"column":2},"end":{"line":36,"column":null}},"line":18},"3":{"name":"(anonymous_3)","decl":{"start":{"line":29,"column":78},"end":{"line":29,"column":null}},"loc":{"start":{"line":31,"column":13},"end":{"line":31,"column":53}},"line":31},"4":{"name":"(anonymous_4)","decl":{"start":{"line":31,"column":53},"end":{"line":31,"column":58}},"loc":{"start":{"line":31,"column":58},"end":{"line":31,"column":96}},"line":31},"5":{"name":"(anonymous_5)","decl":{"start":{"line":36,"column":10},"end":{"line":36,"column":14}},"loc":{"start":{"line":36,"column":14},"end":{"line":36,"column":null}},"line":36}},"branchMap":{"0":{"loc":{"start":{"line":46,"column":36},"end":{"line":46,"column":null}},"type":"if","locations":[{"start":{"line":46,"column":36},"end":{"line":46,"column":null}},{"start":{},"end":{}}],"line":46}},"s":{"0":1,"1":2,"2":4,"3":2,"4":2,"5":2,"6":2,"7":2,"8":2,"9":2,"10":2,"11":2,"12":2,"13":2,"14":1},"f":{"0":2,"1":4,"2":4,"3":2,"4":2,"5":2},"b":{"0":[1,0]},"meta":{"lastBranch":1,"lastFunction":6,"lastStatement":15,"seen":{"s:15:6:44:Infinity":0,"f:15:68:15:78":0,"s:16:21:16:Infinity":1,"f:16:21:16:22":1,"s:16:34:16:Infinity":2,"s:18:2:36:Infinity":3,"f:18:2:18:Infinity":2,"s:18:2:18:Infinity":4,"s:18:2:29:Infinity":5,"s:29:62:29:78":6,"s:29:78:31:58":7,"f:29:78:29:Infinity":3,"s:31:13:31:53":8,"s:31:53:31:Infinity":9,"f:31:53:31:58":4,"s:31:58:31:96":10,"s:31:96:36:Infinity":11,"f:36:10:36:14":5,"s:36:14:36:145":12,"s:36:145:36:Infinity":13,"b:46:36:46:Infinity:undefined:undefined:undefined:undefined":0,"s:46:36:46:Infinity":14}}}
,"/home/cda/dev/playground/energy.consumption/src/components/CsvImportModal.tsx": {"path":"/home/cda/dev/playground/energy.consumption/src/components/CsvImportModal.tsx","statementMap":{"0":{"start":{"line":20,"column":6},"end":{"line":325,"column":null}},"1":{"start":{"line":21,"column":22},"end":{"line":21,"column":null}},"2":{"start":{"line":22,"column":28},"end":{"line":22,"column":null}},"3":{"start":{"line":23,"column":28},"end":{"line":23,"column":null}},"4":{"start":{"line":26,"column":40},"end":{"line":26,"column":null}},"5":{"start":{"line":27,"column":34},"end":{"line":27,"column":null}},"6":{"start":{"line":28,"column":36},"end":{"line":28,"column":null}},"7":{"start":{"line":30,"column":24},"end":{"line":30,"column":null}},"8":{"start":{"line":32,"column":16},"end":{"line":40,"column":null}},"9":{"start":{"line":33,"column":4},"end":{"line":33,"column":null}},"10":{"start":{"line":34,"column":4},"end":{"line":34,"column":null}},"11":{"start":{"line":35,"column":4},"end":{"line":35,"column":null}},"12":{"start":{"line":36,"column":4},"end":{"line":36,"column":null}},"13":{"start":{"line":37,"column":4},"end":{"line":37,"column":null}},"14":{"start":{"line":38,"column":4},"end":{"line":38,"column":null}},"15":{"start":{"line":39,"column":4},"end":{"line":39,"column":null}},"16":{"start":{"line":42,"column":2},"end":{"line":46,"column":null}},"17":{"start":{"line":43,"column":4},"end":{"line":45,"column":null}},"18":{"start":{"line":44,"column":6},"end":{"line":44,"column":null}},"19":{"start":{"line":48,"column":28},"end":{"line":71,"column":null}},"20":{"start":{"line":49,"column":4},"end":{"line":70,"column":null}},"21":{"start":{"line":50,"column":12},"end":{"line":50,"column":null}},"22":{"start":{"line":51,"column":6},"end":{"line":54,"column":null}},"23":{"start":{"line":52,"column":8},"end":{"line":52,"column":null}},"24":{"start":{"line":53,"column":8},"end":{"line":53,"column":null}},"25":{"start":{"line":55,"column":19},"end":{"line":55,"column":null}},"26":{"start":{"line":56,"column":6},"end":{"line":56,"column":null}},"27":{"start":{"line":57,"column":6},"end":{"line":57,"column":null}},"28":{"start":{"line":60,"column":22},"end":{"line":60,"column":null}},"29":{"start":{"line":60,"column":37},"end":{"line":60,"column":58}},"30":{"start":{"line":61,"column":21},"end":{"line":61,"column":null}},"31":{"start":{"line":61,"column":36},"end":{"line":61,"column":74}},"32":{"start":{"line":63,"column":6},"end":{"line":63,"column":null}},"33":{"start":{"line":64,"column":6},"end":{"line":64,"column":null}},"34":{"start":{"line":66,"column":6},"end":{"line":66,"column":null}},"35":{"start":{"line":67,"column":6},"end":{"line":67,"column":null}},"36":{"start":{"line":69,"column":6},"end":{"line":69,"column":null}},"37":{"start":{"line":73,"column":33},"end":{"line":84,"column":null}},"38":{"start":{"line":74,"column":4},"end":{"line":83,"column":null}},"39":{"start":{"line":75,"column":19},"end":{"line":75,"column":null}},"40":{"start":{"line":76,"column":6},"end":{"line":79,"column":null}},"41":{"start":{"line":77,"column":8},"end":{"line":77,"column":null}},"42":{"start":{"line":78,"column":8},"end":{"line":78,"column":null}},"43":{"start":{"line":80,"column":6},"end":{"line":80,"column":null}},"44":{"start":{"line":82,"column":6},"end":{"line":82,"column":null}},"45":{"start":{"line":86,"column":28},"end":{"line":91,"column":null}},"46":{"start":{"line":87,"column":18},"end":{"line":87,"column":null}},"47":{"start":{"line":88,"column":4},"end":{"line":90,"column":null}},"48":{"start":{"line":89,"column":6},"end":{"line":89,"column":null}},"49":{"start":{"line":93,"column":20},"end":{"line":106,"column":null}},"50":{"start":{"line":94,"column":4},"end":{"line":94,"column":null}},"51":{"start":{"line":94,"column":19},"end":{"line":94,"column":31}},"52":{"start":{"line":96,"column":15},"end":{"line":96,"column":null}},"53":{"start":{"line":97,"column":4},"end":{"line":97,"column":null}},"54":{"start":{"line":97,"column":33},"end":{"line":97,"column":45}},"55":{"start":{"line":100,"column":20},"end":{"line":100,"column":null}},"56":{"start":{"line":101,"column":4},"end":{"line":103,"column":null}},"57":{"start":{"line":102,"column":6},"end":{"line":102,"column":null}},"58":{"start":{"line":105,"column":4},"end":{"line":105,"column":null}},"59":{"start":{"line":108,"column":25},"end":{"line":140,"column":null}},"60":{"start":{"line":109,"column":17},"end":{"line":109,"column":null}},"61":{"start":{"line":110,"column":20},"end":{"line":110,"column":null}},"62":{"start":{"line":111,"column":20},"end":{"line":111,"column":null}},"63":{"start":{"line":112,"column":19},"end":{"line":112,"column":null}},"64":{"start":{"line":114,"column":4},"end":{"line":114,"column":null}},"65":{"start":{"line":114,"column":42},"end":{"line":114,"column":52}},"66":{"start":{"line":116,"column":26},"end":{"line":116,"column":null}},"67":{"start":{"line":118,"column":4},"end":{"line":137,"column":null}},"68":{"start":{"line":119,"column":22},"end":{"line":119,"column":null}},"69":{"start":{"line":120,"column":19},"end":{"line":120,"column":null}},"70":{"start":{"line":122,"column":6},"end":{"line":122,"column":null}},"71":{"start":{"line":122,"column":18},"end":{"line":122,"column":25}},"72":{"start":{"line":124,"column":21},"end":{"line":124,"column":null}},"73":{"start":{"line":125,"column":6},"end":{"line":125,"column":null}},"74":{"start":{"line":125,"column":20},"end":{"line":125,"column":27}},"75":{"start":{"line":127,"column":12},"end":{"line":127,"column":null}},"76":{"start":{"line":128,"column":6},"end":{"line":128,"column":null}},"77":{"start":{"line":128,"column":25},"end":{"line":128,"column":32}},"78":{"start":{"line":130,"column":6},"end":{"line":136,"column":null}},"79":{"start":{"line":139,"column":4},"end":{"line":139,"column":null}},"80":{"start":{"line":142,"column":30},"end":{"line":153,"column":null}},"81":{"start":{"line":143,"column":5},"end":{"line":146,"column":null}},"82":{"start":{"line":144,"column":9},"end":{"line":144,"column":null}},"83":{"start":{"line":145,"column":9},"end":{"line":145,"column":null}},"84":{"start":{"line":147,"column":5},"end":{"line":150,"column":null}},"85":{"start":{"line":148,"column":9},"end":{"line":148,"column":null}},"86":{"start":{"line":149,"column":9},"end":{"line":149,"column":null}},"87":{"start":{"line":151,"column":5},"end":{"line":151,"column":null}},"88":{"start":{"line":152,"column":5},"end":{"line":152,"column":null}},"89":{"start":{"line":155,"column":23},"end":{"line":169,"column":null}},"90":{"start":{"line":156,"column":4},"end":{"line":156,"column":null}},"91":{"start":{"line":157,"column":4},"end":{"line":168,"column":null}},"92":{"start":{"line":158,"column":23},"end":{"line":162,"column":null}},"93":{"start":{"line":158,"column":50},"end":{"line":162,"column":8}},"94":{"start":{"line":163,"column":6},"end":{"line":163,"column":null}},"95":{"start":{"line":164,"column":6},"end":{"line":164,"column":null}},"96":{"start":{"line":166,"column":6},"end":{"line":166,"column":null}},"97":{"start":{"line":167,"column":6},"end":{"line":167,"column":null}},"98":{"start":{"line":171,"column":2},"end":{"line":317,"column":null}},"99":{"start":{"line":172,"column":14},"end":{"line":172,"column":28}},"100":{"start":{"line":172,"column":28},"end":{"line":317,"column":null}},"101":{"start":{"line":173,"column":13},"end":{"line":173,"column":null}},"102":{"start":{"line":173,"column":13},"end":{"line":179,"column":null}},"103":{"start":{"line":173,"column":13},"end":{"line":179,"column":64}},"104":{"start":{"line":173,"column":13},"end":{"line":179,"column":23}},"105":{"start":{"line":179,"column":23},"end":{"line":179,"column":78}},"106":{"start":{"line":179,"column":16},"end":{"line":179,"column":78}},"107":{"start":{"line":179,"column":16},"end":{"line":179,"column":22}},"108":{"start":{"line":179,"column":69},"end":{"line":179,"column":78}},"109":{"start":{"line":179,"column":78},"end":{"line":200,"column":null}},"110":{"start":{"line":181,"column":25},"end":{"line":181,"column":46}},"111":{"start":{"line":181,"column":46},"end":{"line":181,"column":null}},"112":{"start":{"line":181,"column":46},"end":{"line":185,"column":53}},"113":{"start":{"line":185,"column":53},"end":{"line":200,"column":60}},"114":{"start":{"line":200,"column":40},"end":{"line":200,"column":60}},"115":{"start":{"line":200,"column":60},"end":{"line":200,"column":null}},"116":{"start":{"line":200,"column":60},"end":{"line":246,"column":null}},"117":{"start":{"line":206,"column":25},"end":{"line":206,"column":47}},"118":{"start":{"line":206,"column":47},"end":{"line":206,"column":null}},"119":{"start":{"line":206,"column":47},"end":{"line":215,"column":null}},"120":{"start":{"line":215,"column":45},"end":{"line":215,"column":84}},"121":{"start":{"line":215,"column":84},"end":{"line":220,"column":null}},"122":{"start":{"line":218,"column":37},"end":{"line":218,"column":51}},"123":{"start":{"line":218,"column":55},"end":{"line":219,"column":59}},"124":{"start":{"line":218,"column":60},"end":{"line":218,"column":null}},"125":{"start":{"line":218,"column":60},"end":{"line":219,"column":null}},"126":{"start":{"line":219,"column":59},"end":{"line":219,"column":69}},"127":{"start":{"line":219,"column":69},"end":{"line":219,"column":59}},"128":{"start":{"line":219,"column":69},"end":{"line":219,"column":56}},"129":{"start":{"line":219,"column":56},"end":{"line":219,"column":59}},"130":{"start":{"line":220,"column":29},"end":{"line":232,"column":null}},"131":{"start":{"line":232,"column":49},"end":{"line":232,"column":85}},"132":{"start":{"line":232,"column":85},"end":{"line":236,"column":null}},"133":{"start":{"line":234,"column":41},"end":{"line":234,"column":52}},"134":{"start":{"line":234,"column":56},"end":{"line":235,"column":null}},"135":{"start":{"line":234,"column":62},"end":{"line":234,"column":null}},"136":{"start":{"line":234,"column":62},"end":{"line":235,"column":57}},"137":{"start":{"line":235,"column":57},"end":{"line":235,"column":null}},"138":{"start":{"line":235,"column":66},"end":{"line":235,"column":null}},"139":{"start":{"line":236,"column":33},"end":{"line":247,"column":null}},"140":{"start":{"line":247,"column":49},"end":{"line":247,"column":86}},"141":{"start":{"line":247,"column":86},"end":{"line":251,"column":null}},"142":{"start":{"line":249,"column":41},"end":{"line":249,"column":52}},"143":{"start":{"line":249,"column":56},"end":{"line":250,"column":null}},"144":{"start":{"line":249,"column":62},"end":{"line":249,"column":null}},"145":{"start":{"line":249,"column":62},"end":{"line":250,"column":57}},"146":{"start":{"line":250,"column":57},"end":{"line":250,"column":null}},"147":{"start":{"line":250,"column":66},"end":{"line":250,"column":null}},"148":{"start":{"line":251,"column":33},"end":{"line":262,"column":null}},"149":{"start":{"line":262,"column":49},"end":{"line":262,"column":60}},"150":{"start":{"line":262,"column":64},"end":{"line":262,"column":82}},"151":{"start":{"line":262,"column":65},"end":{"line":262,"column":75}},"152":{"start":{"line":262,"column":65},"end":{"line":262,"column":82}},"153":{"start":{"line":262,"column":76},"end":{"line":262,"column":82}},"154":{"start":{"line":262,"column":82},"end":{"line":267,"column":null}},"155":{"start":{"line":267,"column":49},"end":{"line":267,"column":60}},"156":{"start":{"line":267,"column":64},"end":{"line":267,"column":98}},"157":{"start":{"line":267,"column":65},"end":{"line":267,"column":75}},"158":{"start":{"line":267,"column":65},"end":{"line":267,"column":98}},"159":{"start":{"line":267,"column":75},"end":{"line":267,"column":92}},"160":{"start":{"line":267,"column":92},"end":{"line":267,"column":98}},"161":{"start":{"line":267,"column":98},"end":{"line":214,"column":null}},"162":{"start":{"line":267,"column":98},"end":{"line":214,"column":50}},"163":{"start":{"line":214,"column":50},"end":{"line":231,"column":null}},"164":{"start":{"line":214,"column":50},"end":{"line":231,"column":51}},"165":{"start":{"line":231,"column":51},"end":{"line":246,"column":null}},"166":{"start":{"line":231,"column":51},"end":{"line":246,"column":52}},"167":{"start":{"line":246,"column":52},"end":{"line":246,"column":null}},"168":{"start":{"line":246,"column":52},"end":{"line":294,"column":null}},"169":{"start":{"line":276,"column":25},"end":{"line":276,"column":47}},"170":{"start":{"line":276,"column":47},"end":{"line":294,"column":null}},"171":{"start":{"line":276,"column":47},"end":{"line":276,"column":null}},"172":{"start":{"line":276,"column":47},"end":{"line":277,"column":null}},"173":{"start":{"line":277,"column":63},"end":{"line":277,"column":86}},"174":{"start":{"line":277,"column":86},"end":{"line":277,"column":null}},"175":{"start":{"line":277,"column":86},"end":{"line":294,"column":null}},"176":{"start":{"line":288,"column":39},"end":{"line":288,"column":57}},"177":{"start":{"line":288,"column":61},"end":{"line":292,"column":null}},"178":{"start":{"line":288,"column":64},"end":{"line":288,"column":null}},"179":{"start":{"line":288,"column":64},"end":{"line":290,"column":null}},"180":{"start":{"line":290,"column":43},"end":{"line":290,"column":72}},"181":{"start":{"line":290,"column":72},"end":{"line":291,"column":null}},"182":{"start":{"line":291,"column":61},"end":{"line":291,"column":70}},"183":{"start":{"line":291,"column":70},"end":{"line":292,"column":90}},"184":{"start":{"line":292,"column":69},"end":{"line":292,"column":85}},"185":{"start":{"line":292,"column":85},"end":{"line":292,"column":null}},"186":{"start":{"line":292,"column":90},"end":{"line":292,"column":107}},"187":{"start":{"line":292,"column":107},"end":{"line":292,"column":null}},"188":{"start":{"line":294,"column":31},"end":{"line":294,"column":null}},"189":{"start":{"line":294,"column":31},"end":{"line":300,"column":null}},"190":{"start":{"line":300,"column":25},"end":{"line":300,"column":49}},"191":{"start":{"line":300,"column":49},"end":{"line":300,"column":null}},"192":{"start":{"line":300,"column":49},"end":{"line":309,"column":null}},"193":{"start":{"line":308,"column":24},"end":{"line":308,"column":45}},"194":{"start":{"line":308,"column":45},"end":{"line":308,"column":null}},"195":{"start":{"line":308,"column":45},"end":{"line":309,"column":null}},"196":{"start":{"line":309,"column":60},"end":{"line":309,"column":null}},"197":{"start":{"line":309,"column":60},"end":{"line":313,"column":null}},"198":{"start":{"line":311,"column":24},"end":{"line":311,"column":46}},"199":{"start":{"line":311,"column":46},"end":{"line":313,"column":null}},"200":{"start":{"line":311,"column":46},"end":{"line":311,"column":null}},"201":{"start":{"line":311,"column":46},"end":{"line":312,"column":70}},"202":{"start":{"line":312,"column":53},"end":{"line":312,"column":70}},"203":{"start":{"line":312,"column":70},"end":{"line":312,"column":null}},"204":{"start":{"line":312,"column":70},"end":{"line":313,"column":78}},"205":{"start":{"line":313,"column":78},"end":{"line":313,"column":null}},"206":{"start":{"line":313,"column":78},"end":{"line":317,"column":null}},"207":{"start":{"line":315,"column":24},"end":{"line":315,"column":46}},"208":{"start":{"line":315,"column":46},"end":{"line":317,"column":null}},"209":{"start":{"line":315,"column":46},"end":{"line":315,"column":null}},"210":{"start":{"line":315,"column":46},"end":{"line":316,"column":71}},"211":{"start":{"line":316,"column":53},"end":{"line":316,"column":71}},"212":{"start":{"line":316,"column":71},"end":{"line":316,"column":null}},"213":{"start":{"line":316,"column":71},"end":{"line":317,"column":71}},"214":{"start":{"line":317,"column":71},"end":{"line":317,"column":null}},"215":{"start":{"line":327,"column":30},"end":{"line":327,"column":null}}},"fnMap":{"0":{"name":"(anonymous_0)","decl":{"start":{"line":20,"column":56},"end":{"line":20,"column":66}},"loc":{"start":{"line":20,"column":66},"end":{"line":325,"column":1}},"line":20},"1":{"name":"(anonymous_1)","decl":{"start":{"line":32,"column":16},"end":{"line":32,"column":22}},"loc":{"start":{"line":32,"column":22},"end":{"line":40,"column":null}},"line":32},"2":{"name":"(anonymous_2)","decl":{"start":{"line":42,"column":15},"end":{"line":42,"column":21}},"loc":{"start":{"line":42,"column":21},"end":{"line":46,"column":3}},"line":42},"3":{"name":"(anonymous_3)","decl":{"start":{"line":48,"column":28},"end":{"line":48,"column":29}},"loc":{"start":{"line":48,"column":46},"end":{"line":71,"column":null}},"line":48},"4":{"name":"(anonymous_4)","decl":{"start":{"line":60,"column":32},"end":{"line":60,"column":37}},"loc":{"start":{"line":60,"column":37},"end":{"line":60,"column":58}},"line":60},"5":{"name":"(anonymous_5)","decl":{"start":{"line":61,"column":31},"end":{"line":61,"column":36}},"loc":{"start":{"line":61,"column":36},"end":{"line":61,"column":74}},"line":61},"6":{"name":"(anonymous_6)","decl":{"start":{"line":73,"column":33},"end":{"line":73,"column":45}},"loc":{"start":{"line":73,"column":45},"end":{"line":84,"column":null}},"line":73},"7":{"name":"(anonymous_7)","decl":{"start":{"line":86,"column":28},"end":{"line":86,"column":29}},"loc":{"start":{"line":86,"column":47},"end":{"line":91,"column":null}},"line":86},"8":{"name":"(anonymous_8)","decl":{"start":{"line":93,"column":20},"end":{"line":93,"column":21}},"loc":{"start":{"line":93,"column":41},"end":{"line":106,"column":null}},"line":93},"9":{"name":"(anonymous_9)","decl":{"start":{"line":108,"column":25},"end":{"line":108,"column":31}},"loc":{"start":{"line":108,"column":31},"end":{"line":140,"column":null}},"line":108},"10":{"name":"(anonymous_10)","decl":{"start":{"line":118,"column":17},"end":{"line":118,"column":24}},"loc":{"start":{"line":118,"column":24},"end":{"line":137,"column":5}},"line":118},"11":{"name":"(anonymous_11)","decl":{"start":{"line":142,"column":30},"end":{"line":142,"column":36}},"loc":{"start":{"line":142,"column":36},"end":{"line":153,"column":null}},"line":142},"12":{"name":"(anonymous_12)","decl":{"start":{"line":155,"column":23},"end":{"line":155,"column":35}},"loc":{"start":{"line":155,"column":35},"end":{"line":169,"column":null}},"line":155},"13":{"name":"(anonymous_13)","decl":{"start":{"line":158,"column":44},"end":{"line":158,"column":50}},"loc":{"start":{"line":158,"column":50},"end":{"line":162,"column":8}},"line":158},"14":{"name":"(anonymous_14)","decl":{"start":{"line":172,"column":10},"end":{"line":172,"column":14}},"loc":{"start":{"line":172,"column":14},"end":{"line":172,"column":null}},"line":172},"15":{"name":"(anonymous_15)","decl":{"start":{"line":172,"column":28},"end":{"line":172,"column":null}},"loc":{"start":{"line":172,"column":28},"end":{"line":317,"column":null}},"line":172},"16":{"name":"(anonymous_16)","decl":{"start":{"line":173,"column":13},"end":{"line":173,"column":null}},"loc":{"start":{"line":173,"column":13},"end":{"line":317,"column":null}},"line":173},"17":{"name":"(anonymous_17)","decl":{"start":{"line":179,"column":23},"end":{"line":179,"column":64}},"loc":{"start":{"line":179,"column":16},"end":{"line":179,"column":78}},"line":179},"18":{"name":"(anonymous_18)","decl":{"start":{"line":179,"column":16},"end":{"line":179,"column":22}},"loc":{"start":{"line":179,"column":16},"end":{"line":179,"column":78}},"line":179},"19":{"name":"(anonymous_19)","decl":{"start":{"line":181,"column":21},"end":{"line":181,"column":25}},"loc":{"start":{"line":181,"column":25},"end":{"line":181,"column":null}},"line":181},"20":{"name":"(anonymous_20)","decl":{"start":{"line":181,"column":46},"end":{"line":181,"column":null}},"loc":{"start":{"line":181,"column":46},"end":{"line":200,"column":null}},"line":181},"21":{"name":"(anonymous_21)","decl":{"start":{"line":200,"column":34},"end":{"line":200,"column":40}},"loc":{"start":{"line":200,"column":40},"end":{"line":200,"column":60}},"line":200},"22":{"name":"(anonymous_22)","decl":{"start":{"line":206,"column":21},"end":{"line":206,"column":25}},"loc":{"start":{"line":206,"column":25},"end":{"line":206,"column":null}},"line":206},"23":{"name":"(anonymous_23)","decl":{"start":{"line":206,"column":47},"end":{"line":206,"column":null}},"loc":{"start":{"line":206,"column":47},"end":{"line":246,"column":null}},"line":206},"24":{"name":"(anonymous_24)","decl":{"start":{"line":215,"column":39},"end":{"line":215,"column":45}},"loc":{"start":{"line":215,"column":45},"end":{"line":215,"column":84}},"line":215},"25":{"name":"(anonymous_25)","decl":{"start":{"line":218,"column":33},"end":{"line":218,"column":37}},"loc":{"start":{"line":218,"column":37},"end":{"line":218,"column":55}},"line":218},"26":{"name":"(anonymous_26)","decl":{"start":{"line":218,"column":55},"end":{"line":218,"column":60}},"loc":{"start":{"line":218,"column":55},"end":{"line":219,"column":59}},"line":218},"27":{"name":"(anonymous_27)","decl":{"start":{"line":218,"column":60},"end":{"line":218,"column":null}},"loc":{"start":{"line":218,"column":60},"end":{"line":219,"column":59}},"line":218},"28":{"name":"(anonymous_28)","decl":{"start":{"line":219,"column":69},"end":{"line":219,"column":null}},"loc":{"start":{"line":219,"column":69},"end":{"line":219,"column":56}},"line":219},"29":{"name":"(anonymous_29)","decl":{"start":{"line":232,"column":43},"end":{"line":232,"column":49}},"loc":{"start":{"line":232,"column":49},"end":{"line":232,"column":85}},"line":232},"30":{"name":"(anonymous_30)","decl":{"start":{"line":234,"column":37},"end":{"line":234,"column":41}},"loc":{"start":{"line":234,"column":41},"end":{"line":234,"column":56}},"line":234},"31":{"name":"(anonymous_31)","decl":{"start":{"line":234,"column":56},"end":{"line":234,"column":62}},"loc":{"start":{"line":234,"column":56},"end":{"line":235,"column":null}},"line":234},"32":{"name":"(anonymous_32)","decl":{"start":{"line":234,"column":62},"end":{"line":234,"column":null}},"loc":{"start":{"line":234,"column":62},"end":{"line":235,"column":null}},"line":234},"33":{"name":"(anonymous_33)","decl":{"start":{"line":247,"column":43},"end":{"line":247,"column":49}},"loc":{"start":{"line":247,"column":49},"end":{"line":247,"column":86}},"line":247},"34":{"name":"(anonymous_34)","decl":{"start":{"line":249,"column":37},"end":{"line":249,"column":41}},"loc":{"start":{"line":249,"column":41},"end":{"line":249,"column":56}},"line":249},"35":{"name":"(anonymous_35)","decl":{"start":{"line":249,"column":56},"end":{"line":249,"column":62}},"loc":{"start":{"line":249,"column":56},"end":{"line":250,"column":null}},"line":249},"36":{"name":"(anonymous_36)","decl":{"start":{"line":249,"column":62},"end":{"line":249,"column":null}},"loc":{"start":{"line":249,"column":62},"end":{"line":250,"column":null}},"line":249},"37":{"name":"(anonymous_37)","decl":{"start":{"line":262,"column":45},"end":{"line":262,"column":49}},"loc":{"start":{"line":262,"column":49},"end":{"line":262,"column":64}},"line":262},"38":{"name":"(anonymous_38)","decl":{"start":{"line":262,"column":64},"end":{"line":262,"column":65}},"loc":{"start":{"line":262,"column":64},"end":{"line":262,"column":82}},"line":262},"39":{"name":"(anonymous_39)","decl":{"start":{"line":262,"column":65},"end":{"line":262,"column":75}},"loc":{"start":{"line":262,"column":65},"end":{"line":262,"column":82}},"line":262},"40":{"name":"(anonymous_40)","decl":{"start":{"line":267,"column":45},"end":{"line":267,"column":49}},"loc":{"start":{"line":267,"column":49},"end":{"line":267,"column":64}},"line":267},"41":{"name":"(anonymous_41)","decl":{"start":{"line":267,"column":64},"end":{"line":267,"column":65}},"loc":{"start":{"line":267,"column":64},"end":{"line":267,"column":98}},"line":267},"42":{"name":"(anonymous_42)","decl":{"start":{"line":267,"column":65},"end":{"line":267,"column":75}},"loc":{"start":{"line":267,"column":65},"end":{"line":267,"column":98}},"line":267},"43":{"name":"(anonymous_43)","decl":{"start":{"line":267,"column":98},"end":{"line":267,"column":null}},"loc":{"start":{"line":267,"column":98},"end":{"line":214,"column":50}},"line":267},"44":{"name":"(anonymous_44)","decl":{"start":{"line":214,"column":50},"end":{"line":214,"column":null}},"loc":{"start":{"line":214,"column":50},"end":{"line":231,"column":51}},"line":214},"45":{"name":"(anonymous_45)","decl":{"start":{"line":231,"column":51},"end":{"line":231,"column":null}},"loc":{"start":{"line":231,"column":51},"end":{"line":246,"column":52}},"line":231},"46":{"name":"(anonymous_46)","decl":{"start":{"line":276,"column":21},"end":{"line":276,"column":25}},"loc":{"start":{"line":276,"column":25},"end":{"line":276,"column":null}},"line":276},"47":{"name":"(anonymous_47)","decl":{"start":{"line":276,"column":47},"end":{"line":276,"column":null}},"loc":{"start":{"line":276,"column":47},"end":{"line":294,"column":null}},"line":276},"48":{"name":"(anonymous_48)","decl":{"start":{"line":277,"column":86},"end":{"line":277,"column":null}},"loc":{"start":{"line":277,"column":86},"end":{"line":294,"column":null}},"line":277},"49":{"name":"(anonymous_49)","decl":{"start":{"line":288,"column":35},"end":{"line":288,"column":39}},"loc":{"start":{"line":288,"column":39},"end":{"line":288,"column":61}},"line":288},"50":{"name":"(anonymous_50)","decl":{"start":{"line":288,"column":61},"end":{"line":288,"column":64}},"loc":{"start":{"line":288,"column":61},"end":{"line":292,"column":null}},"line":288},"51":{"name":"(anonymous_51)","decl":{"start":{"line":288,"column":64},"end":{"line":288,"column":null}},"loc":{"start":{"line":288,"column":64},"end":{"line":292,"column":null}},"line":288},"52":{"name":"(anonymous_52)","decl":{"start":{"line":290,"column":72},"end":{"line":290,"column":null}},"loc":{"start":{"line":291,"column":61},"end":{"line":291,"column":70}},"line":291},"53":{"name":"(anonymous_53)","decl":{"start":{"line":291,"column":70},"end":{"line":291,"column":null}},"loc":{"start":{"line":292,"column":69},"end":{"line":292,"column":85}},"line":292},"54":{"name":"(anonymous_54)","decl":{"start":{"line":292,"column":85},"end":{"line":292,"column":90}},"loc":{"start":{"line":292,"column":90},"end":{"line":292,"column":107}},"line":292},"55":{"name":"(anonymous_55)","decl":{"start":{"line":300,"column":21},"end":{"line":300,"column":25}},"loc":{"start":{"line":300,"column":25},"end":{"line":300,"column":null}},"line":300},"56":{"name":"(anonymous_56)","decl":{"start":{"line":300,"column":49},"end":{"line":300,"column":null}},"loc":{"start":{"line":300,"column":49},"end":{"line":300,"column":null}},"line":300},"57":{"name":"(anonymous_57)","decl":{"start":{"line":308,"column":20},"end":{"line":308,"column":24}},"loc":{"start":{"line":308,"column":24},"end":{"line":308,"column":null}},"line":308},"58":{"name":"(anonymous_58)","decl":{"start":{"line":308,"column":45},"end":{"line":308,"column":null}},"loc":{"start":{"line":308,"column":45},"end":{"line":309,"column":null}},"line":308},"59":{"name":"(anonymous_59)","decl":{"start":{"line":311,"column":20},"end":{"line":311,"column":24}},"loc":{"start":{"line":311,"column":24},"end":{"line":311,"column":null}},"line":311},"60":{"name":"(anonymous_60)","decl":{"start":{"line":311,"column":46},"end":{"line":311,"column":null}},"loc":{"start":{"line":311,"column":46},"end":{"line":313,"column":null}},"line":311},"61":{"name":"(anonymous_61)","decl":{"start":{"line":312,"column":47},"end":{"line":312,"column":53}},"loc":{"start":{"line":312,"column":53},"end":{"line":312,"column":70}},"line":312},"62":{"name":"(anonymous_62)","decl":{"start":{"line":312,"column":70},"end":{"line":312,"column":null}},"loc":{"start":{"line":312,"column":70},"end":{"line":313,"column":null}},"line":312},"63":{"name":"(anonymous_63)","decl":{"start":{"line":315,"column":20},"end":{"line":315,"column":24}},"loc":{"start":{"line":315,"column":24},"end":{"line":315,"column":null}},"line":315},"64":{"name":"(anonymous_64)","decl":{"start":{"line":315,"column":46},"end":{"line":315,"column":null}},"loc":{"start":{"line":315,"column":46},"end":{"line":317,"column":null}},"line":315},"65":{"name":"(anonymous_65)","decl":{"start":{"line":316,"column":47},"end":{"line":316,"column":53}},"loc":{"start":{"line":316,"column":53},"end":{"line":316,"column":71}},"line":316},"66":{"name":"(anonymous_66)","decl":{"start":{"line":316,"column":71},"end":{"line":316,"column":null}},"loc":{"start":{"line":316,"column":71},"end":{"line":317,"column":null}},"line":316}},"branchMap":{"0":{"loc":{"start":{"line":43,"column":4},"end":{"line":45,"column":null}},"type":"if","locations":[{"start":{"line":43,"column":4},"end":{"line":45,"column":null}},{"start":{},"end":{}}],"line":43},"1":{"loc":{"start":{"line":51,"column":6},"end":{"line":54,"column":null}},"type":"if","locations":[{"start":{"line":51,"column":6},"end":{"line":54,"column":null}},{"start":{},"end":{}}],"line":51},"2":{"loc":{"start":{"line":60,"column":22},"end":{"line":60,"column":null}},"type":"binary-expr","locations":[{"start":{"line":60,"column":22},"end":{"line":60,"column":63}},{"start":{"line":60,"column":63},"end":{"line":60,"column":null}}],"line":60},"3":{"loc":{"start":{"line":61,"column":21},"end":{"line":61,"column":null}},"type":"binary-expr","locations":[{"start":{"line":61,"column":21},"end":{"line":61,"column":80}},{"start":{"line":61,"column":80},"end":{"line":61,"column":null}}],"line":61},"4":{"loc":{"start":{"line":61,"column":80},"end":{"line":61,"column":null}},"type":"cond-expr","locations":[{"start":{"line":61,"column":98},"end":{"line":61,"column":108}},{"start":{"line":61,"column":108},"end":{"line":61,"column":null}}],"line":61},"5":{"loc":{"start":{"line":76,"column":6},"end":{"line":79,"column":null}},"type":"if","locations":[{"start":{"line":76,"column":6},"end":{"line":79,"column":null}},{"start":{},"end":{}}],"line":76},"6":{"loc":{"start":{"line":88,"column":4},"end":{"line":90,"column":null}},"type":"if","locations":[{"start":{"line":88,"column":4},"end":{"line":90,"column":null}},{"start":{},"end":{}}],"line":88},"7":{"loc":{"start":{"line":94,"column":4},"end":{"line":94,"column":null}},"type":"if","locations":[{"start":{"line":94,"column":4},"end":{"line":94,"column":null}},{"start":{},"end":{}}],"line":94},"8":{"loc":{"start":{"line":97,"column":4},"end":{"line":97,"column":null}},"type":"if","locations":[{"start":{"line":97,"column":4},"end":{"line":97,"column":null}},{"start":{},"end":{}}],"line":97},"9":{"loc":{"start":{"line":101,"column":4},"end":{"line":103,"column":null}},"type":"if","locations":[{"start":{"line":101,"column":4},"end":{"line":103,"column":null}},{"start":{},"end":{}}],"line":101},"10":{"loc":{"start":{"line":114,"column":4},"end":{"line":114,"column":null}},"type":"if","locations":[{"start":{"line":114,"column":4},"end":{"line":114,"column":null}},{"start":{},"end":{}}],"line":114},"11":{"loc":{"start":{"line":114,"column":8},"end":{"line":114,"column":41}},"type":"binary-expr","locations":[{"start":{"line":114,"column":8},"end":{"line":114,"column":20}},{"start":{"line":114,"column":20},"end":{"line":114,"column":32}},{"start":{"line":114,"column":32},"end":{"line":114,"column":41}}],"line":114},"12":{"loc":{"start":{"line":122,"column":6},"end":{"line":122,"column":null}},"type":"if","locations":[{"start":{"line":122,"column":6},"end":{"line":122,"column":null}},{"start":{},"end":{}}],"line":122},"13":{"loc":{"start":{"line":125,"column":6},"end":{"line":125,"column":null}},"type":"if","locations":[{"start":{"line":125,"column":6},"end":{"line":125,"column":null}},{"start":{},"end":{}}],"line":125},"14":{"loc":{"start":{"line":128,"column":6},"end":{"line":128,"column":null}},"type":"if","locations":[{"start":{"line":128,"column":6},"end":{"line":128,"column":null}},{"start":{},"end":{}}],"line":128},"15":{"loc":{"start":{"line":143,"column":5},"end":{"line":146,"column":null}},"type":"if","locations":[{"start":{"line":143,"column":5},"end":{"line":146,"column":null}},{"start":{},"end":{}}],"line":143},"16":{"loc":{"start":{"line":147,"column":5},"end":{"line":150,"column":null}},"type":"if","locations":[{"start":{"line":147,"column":5},"end":{"line":150,"column":null}},{"start":{},"end":{}}],"line":147},"17":{"loc":{"start":{"line":147,"column":9},"end":{"line":147,"column":42}},"type":"binary-expr","locations":[{"start":{"line":147,"column":9},"end":{"line":147,"column":26}},{"start":{"line":147,"column":26},"end":{"line":147,"column":42}}],"line":147},"18":{"loc":{"start":{"line":179,"column":16},"end":{"line":179,"column":78}},"type":"binary-expr","locations":[{"start":{"line":179,"column":16},"end":{"line":179,"column":22}},{"start":{"line":179,"column":16},"end":{"line":179,"column":78}}],"line":179},"19":{"loc":{"start":{"line":327,"column":30},"end":{"line":327,"column":null}},"type":"if","locations":[{"start":{"line":327,"column":30},"end":{"line":327,"column":null}},{"start":{},"end":{}}],"line":327}},"s":{"0":1,"1":2,"2":2,"3":2,"4":2,"5":2,"6":2,"7":2,"8":2,"9":1,"10":1,"11":1,"12":1,"13":1,"14":1,"15":1,"16":2,"17":2,"18":1,"19":2,"20":0,"21":0,"22":0,"23":0,"24":0,"25":0,"26":0,"27":0,"28":0,"29":0,"30":0,"31":0,"32":0,"33":0,"34":0,"35":0,"36":0,"37":2,"38":0,"39":0,"40":0,"41":0,"42":0,"43":0,"44":0,"45":2,"46":0,"47":0,"48":0,"49":2,"50":0,"51":0,"52":0,"53":0,"54":0,"55":0,"56":0,"57":0,"58":0,"59":2,"60":0,"61":0,"62":0,"63":0,"64":0,"65":0,"66":0,"67":0,"68":0,"69":0,"70":0,"71":0,"72":0,"73":0,"74":0,"75":0,"76":0,"77":0,"78":0,"79":0,"80":2,"81":0,"82":0,"83":0,"84":0,"85":0,"86":0,"87":0,"88":0,"89":2,"90":0,"91":0,"92":0,"93":0,"94":0,"95":0,"96":0,"97":0,"98":2,"99":2,"100":1,"101":1,"102":1,"103":1,"104":1,"105":1,"106":0,"107":0,"108":0,"109":1,"110":1,"111":1,"112":1,"113":1,"114":0,"115":1,"116":1,"117":1,"118":0,"119":0,"120":0,"121":0,"122":0,"123":0,"124":0,"125":0,"126":0,"127":0,"128":0,"129":0,"130":0,"131":0,"132":0,"133":0,"134":0,"135":0,"136":0,"137":0,"138":0,"139":0,"140":0,"141":0,"142":0,"143":0,"144":0,"145":0,"146":0,"147":0,"148":0,"149":0,"150":0,"151":0,"152":0,"153":0,"154":0,"155":0,"156":0,"157":0,"158":0,"159":0,"160":0,"161":0,"162":0,"163":0,"164":0,"165":0,"166":0,"167":0,"168":1,"169":1,"170":0,"171":0,"172":0,"173":0,"174":0,"175":0,"176":0,"177":0,"178":0,"179":0,"180":0,"181":0,"182":0,"183":0,"184":0,"185":0,"186":0,"187":0,"188":0,"189":1,"190":1,"191":0,"192":1,"193":1,"194":1,"195":1,"196":1,"197":1,"198":1,"199":0,"200":0,"201":0,"202":0,"203":0,"204":0,"205":0,"206":1,"207":1,"208":0,"209":0,"210":0,"211":0,"212":0,"213":0,"214":1,"215":1},"f":{"0":2,"1":1,"2":2,"3":0,"4":0,"5":0,"6":0,"7":0,"8":0,"9":0,"10":0,"11":0,"12":0,"13":0,"14":2,"15":1,"16":3,"17":1,"18":0,"19":1,"20":1,"21":0,"22":1,"23":0,"24":0,"25":0,"26":0,"27":0,"28":0,"29":0,"30":0,"31":0,"32":0,"33":0,"34":0,"35":0,"36":0,"37":0,"38":0,"39":0,"40":0,"41":0,"42":0,"43":0,"44":0,"45":0,"46":1,"47":0,"48":0,"49":0,"50":0,"51":0,"52":0,"53":0,"54":0,"55":1,"56":0,"57":1,"58":1,"59":1,"60":0,"61":0,"62":0,"63":1,"64":0,"65":0,"66":0},"b":{"0":[1,1],"1":[0,0],"2":[0,0],"3":[0,0],"4":[0,0],"5":[0,0],"6":[0,0],"7":[0,0],"8":[0,0],"9":[0,0],"10":[0,0],"11":[0,0,0],"12":[0,0],"13":[0,0],"14":[0,0],"15":[0,0],"16":[0,0],"17":[0,0],"18":[1,0],"19":[1,0]},"meta":{"lastBranch":20,"lastFunction":67,"lastStatement":216,"seen":{"s:20:6:325:Infinity":0,"f:20:56:20:66":0,"s:21:22:21:Infinity":1,"s:22:28:22:Infinity":2,"s:23:28:23:Infinity":3,"s:26:40:26:Infinity":4,"s:27:34:27:Infinity":5,"s:28:36:28:Infinity":6,"s:30:24:30:Infinity":7,"s:32:16:40:Infinity":8,"f:32:16:32:22":1,"s:33:4:33:Infinity":9,"s:34:4:34:Infinity":10,"s:35:4:35:Infinity":11,"s:36:4:36:Infinity":12,"s:37:4:37:Infinity":13,"s:38:4:38:Infinity":14,"s:39:4:39:Infinity":15,"s:42:2:46:Infinity":16,"f:42:15:42:21":2,"b:43:4:45:Infinity:undefined:undefined:undefined:undefined":0,"s:43:4:45:Infinity":17,"s:44:6:44:Infinity":18,"s:48:28:71:Infinity":19,"f:48:28:48:29":3,"s:49:4:70:Infinity":20,"s:50:12:50:Infinity":21,"b:51:6:54:Infinity:undefined:undefined:undefined:undefined":1,"s:51:6:54:Infinity":22,"s:52:8:52:Infinity":23,"s:53:8:53:Infinity":24,"s:55:19:55:Infinity":25,"s:56:6:56:Infinity":26,"s:57:6:57:Infinity":27,"s:60:22:60:Infinity":28,"b:60:22:60:63:60:63:60:Infinity":2,"f:60:32:60:37":4,"s:60:37:60:58":29,"s:61:21:61:Infinity":30,"b:61:21:61:80:61:80:61:Infinity":3,"f:61:31:61:36":5,"s:61:36:61:74":31,"b:61:98:61:108:61:108:61:Infinity":4,"s:63:6:63:Infinity":32,"s:64:6:64:Infinity":33,"s:66:6:66:Infinity":34,"s:67:6:67:Infinity":35,"s:69:6:69:Infinity":36,"s:73:33:84:Infinity":37,"f:73:33:73:45":6,"s:74:4:83:Infinity":38,"s:75:19:75:Infinity":39,"b:76:6:79:Infinity:undefined:undefined:undefined:undefined":5,"s:76:6:79:Infinity":40,"s:77:8:77:Infinity":41,"s:78:8:78:Infinity":42,"s:80:6:80:Infinity":43,"s:82:6:82:Infinity":44,"s:86:28:91:Infinity":45,"f:86:28:86:29":7,"s:87:18:87:Infinity":46,"b:88:4:90:Infinity:undefined:undefined:undefined:undefined":6,"s:88:4:90:Infinity":47,"s:89:6:89:Infinity":48,"s:93:20:106:Infinity":49,"f:93:20:93:21":8,"b:94:4:94:Infinity:undefined:undefined:undefined:undefined":7,"s:94:4:94:Infinity":50,"s:94:19:94:31":51,"s:96:15:96:Infinity":52,"b:97:4:97:Infinity:undefined:undefined:undefined:undefined":8,"s:97:4:97:Infinity":53,"s:97:33:97:45":54,"s:100:20:100:Infinity":55,"b:101:4:103:Infinity:undefined:undefined:undefined:undefined":9,"s:101:4:103:Infinity":56,"s:102:6:102:Infinity":57,"s:105:4:105:Infinity":58,"s:108:25:140:Infinity":59,"f:108:25:108:31":9,"s:109:17:109:Infinity":60,"s:110:20:110:Infinity":61,"s:111:20:111:Infinity":62,"s:112:19:112:Infinity":63,"b:114:4:114:Infinity:undefined:undefined:undefined:undefined":10,"s:114:4:114:Infinity":64,"b:114:8:114:20:114:20:114:32:114:32:114:41":11,"s:114:42:114:52":65,"s:116:26:116:Infinity":66,"s:118:4:137:Infinity":67,"f:118:17:118:24":10,"s:119:22:119:Infinity":68,"s:120:19:120:Infinity":69,"b:122:6:122:Infinity:undefined:undefined:undefined:undefined":12,"s:122:6:122:Infinity":70,"s:122:18:122:25":71,"s:124:21:124:Infinity":72,"b:125:6:125:Infinity:undefined:undefined:undefined:undefined":13,"s:125:6:125:Infinity":73,"s:125:20:125:27":74,"s:127:12:127:Infinity":75,"b:128:6:128:Infinity:undefined:undefined:undefined:undefined":14,"s:128:6:128:Infinity":76,"s:128:25:128:32":77,"s:130:6:136:Infinity":78,"s:139:4:139:Infinity":79,"s:142:30:153:Infinity":80,"f:142:30:142:36":11,"b:143:5:146:Infinity:undefined:undefined:undefined:undefined":15,"s:143:5:146:Infinity":81,"s:144:9:144:Infinity":82,"s:145:9:145:Infinity":83,"b:147:5:150:Infinity:undefined:undefined:undefined:undefined":16,"s:147:5:150:Infinity":84,"b:147:9:147:26:147:26:147:42":17,"s:148:9:148:Infinity":85,"s:149:9:149:Infinity":86,"s:151:5:151:Infinity":87,"s:152:5:152:Infinity":88,"s:155:23:169:Infinity":89,"f:155:23:155:35":12,"s:156:4:156:Infinity":90,"s:157:4:168:Infinity":91,"s:158:23:162:Infinity":92,"f:158:44:158:50":13,"s:158:50:162:8":93,"s:163:6:163:Infinity":94,"s:164:6:164:Infinity":95,"s:166:6:166:Infinity":96,"s:167:6:167:Infinity":97,"s:171:2:317:Infinity":98,"f:172:10:172:14":14,"s:172:14:172:28":99,"f:172:28:172:Infinity":15,"s:172:28:317:Infinity":100,"f:173:13:173:Infinity":16,"s:173:13:173:Infinity":101,"s:173:13:179:Infinity":102,"s:173:13:179:64":103,"s:173:13:179:23":104,"s:179:23:179:78":105,"f:179:23:179:64":17,"s:179:16:179:78":106,"b:179:16:179:22:179:16:179:78":18,"f:179:16:179:22":18,"s:179:16:179:22":107,"s:179:69:179:78":108,"s:179:78:200:Infinity":109,"f:181:21:181:25":19,"s:181:25:181:46":110,"f:181:46:181:Infinity":20,"s:181:46:181:Infinity":111,"s:181:46:185:53":112,"s:185:53:200:60":113,"f:200:34:200:40":21,"s:200:40:200:60":114,"s:200:60:200:Infinity":115,"s:200:60:246:Infinity":116,"f:206:21:206:25":22,"s:206:25:206:47":117,"f:206:47:206:Infinity":23,"s:206:47:206:Infinity":118,"s:206:47:215:Infinity":119,"f:215:39:215:45":24,"s:215:45:215:84":120,"s:215:84:220:Infinity":121,"f:218:33:218:37":25,"s:218:37:218:51":122,"f:218:55:218:60":26,"s:218:55:219:59":123,"f:218:60:218:Infinity":27,"s:218:60:218:Infinity":124,"s:218:60:219:Infinity":125,"s:219:59:219:69":126,"s:219:69:219:59":127,"f:219:69:219:Infinity":28,"s:219:69:219:56":128,"s:219:56:219:59":129,"s:220:29:232:Infinity":130,"f:232:43:232:49":29,"s:232:49:232:85":131,"s:232:85:236:Infinity":132,"f:234:37:234:41":30,"s:234:41:234:52":133,"f:234:56:234:62":31,"s:234:56:235:Infinity":134,"f:234:62:234:Infinity":32,"s:234:62:234:Infinity":135,"s:234:62:235:57":136,"s:235:57:235:Infinity":137,"s:235:66:235:Infinity":138,"s:236:33:247:Infinity":139,"f:247:43:247:49":33,"s:247:49:247:86":140,"s:247:86:251:Infinity":141,"f:249:37:249:41":34,"s:249:41:249:52":142,"f:249:56:249:62":35,"s:249:56:250:Infinity":143,"f:249:62:249:Infinity":36,"s:249:62:249:Infinity":144,"s:249:62:250:57":145,"s:250:57:250:Infinity":146,"s:250:66:250:Infinity":147,"s:251:33:262:Infinity":148,"f:262:45:262:49":37,"s:262:49:262:60":149,"f:262:64:262:65":38,"s:262:64:262:82":150,"f:262:65:262:75":39,"s:262:65:262:75":151,"s:262:65:262:82":152,"s:262:76:262:82":153,"s:262:82:267:Infinity":154,"f:267:45:267:49":40,"s:267:49:267:60":155,"f:267:64:267:65":41,"s:267:64:267:98":156,"f:267:65:267:75":42,"s:267:65:267:75":157,"s:267:65:267:98":158,"s:267:75:267:92":159,"s:267:92:267:98":160,"s:267:98:214:Infinity":161,"f:267:98:267:Infinity":43,"s:267:98:214:50":162,"s:214:50:231:Infinity":163,"f:214:50:214:Infinity":44,"s:214:50:231:51":164,"s:231:51:246:Infinity":165,"f:231:51:231:Infinity":45,"s:231:51:246:52":166,"s:246:52:246:Infinity":167,"s:246:52:294:Infinity":168,"f:276:21:276:25":46,"s:276:25:276:47":169,"f:276:47:276:Infinity":47,"s:276:47:294:Infinity":170,"s:276:47:276:Infinity":171,"s:276:47:277:Infinity":172,"s:277:63:277:86":173,"s:277:86:277:Infinity":174,"f:277:86:277:Infinity":48,"s:277:86:294:Infinity":175,"f:288:35:288:39":49,"s:288:39:288:57":176,"f:288:61:288:64":50,"s:288:61:292:Infinity":177,"f:288:64:288:Infinity":51,"s:288:64:288:Infinity":178,"s:288:64:290:Infinity":179,"s:290:43:290:72":180,"s:290:72:291:Infinity":181,"f:290:72:290:Infinity":52,"s:291:61:291:70":182,"s:291:70:292:90":183,"f:291:70:291:Infinity":53,"s:292:69:292:85":184,"s:292:85:292:Infinity":185,"f:292:85:292:90":54,"s:292:90:292:107":186,"s:292:107:292:Infinity":187,"s:294:31:294:Infinity":188,"s:294:31:300:Infinity":189,"f:300:21:300:25":55,"s:300:25:300:49":190,"f:300:49:300:Infinity":56,"s:300:49:300:Infinity":191,"s:300:49:309:Infinity":192,"f:308:20:308:24":57,"s:308:24:308:45":193,"f:308:45:308:Infinity":58,"s:308:45:308:Infinity":194,"s:308:45:309:Infinity":195,"s:309:60:309:Infinity":196,"s:309:60:313:Infinity":197,"f:311:20:311:24":59,"s:311:24:311:46":198,"f:311:46:311:Infinity":60,"s:311:46:313:Infinity":199,"s:311:46:311:Infinity":200,"s:311:46:312:70":201,"f:312:47:312:53":61,"s:312:53:312:70":202,"s:312:70:312:Infinity":203,"f:312:70:312:Infinity":62,"s:312:70:313:78":204,"s:313:78:313:Infinity":205,"s:313:78:317:Infinity":206,"f:315:20:315:24":63,"s:315:24:315:46":207,"f:315:46:315:Infinity":64,"s:315:46:317:Infinity":208,"s:315:46:315:Infinity":209,"s:315:46:316:71":210,"f:316:47:316:53":65,"s:316:53:316:71":211,"s:316:71:316:Infinity":212,"f:316:71:316:Infinity":66,"s:316:71:317:71":213,"s:317:71:317:Infinity":214,"b:327:30:327:Infinity:undefined:undefined:undefined:undefined":19,"s:327:30:327:Infinity":215}}}
,"/home/cda/dev/playground/energy.consumption/src/context/ToastContext.tsx": {"path":"/home/cda/dev/playground/energy.consumption/src/context/ToastContext.tsx","statementMap":{"0":{"start":{"line":16,"column":6},"end":{"line":16,"column":null}},"1":{"start":{"line":18,"column":13},"end":{"line":84,"column":null}},"2":{"start":{"line":19,"column":26},"end":{"line":19,"column":null}},"3":{"start":{"line":20,"column":38},"end":{"line":20,"column":null}},"4":{"start":{"line":21,"column":15},"end":{"line":21,"column":null}},"5":{"start":{"line":23,"column":20},"end":{"line":29,"column":null}},"6":{"start":{"line":24,"column":15},"end":{"line":24,"column":null}},"7":{"start":{"line":25,"column":4},"end":{"line":25,"column":null}},"8":{"start":{"line":25,"column":24},"end":{"line":25,"column":56}},"9":{"start":{"line":26,"column":4},"end":{"line":28,"column":null}},"10":{"start":{"line":27,"column":6},"end":{"line":27,"column":null}},"11":{"start":{"line":27,"column":26},"end":{"line":27,"column":57}},"12":{"start":{"line":27,"column":45},"end":{"line":27,"column":56}},"13":{"start":{"line":31,"column":18},"end":{"line":35,"column":null}},"14":{"start":{"line":32,"column":4},"end":{"line":34,"column":null}},"15":{"start":{"line":33,"column":6},"end":{"line":33,"column":null}},"16":{"start":{"line":37,"column":24},"end":{"line":43,"column":null}},"17":{"start":{"line":38,"column":18},"end":{"line":38,"column":null}},"18":{"start":{"line":39,"column":4},"end":{"line":42,"column":null}},"19":{"start":{"line":40,"column":6},"end":{"line":40,"column":null}},"20":{"start":{"line":41,"column":6},"end":{"line":41,"column":null}},"21":{"start":{"line":45,"column":2},"end":{"line":79,"column":null}},"22":{"start":{"line":46,"column":56},"end":{"line":79,"column":null}},"23":{"start":{"line":47,"column":7},"end":{"line":47,"column":21}},"24":{"start":{"line":47,"column":21},"end":{"line":47,"column":null}},"25":{"start":{"line":47,"column":21},"end":{"line":64,"column":null}},"26":{"start":{"line":51,"column":17},"end":{"line":51,"column":27}},"27":{"start":{"line":52,"column":12},"end":{"line":53,"column":null}},"28":{"start":{"line":52,"column":17},"end":{"line":52,"column":null}},"29":{"start":{"line":52,"column":17},"end":{"line":55,"column":null}},"30":{"start":{"line":55,"column":26},"end":{"line":55,"column":52}},"31":{"start":{"line":55,"column":52},"end":{"line":55,"column":null}},"32":{"start":{"line":55,"column":52},"end":{"line":58,"column":null}},"33":{"start":{"line":58,"column":26},"end":{"line":58,"column":50}},"34":{"start":{"line":58,"column":50},"end":{"line":58,"column":null}},"35":{"start":{"line":58,"column":50},"end":{"line":61,"column":null}},"36":{"start":{"line":61,"column":23},"end":{"line":61,"column":36}},"37":{"start":{"line":61,"column":36},"end":{"line":53,"column":null}},"38":{"start":{"line":53,"column":152},"end":{"line":53,"column":null}},"39":{"start":{"line":64,"column":11},"end":{"line":64,"column":null}},"40":{"start":{"line":69,"column":16},"end":{"line":69,"column":32}},"41":{"start":{"line":69,"column":32},"end":{"line":69,"column":null}},"42":{"start":{"line":69,"column":32},"end":{"line":73,"column":null}},"43":{"start":{"line":73,"column":84},"end":{"line":73,"column":107}},"44":{"start":{"line":73,"column":107},"end":{"line":75,"column":108}},"45":{"start":{"line":75,"column":88},"end":{"line":75,"column":108}},"46":{"start":{"line":75,"column":108},"end":{"line":76,"column":136}},"47":{"start":{"line":76,"column":117},"end":{"line":76,"column":136}},"48":{"start":{"line":76,"column":136},"end":{"line":79,"column":92}},"49":{"start":{"line":79,"column":72},"end":{"line":79,"column":92}},"50":{"start":{"line":79,"column":92},"end":{"line":79,"column":null}},"51":{"start":{"line":86,"column":24},"end":{"line":90,"column":2}},"52":{"start":{"line":87,"column":8},"end":{"line":87,"column":null}},"53":{"start":{"line":88,"column":2},"end":{"line":88,"column":null}},"54":{"start":{"line":88,"column":17},"end":{"line":88,"column":81}},"55":{"start":{"line":89,"column":2},"end":{"line":89,"column":null}},"56":{"start":{"line":90,"column":2},"end":{"line":90,"column":null}}},"fnMap":{"0":{"name":"(anonymous_0)","decl":{"start":{"line":18,"column":29},"end":{"line":18,"column":30}},"loc":{"start":{"line":18,"column":67},"end":{"line":84,"column":1}},"line":18},"1":{"name":"(anonymous_1)","decl":{"start":{"line":23,"column":20},"end":{"line":23,"column":21}},"loc":{"start":{"line":23,"column":67},"end":{"line":29,"column":null}},"line":23},"2":{"name":"(anonymous_2)","decl":{"start":{"line":25,"column":15},"end":{"line":25,"column":24}},"loc":{"start":{"line":25,"column":24},"end":{"line":25,"column":56}},"line":25},"3":{"name":"(anonymous_3)","decl":{"start":{"line":26,"column":15},"end":{"line":26,"column":21}},"loc":{"start":{"line":26,"column":21},"end":{"line":28,"column":7}},"line":26},"4":{"name":"(anonymous_4)","decl":{"start":{"line":27,"column":17},"end":{"line":27,"column":26}},"loc":{"start":{"line":27,"column":26},"end":{"line":27,"column":57}},"line":27},"5":{"name":"(anonymous_5)","decl":{"start":{"line":27,"column":39},"end":{"line":27,"column":45}},"loc":{"start":{"line":27,"column":45},"end":{"line":27,"column":56}},"line":27},"6":{"name":"(anonymous_6)","decl":{"start":{"line":31,"column":18},"end":{"line":31,"column":19}},"loc":{"start":{"line":31,"column":57},"end":{"line":35,"column":null}},"line":31},"7":{"name":"(anonymous_7)","decl":{"start":{"line":32,"column":24},"end":{"line":32,"column":36}},"loc":{"start":{"line":32,"column":36},"end":{"line":34,"column":5}},"line":32},"8":{"name":"(anonymous_8)","decl":{"start":{"line":37,"column":24},"end":{"line":37,"column":25}},"loc":{"start":{"line":37,"column":44},"end":{"line":43,"column":null}},"line":37},"9":{"name":"(anonymous_9)","decl":{"start":{"line":46,"column":56},"end":{"line":46,"column":null}},"loc":{"start":{"line":46,"column":56},"end":{"line":79,"column":null}},"line":46},"10":{"name":"(anonymous_10)","decl":{"start":{"line":47,"column":21},"end":{"line":47,"column":null}},"loc":{"start":{"line":47,"column":21},"end":{"line":64,"column":null}},"line":47},"11":{"name":"(anonymous_11)","decl":{"start":{"line":51,"column":13},"end":{"line":51,"column":17}},"loc":{"start":{"line":51,"column":17},"end":{"line":51,"column":null}},"line":51},"12":{"name":"(anonymous_12)","decl":{"start":{"line":52,"column":12},"end":{"line":52,"column":17}},"loc":{"start":{"line":52,"column":12},"end":{"line":53,"column":null}},"line":52},"13":{"name":"(anonymous_13)","decl":{"start":{"line":52,"column":17},"end":{"line":52,"column":null}},"loc":{"start":{"line":52,"column":17},"end":{"line":53,"column":null}},"line":52},"14":{"name":"(anonymous_14)","decl":{"start":{"line":55,"column":22},"end":{"line":55,"column":26}},"loc":{"start":{"line":55,"column":26},"end":{"line":55,"column":null}},"line":55},"15":{"name":"(anonymous_15)","decl":{"start":{"line":55,"column":52},"end":{"line":55,"column":null}},"loc":{"start":{"line":55,"column":52},"end":{"line":55,"column":null}},"line":55},"16":{"name":"(anonymous_16)","decl":{"start":{"line":58,"column":22},"end":{"line":58,"column":26}},"loc":{"start":{"line":58,"column":26},"end":{"line":58,"column":null}},"line":58},"17":{"name":"(anonymous_17)","decl":{"start":{"line":58,"column":50},"end":{"line":58,"column":null}},"loc":{"start":{"line":58,"column":50},"end":{"line":58,"column":null}},"line":58},"18":{"name":"(anonymous_18)","decl":{"start":{"line":61,"column":36},"end":{"line":61,"column":null}},"loc":{"start":{"line":61,"column":36},"end":{"line":53,"column":null}},"line":61},"19":{"name":"(anonymous_19)","decl":{"start":{"line":69,"column":12},"end":{"line":69,"column":16}},"loc":{"start":{"line":69,"column":16},"end":{"line":69,"column":null}},"line":69},"20":{"name":"(anonymous_20)","decl":{"start":{"line":69,"column":32},"end":{"line":69,"column":null}},"loc":{"start":{"line":69,"column":32},"end":{"line":79,"column":null}},"line":69},"21":{"name":"(anonymous_21)","decl":{"start":{"line":75,"column":82},"end":{"line":75,"column":88}},"loc":{"start":{"line":75,"column":88},"end":{"line":75,"column":108}},"line":75},"22":{"name":"(anonymous_22)","decl":{"start":{"line":76,"column":111},"end":{"line":76,"column":117}},"loc":{"start":{"line":76,"column":117},"end":{"line":76,"column":136}},"line":76},"23":{"name":"(anonymous_23)","decl":{"start":{"line":79,"column":66},"end":{"line":79,"column":72}},"loc":{"start":{"line":79,"column":72},"end":{"line":79,"column":92}},"line":79},"24":{"name":"(anonymous_24)","decl":{"start":{"line":86,"column":24},"end":{"line":86,"column":30}},"loc":{"start":{"line":86,"column":30},"end":{"line":90,"column":2}},"line":86}},"branchMap":{"0":{"loc":{"start":{"line":23,"column":38},"end":{"line":23,"column":67}},"type":"default-arg","locations":[{"start":{"line":23,"column":56},"end":{"line":23,"column":67}}],"line":23},"1":{"loc":{"start":{"line":39,"column":4},"end":{"line":42,"column":null}},"type":"if","locations":[{"start":{"line":39,"column":4},"end":{"line":42,"column":null}},{"start":{},"end":{}}],"line":39},"2":{"loc":{"start":{"line":88,"column":2},"end":{"line":88,"column":null}},"type":"if","locations":[{"start":{"line":88,"column":2},"end":{"line":88,"column":null}},{"start":{},"end":{}}],"line":88},"3":{"loc":{"start":{"line":90,"column":2},"end":{"line":90,"column":null}},"type":"if","locations":[{"start":{"line":90,"column":2},"end":{"line":90,"column":null}},{"start":{},"end":{}}],"line":90}},"s":{"0":1,"1":1,"2":1,"3":1,"4":1,"5":1,"6":0,"7":0,"8":0,"9":0,"10":0,"11":0,"12":0,"13":1,"14":0,"15":0,"16":1,"17":0,"18":0,"19":0,"20":0,"21":1,"22":1,"23":1,"24":1,"25":1,"26":1,"27":0,"28":0,"29":0,"30":0,"31":0,"32":0,"33":0,"34":0,"35":0,"36":0,"37":0,"38":0,"39":1,"40":1,"41":0,"42":0,"43":0,"44":0,"45":0,"46":0,"47":0,"48":0,"49":0,"50":0,"51":1,"52":1,"53":1,"54":0,"55":1,"56":1},"f":{"0":1,"1":0,"2":0,"3":0,"4":0,"5":0,"6":0,"7":0,"8":0,"9":2,"10":1,"11":1,"12":0,"13":0,"14":0,"15":0,"16":0,"17":0,"18":0,"19":1,"20":0,"21":0,"22":0,"23":0,"24":1},"b":{"0":[0],"1":[0,0],"2":[0,1],"3":[1,0]},"meta":{"lastBranch":4,"lastFunction":25,"lastStatement":57,"seen":{"s:16:6:16:Infinity":0,"s:18:13:84:Infinity":1,"f:18:29:18:30":0,"s:19:26:19:Infinity":2,"s:20:38:20:Infinity":3,"s:21:15:21:Infinity":4,"s:23:20:29:Infinity":5,"f:23:20:23:21":1,"b:23:56:23:67":0,"s:24:15:24:Infinity":6,"s:25:4:25:Infinity":7,"f:25:15:25:24":2,"s:25:24:25:56":8,"s:26:4:28:Infinity":9,"f:26:15:26:21":3,"s:27:6:27:Infinity":10,"f:27:17:27:26":4,"s:27:26:27:57":11,"f:27:39:27:45":5,"s:27:45:27:56":12,"s:31:18:35:Infinity":13,"f:31:18:31:19":6,"s:32:4:34:Infinity":14,"f:32:24:32:36":7,"s:33:6:33:Infinity":15,"s:37:24:43:Infinity":16,"f:37:24:37:25":8,"s:38:18:38:Infinity":17,"b:39:4:42:Infinity:undefined:undefined:undefined:undefined":1,"s:39:4:42:Infinity":18,"s:40:6:40:Infinity":19,"s:41:6:41:Infinity":20,"s:45:2:79:Infinity":21,"f:46:56:46:Infinity":9,"s:46:56:79:Infinity":22,"s:47:7:47:21":23,"f:47:21:47:Infinity":10,"s:47:21:47:Infinity":24,"s:47:21:64:Infinity":25,"f:51:13:51:17":11,"s:51:17:51:27":26,"f:52:12:52:17":12,"s:52:12:53:Infinity":27,"f:52:17:52:Infinity":13,"s:52:17:52:Infinity":28,"s:52:17:55:Infinity":29,"f:55:22:55:26":14,"s:55:26:55:52":30,"f:55:52:55:Infinity":15,"s:55:52:55:Infinity":31,"s:55:52:58:Infinity":32,"f:58:22:58:26":16,"s:58:26:58:50":33,"f:58:50:58:Infinity":17,"s:58:50:58:Infinity":34,"s:58:50:61:Infinity":35,"s:61:23:61:36":36,"s:61:36:53:Infinity":37,"f:61:36:61:Infinity":18,"s:53:152:53:Infinity":38,"s:64:11:64:Infinity":39,"f:69:12:69:16":19,"s:69:16:69:32":40,"f:69:32:69:Infinity":20,"s:69:32:69:Infinity":41,"s:69:32:73:Infinity":42,"s:73:84:73:107":43,"s:73:107:75:108":44,"f:75:82:75:88":21,"s:75:88:75:108":45,"s:75:108:76:136":46,"f:76:111:76:117":22,"s:76:117:76:136":47,"s:76:136:79:92":48,"f:79:66:79:72":23,"s:79:72:79:92":49,"s:79:92:79:Infinity":50,"s:86:24:90:2":51,"f:86:24:86:30":24,"s:87:8:87:Infinity":52,"b:88:2:88:Infinity:undefined:undefined:undefined:undefined":2,"s:88:2:88:Infinity":53,"s:88:17:88:81":54,"s:89:2:89:Infinity":55,"b:90:2:90:Infinity:undefined:undefined:undefined:undefined":3,"s:90:2:90:Infinity":56}}}
,"/home/cda/dev/playground/energy.consumption/src/lib/aggregates.ts": {"path":"/home/cda/dev/playground/energy.consumption/src/lib/aggregates.ts","statementMap":{"0":{"start":{"line":15,"column":24},"end":{"line":15,"column":null}},"1":{"start":{"line":16,"column":22},"end":{"line":16,"column":null}},"2":{"start":{"line":18,"column":2},"end":{"line":47,"column":null}},"3":{"start":{"line":19,"column":26},"end":{"line":24,"column":null}},"4":{"start":{"line":20,"column":21},"end":{"line":20,"column":66}},"5":{"start":{"line":21,"column":19},"end":{"line":24,"column":8}},"6":{"start":{"line":26,"column":4},"end":{"line":26,"column":null}},"7":{"start":{"line":26,"column":35},"end":{"line":26,"column":44}},"8":{"start":{"line":28,"column":10},"end":{"line":28,"column":null}},"9":{"start":{"line":29,"column":27},"end":{"line":31,"column":null}},"10":{"start":{"line":30,"column":13},"end":{"line":30,"column":null}},"11":{"start":{"line":32,"column":10},"end":{"line":32,"column":null}},"12":{"start":{"line":34,"column":4},"end":{"line":46,"column":null}},"13":{"start":{"line":35,"column":12},"end":{"line":39,"column":null}},"14":{"start":{"line":41,"column":6},"end":{"line":45,"column":null}},"15":{"start":{"line":42,"column":8},"end":{"line":42,"column":null}},"16":{"start":{"line":43,"column":6},"end":{"line":45,"column":null}},"17":{"start":{"line":44,"column":8},"end":{"line":44,"column":null}},"18":{"start":{"line":49,"column":2},"end":{"line":53,"column":null}}},"fnMap":{"0":{"name":"calculateAggregates","decl":{"start":{"line":10,"column":16},"end":{"line":10,"column":null}},"loc":{"start":{"line":14,"column":19},"end":{"line":54,"column":null}},"line":14},"1":{"name":"(anonymous_1)","decl":{"start":{"line":20,"column":14},"end":{"line":20,"column":15}},"loc":{"start":{"line":20,"column":21},"end":{"line":20,"column":66}},"line":20},"2":{"name":"(anonymous_2)","decl":{"start":{"line":21,"column":11},"end":{"line":21,"column":12}},"loc":{"start":{"line":21,"column":19},"end":{"line":24,"column":8}},"line":21},"3":{"name":"(anonymous_3)","decl":{"start":{"line":30,"column":6},"end":{"line":30,"column":7}},"loc":{"start":{"line":30,"column":13},"end":{"line":30,"column":null}},"line":30}},"branchMap":{"0":{"loc":{"start":{"line":26,"column":4},"end":{"line":26,"column":null}},"type":"if","locations":[{"start":{"line":26,"column":4},"end":{"line":26,"column":null}},{"start":{},"end":{}}],"line":26},"1":{"loc":{"start":{"line":34,"column":4},"end":{"line":46,"column":null}},"type":"if","locations":[{"start":{"line":34,"column":4},"end":{"line":46,"column":null}},{"start":{},"end":{}}],"line":34},"2":{"loc":{"start":{"line":41,"column":6},"end":{"line":45,"column":null}},"type":"if","locations":[{"start":{"line":41,"column":6},"end":{"line":45,"column":null}},{"start":{"line":43,"column":6},"end":{"line":45,"column":null}}],"line":41},"3":{"loc":{"start":{"line":43,"column":6},"end":{"line":45,"column":null}},"type":"if","locations":[{"start":{"line":43,"column":6},"end":{"line":45,"column":null}},{"start":{},"end":{}}],"line":43}},"s":{"0":2,"1":2,"2":2,"3":2,"4":8,"5":4,"6":2,"7":0,"8":2,"9":2,"10":4,"11":2,"12":2,"13":2,"14":2,"15":1,"16":1,"17":1,"18":2},"f":{"0":2,"1":8,"2":4,"3":4},"b":{"0":[0,2],"1":[2,0],"2":[1,1],"3":[1,0]},"meta":{"lastBranch":4,"lastFunction":4,"lastStatement":19,"seen":{"f:10:16:10:Infinity":0,"s:15:24:15:Infinity":0,"s:16:22:16:Infinity":1,"s:18:2:47:Infinity":2,"s:19:26:24:Infinity":3,"f:20:14:20:15":1,"s:20:21:20:66":4,"f:21:11:21:12":2,"s:21:19:24:8":5,"b:26:4:26:Infinity:undefined:undefined:undefined:undefined":0,"s:26:4:26:Infinity":6,"s:26:35:26:44":7,"s:28:10:28:Infinity":8,"s:29:27:31:Infinity":9,"f:30:6:30:7":3,"s:30:13:30:Infinity":10,"s:32:10:32:Infinity":11,"b:34:4:46:Infinity:undefined:undefined:undefined:undefined":1,"s:34:4:46:Infinity":12,"s:35:12:39:Infinity":13,"b:41:6:45:Infinity:43:6:45:Infinity":2,"s:41:6:45:Infinity":14,"s:42:8:42:Infinity":15,"b:43:6:45:Infinity:undefined:undefined:undefined:undefined":3,"s:43:6:45:Infinity":16,"s:44:8:44:Infinity":17,"s:49:2:53:Infinity":18}}}
,"/home/cda/dev/playground/energy.consumption/src/lib/chartConfig.ts": {"path":"/home/cda/dev/playground/energy.consumption/src/lib/chartConfig.ts","statementMap":{"0":{"start":{"line":3,"column":31},"end":{"line":41,"column":null}},"1":{"start":{"line":4,"column":2},"end":{"line":25,"column":null}},"2":{"start":{"line":5,"column":4},"end":{"line":24,"column":null}},"3":{"start":{"line":27,"column":2},"end":{"line":40,"column":null}}},"fnMap":{"0":{"name":"(anonymous_0)","decl":{"start":{"line":3,"column":31},"end":{"line":3,"column":32}},"loc":{"start":{"line":3,"column":68},"end":{"line":41,"column":null}},"line":3}},"branchMap":{"0":{"loc":{"start":{"line":4,"column":2},"end":{"line":25,"column":null}},"type":"if","locations":[{"start":{"line":4,"column":2},"end":{"line":25,"column":null}},{"start":{},"end":{}}],"line":4}},"s":{"0":1,"1":2,"2":1,"3":1},"f":{"0":2},"b":{"0":[1,1]},"meta":{"lastBranch":1,"lastFunction":1,"lastStatement":4,"seen":{"s:3:31:41:Infinity":0,"f:3:31:3:32":0,"b:4:2:25:Infinity:undefined:undefined:undefined:undefined":0,"s:4:2:25:Infinity":1,"s:5:4:24:Infinity":2,"s:27:2:40:Infinity":3}}}
,"/home/cda/dev/playground/energy.consumption/src/lib/consumption.ts": {"path":"/home/cda/dev/playground/energy.consumption/src/lib/consumption.ts","statementMap":{"0":{"start":{"line":11,"column":2},"end":{"line":11,"column":null}},"1":{"start":{"line":11,"column":28},"end":{"line":11,"column":37}},"2":{"start":{"line":14,"column":17},"end":{"line":14,"column":null}},"3":{"start":{"line":14,"column":46},"end":{"line":14,"column":81}},"4":{"start":{"line":16,"column":16},"end":{"line":16,"column":null}},"5":{"start":{"line":17,"column":15},"end":{"line":17,"column":null}},"6":{"start":{"line":19,"column":22},"end":{"line":19,"column":null}},"7":{"start":{"line":20,"column":17},"end":{"line":20,"column":null}},"8":{"start":{"line":21,"column":15},"end":{"line":21,"column":null}},"9":{"start":{"line":23,"column":2},"end":{"line":23,"column":null}},"10":{"start":{"line":27,"column":23},"end":{"line":27,"column":null}},"11":{"start":{"line":28,"column":27},"end":{"line":28,"column":null}},"12":{"start":{"line":30,"column":2},"end":{"line":33,"column":null}},"13":{"start":{"line":42,"column":2},"end":{"line":42,"column":null}},"14":{"start":{"line":42,"column":30},"end":{"line":42,"column":40}},"15":{"start":{"line":45,"column":17},"end":{"line":45,"column":null}},"16":{"start":{"line":45,"column":46},"end":{"line":45,"column":81}},"17":{"start":{"line":47,"column":37},"end":{"line":54,"column":null}},"18":{"start":{"line":48,"column":17},"end":{"line":48,"column":null}},"19":{"start":{"line":49,"column":18},"end":{"line":49,"column":null}},"20":{"start":{"line":50,"column":4},"end":{"line":53,"column":null}},"21":{"start":{"line":57,"column":2},"end":{"line":57,"column":null}},"22":{"start":{"line":57,"column":31},"end":{"line":57,"column":66}}},"fnMap":{"0":{"name":"calculateDailyAverage","decl":{"start":{"line":10,"column":16},"end":{"line":10,"column":38}},"loc":{"start":{"line":10,"column":67},"end":{"line":24,"column":null}},"line":10},"1":{"name":"(anonymous_1)","decl":{"start":{"line":14,"column":36},"end":{"line":14,"column":37}},"loc":{"start":{"line":14,"column":46},"end":{"line":14,"column":81}},"line":14},"2":{"name":"calculateStats","decl":{"start":{"line":26,"column":16},"end":{"line":26,"column":31}},"loc":{"start":{"line":26,"column":52},"end":{"line":34,"column":null}},"line":26},"3":{"name":"calculateDeltas","decl":{"start":{"line":41,"column":16},"end":{"line":41,"column":32}},"loc":{"start":{"line":41,"column":73},"end":{"line":58,"column":null}},"line":41},"4":{"name":"(anonymous_4)","decl":{"start":{"line":45,"column":36},"end":{"line":45,"column":37}},"loc":{"start":{"line":45,"column":46},"end":{"line":45,"column":81}},"line":45},"5":{"name":"(anonymous_5)","decl":{"start":{"line":47,"column":48},"end":{"line":47,"column":49}},"loc":{"start":{"line":47,"column":58},"end":{"line":54,"column":3}},"line":47},"6":{"name":"(anonymous_6)","decl":{"start":{"line":57,"column":21},"end":{"line":57,"column":22}},"loc":{"start":{"line":57,"column":31},"end":{"line":57,"column":66}},"line":57}},"branchMap":{"0":{"loc":{"start":{"line":11,"column":2},"end":{"line":11,"column":null}},"type":"if","locations":[{"start":{"line":11,"column":2},"end":{"line":11,"column":null}},{"start":{},"end":{}}],"line":11},"1":{"loc":{"start":{"line":23,"column":9},"end":{"line":23,"column":null}},"type":"cond-expr","locations":[{"start":{"line":23,"column":20},"end":{"line":23,"column":41}},{"start":{"line":23,"column":41},"end":{"line":23,"column":null}}],"line":23},"2":{"loc":{"start":{"line":42,"column":2},"end":{"line":42,"column":null}},"type":"if","locations":[{"start":{"line":42,"column":2},"end":{"line":42,"column":null}},{"start":{},"end":{}}],"line":42},"3":{"loc":{"start":{"line":49,"column":18},"end":{"line":49,"column":null}},"type":"cond-expr","locations":[{"start":{"line":49,"column":25},"end":{"line":49,"column":48}},{"start":{"line":49,"column":48},"end":{"line":49,"column":null}}],"line":49}},"s":{"0":2,"1":0,"2":2,"3":2,"4":2,"5":2,"6":2,"7":2,"8":2,"9":2,"10":2,"11":2,"12":2,"13":1,"14":0,"15":1,"16":2,"17":1,"18":3,"19":3,"20":3,"21":1,"22":2},"f":{"0":2,"1":2,"2":2,"3":1,"4":2,"5":3,"6":2},"b":{"0":[0,2],"1":[2,0],"2":[0,1],"3":[2,1]},"meta":{"lastBranch":4,"lastFunction":7,"lastStatement":23,"seen":{"f:10:16:10:38":0,"b:11:2:11:Infinity:undefined:undefined:undefined:undefined":0,"s:11:2:11:Infinity":0,"s:11:28:11:37":1,"s:14:17:14:Infinity":2,"f:14:36:14:37":1,"s:14:46:14:81":3,"s:16:16:16:Infinity":4,"s:17:15:17:Infinity":5,"s:19:22:19:Infinity":6,"s:20:17:20:Infinity":7,"s:21:15:21:Infinity":8,"s:23:2:23:Infinity":9,"b:23:20:23:41:23:41:23:Infinity":1,"f:26:16:26:31":2,"s:27:23:27:Infinity":10,"s:28:27:28:Infinity":11,"s:30:2:33:Infinity":12,"f:41:16:41:32":3,"b:42:2:42:Infinity:undefined:undefined:undefined:undefined":2,"s:42:2:42:Infinity":13,"s:42:30:42:40":14,"s:45:17:45:Infinity":15,"f:45:36:45:37":4,"s:45:46:45:81":16,"s:47:37:54:Infinity":17,"f:47:48:47:49":5,"s:48:17:48:Infinity":18,"s:49:18:49:Infinity":19,"b:49:25:49:48:49:48:49:Infinity":3,"s:50:4:53:Infinity":20,"s:57:2:57:Infinity":21,"f:57:21:57:22":6,"s:57:31:57:66":22}}}
,"/home/cda/dev/playground/energy.consumption/src/lib/csvParser.ts": {"path":"/home/cda/dev/playground/energy.consumption/src/lib/csvParser.ts","statementMap":{"0":{"start":{"line":2,"column":16},"end":{"line":2,"column":null}},"1":{"start":{"line":2,"column":51},"end":{"line":2,"column":62}},"2":{"start":{"line":2,"column":79},"end":{"line":2,"column":94}},"3":{"start":{"line":4,"column":2},"end":{"line":6,"column":null}},"4":{"start":{"line":5,"column":4},"end":{"line":5,"column":null}},"5":{"start":{"line":9,"column":18},"end":{"line":9,"column":null}},"6":{"start":{"line":10,"column":2},"end":{"line":19,"column":null}},"7":{"start":{"line":11,"column":22},"end":{"line":11,"column":null}},"8":{"start":{"line":12,"column":4},"end":{"line":18,"column":null}},"9":{"start":{"line":13,"column":6},"end":{"line":13,"column":null}},"10":{"start":{"line":14,"column":4},"end":{"line":18,"column":null}},"11":{"start":{"line":15,"column":6},"end":{"line":15,"column":null}},"12":{"start":{"line":17,"column":6},"end":{"line":17,"column":null}},"13":{"start":{"line":21,"column":20},"end":{"line":59,"column":null}},"14":{"start":{"line":23,"column":25},"end":{"line":23,"column":null}},"15":{"start":{"line":33,"column":29},"end":{"line":33,"column":null}},"16":{"start":{"line":34,"column":18},"end":{"line":34,"column":null}},"17":{"start":{"line":35,"column":18},"end":{"line":35,"column":null}},"18":{"start":{"line":37,"column":4},"end":{"line":48,"column":null}},"19":{"start":{"line":37,"column":17},"end":{"line":37,"column":20}},"20":{"start":{"line":38,"column":19},"end":{"line":38,"column":null}},"21":{"start":{"line":40,"column":6},"end":{"line":47,"column":null}},"22":{"start":{"line":41,"column":8},"end":{"line":41,"column":null}},"23":{"start":{"line":42,"column":6},"end":{"line":47,"column":null}},"24":{"start":{"line":43,"column":8},"end":{"line":43,"column":null}},"25":{"start":{"line":44,"column":8},"end":{"line":44,"column":null}},"26":{"start":{"line":46,"column":8},"end":{"line":46,"column":null}},"27":{"start":{"line":49,"column":4},"end":{"line":49,"column":null}},"28":{"start":{"line":52,"column":4},"end":{"line":58,"column":null}},"29":{"start":{"line":53,"column":8},"end":{"line":53,"column":null}},"30":{"start":{"line":54,"column":8},"end":{"line":56,"column":null}},"31":{"start":{"line":55,"column":12},"end":{"line":55,"column":null}},"32":{"start":{"line":57,"column":8},"end":{"line":57,"column":null}},"33":{"start":{"line":61,"column":18},"end":{"line":61,"column":null}},"34":{"start":{"line":63,"column":44},"end":{"line":63,"column":null}},"35":{"start":{"line":65,"column":2},"end":{"line":74,"column":null}},"36":{"start":{"line":65,"column":15},"end":{"line":65,"column":18}},"37":{"start":{"line":66,"column":24},"end":{"line":66,"column":null}},"38":{"start":{"line":67,"column":19},"end":{"line":67,"column":null}},"39":{"start":{"line":69,"column":40},"end":{"line":69,"column":null}},"40":{"start":{"line":70,"column":4},"end":{"line":72,"column":null}},"41":{"start":{"line":71,"column":6},"end":{"line":71,"column":null}},"42":{"start":{"line":73,"column":4},"end":{"line":73,"column":null}},"43":{"start":{"line":76,"column":2},"end":{"line":76,"column":null}}},"fnMap":{"0":{"name":"parseCsv","decl":{"start":{"line":1,"column":16},"end":{"line":1,"column":25}},"loc":{"start":{"line":1,"column":106},"end":{"line":77,"column":null}},"line":1},"1":{"name":"(anonymous_1)","decl":{"start":{"line":2,"column":43},"end":{"line":2,"column":51}},"loc":{"start":{"line":2,"column":51},"end":{"line":2,"column":62}},"line":2},"2":{"name":"(anonymous_2)","decl":{"start":{"line":2,"column":71},"end":{"line":2,"column":79}},"loc":{"start":{"line":2,"column":79},"end":{"line":2,"column":94}},"line":2},"3":{"name":"(anonymous_3)","decl":{"start":{"line":21,"column":20},"end":{"line":21,"column":21}},"loc":{"start":{"line":21,"column":63},"end":{"line":59,"column":null}},"line":21},"4":{"name":"(anonymous_4)","decl":{"start":{"line":52,"column":22},"end":{"line":52,"column":29}},"loc":{"start":{"line":52,"column":29},"end":{"line":58,"column":5}},"line":52},"5":{"name":"(anonymous_5)","decl":{"start":{"line":70,"column":20},"end":{"line":70,"column":21}},"loc":{"start":{"line":70,"column":39},"end":{"line":72,"column":5}},"line":70}},"branchMap":{"0":{"loc":{"start":{"line":1,"column":42},"end":{"line":1,"column":106}},"type":"default-arg","locations":[{"start":{"line":1,"column":76},"end":{"line":1,"column":106}}],"line":1},"1":{"loc":{"start":{"line":4,"column":2},"end":{"line":6,"column":null}},"type":"if","locations":[{"start":{"line":4,"column":2},"end":{"line":6,"column":null}},{"start":{},"end":{}}],"line":4},"2":{"loc":{"start":{"line":10,"column":2},"end":{"line":19,"column":null}},"type":"if","locations":[{"start":{"line":10,"column":2},"end":{"line":19,"column":null}},{"start":{},"end":{}}],"line":10},"3":{"loc":{"start":{"line":12,"column":4},"end":{"line":18,"column":null}},"type":"if","locations":[{"start":{"line":12,"column":4},"end":{"line":18,"column":null}},{"start":{"line":14,"column":4},"end":{"line":18,"column":null}}],"line":12},"4":{"loc":{"start":{"line":14,"column":4},"end":{"line":18,"column":null}},"type":"if","locations":[{"start":{"line":14,"column":4},"end":{"line":18,"column":null}},{"start":{"line":16,"column":11},"end":{"line":18,"column":null}}],"line":14},"5":{"loc":{"start":{"line":40,"column":6},"end":{"line":47,"column":null}},"type":"if","locations":[{"start":{"line":40,"column":6},"end":{"line":47,"column":null}},{"start":{"line":42,"column":6},"end":{"line":47,"column":null}}],"line":40},"6":{"loc":{"start":{"line":42,"column":6},"end":{"line":47,"column":null}},"type":"if","locations":[{"start":{"line":42,"column":6},"end":{"line":47,"column":null}},{"start":{"line":45,"column":13},"end":{"line":47,"column":null}}],"line":42},"7":{"loc":{"start":{"line":42,"column":17},"end":{"line":42,"column":45}},"type":"binary-expr","locations":[{"start":{"line":42,"column":17},"end":{"line":42,"column":35}},{"start":{"line":42,"column":35},"end":{"line":42,"column":45}}],"line":42},"8":{"loc":{"start":{"line":54,"column":8},"end":{"line":56,"column":null}},"type":"if","locations":[{"start":{"line":54,"column":8},"end":{"line":56,"column":null}},{"start":{},"end":{}}],"line":54},"9":{"loc":{"start":{"line":54,"column":12},"end":{"line":54,"column":54}},"type":"binary-expr","locations":[{"start":{"line":54,"column":12},"end":{"line":54,"column":35}},{"start":{"line":54,"column":35},"end":{"line":54,"column":54}}],"line":54},"10":{"loc":{"start":{"line":71,"column":20},"end":{"line":71,"column":null}},"type":"binary-expr","locations":[{"start":{"line":71,"column":20},"end":{"line":71,"column":37}},{"start":{"line":71,"column":37},"end":{"line":71,"column":null}}],"line":71}},"s":{"0":6,"1":18,"2":18,"3":6,"4":0,"5":6,"6":6,"7":5,"8":5,"9":1,"10":4,"11":1,"12":3,"13":6,"14":15,"15":15,"16":15,"17":15,"18":15,"19":15,"20":185,"21":185,"22":2,"23":183,"24":13,"25":13,"26":170,"27":15,"28":15,"29":28,"30":28,"31":0,"32":28,"33":6,"34":6,"35":6,"36":6,"37":9,"38":9,"39":9,"40":9,"41":17,"42":9,"43":9},"f":{"0":6,"1":18,"2":18,"3":15,"4":28,"5":17},"b":{"0":[6],"1":[0,6],"2":[5,1],"3":[1,4],"4":[1,3],"5":[2,183],"6":[13,170],"7":[183,14],"8":[0,28],"9":[28,0],"10":[17,0]},"meta":{"lastBranch":11,"lastFunction":6,"lastStatement":44,"seen":{"f:1:16:1:25":0,"b:1:76:1:106":0,"s:2:16:2:Infinity":0,"f:2:43:2:51":1,"s:2:51:2:62":1,"f:2:71:2:79":2,"s:2:79:2:94":2,"b:4:2:6:Infinity:undefined:undefined:undefined:undefined":1,"s:4:2:6:Infinity":3,"s:5:4:5:Infinity":4,"s:9:18:9:Infinity":5,"b:10:2:19:Infinity:undefined:undefined:undefined:undefined":2,"s:10:2:19:Infinity":6,"s:11:22:11:Infinity":7,"b:12:4:18:Infinity:14:4:18:Infinity":3,"s:12:4:18:Infinity":8,"s:13:6:13:Infinity":9,"b:14:4:18:Infinity:16:11:18:Infinity":4,"s:14:4:18:Infinity":10,"s:15:6:15:Infinity":11,"s:17:6:17:Infinity":12,"s:21:20:59:Infinity":13,"f:21:20:21:21":3,"s:23:25:23:Infinity":14,"s:33:29:33:Infinity":15,"s:34:18:34:Infinity":16,"s:35:18:35:Infinity":17,"s:37:4:48:Infinity":18,"s:37:17:37:20":19,"s:38:19:38:Infinity":20,"b:40:6:47:Infinity:42:6:47:Infinity":5,"s:40:6:47:Infinity":21,"s:41:8:41:Infinity":22,"b:42:6:47:Infinity:45:13:47:Infinity":6,"s:42:6:47:Infinity":23,"b:42:17:42:35:42:35:42:45":7,"s:43:8:43:Infinity":24,"s:44:8:44:Infinity":25,"s:46:8:46:Infinity":26,"s:49:4:49:Infinity":27,"s:52:4:58:Infinity":28,"f:52:22:52:29":4,"s:53:8:53:Infinity":29,"b:54:8:56:Infinity:undefined:undefined:undefined:undefined":8,"s:54:8:56:Infinity":30,"b:54:12:54:35:54:35:54:54":9,"s:55:12:55:Infinity":31,"s:57:8:57:Infinity":32,"s:61:18:61:Infinity":33,"s:63:44:63:Infinity":34,"s:65:2:74:Infinity":35,"s:65:15:65:18":36,"s:66:24:66:Infinity":37,"s:67:19:67:Infinity":38,"s:69:40:69:Infinity":39,"s:70:4:72:Infinity":40,"f:70:20:70:21":5,"s:71:6:71:Infinity":41,"b:71:20:71:37:71:37:71:Infinity":10,"s:73:4:73:Infinity":42,"s:76:2:76:Infinity":43}}}
[...]
":124,"column":27},"end":{"line":127,"column":null}},"74":{"start":{"line":127,"column":73},"end":{"line":127,"column":83}},"75":{"start":{"line":127,"column":83},"end":{"line":128,"column":null}},"76":{"start":{"line":128,"column":67},"end":{"line":128,"column":84}},"77":{"start":{"line":128,"column":84},"end":{"line":131,"column":null}},"78":{"start":{"line":131,"column":32},"end":{"line":131,"column":43}},"79":{"start":{"line":131,"column":43},"end":{"line":131,"column":null}},"80":{"start":{"line":131,"column":43},"end":{"line":143,"column":140}},"81":{"start":{"line":143,"column":55},"end":{"line":143,"column":86}},"82":{"start":{"line":143,"column":86},"end":{"line":143,"column":null}},"83":{"start":{"line":143,"column":140},"end":{"line":143,"column":150}},"84":{"start":{"line":143,"column":150},"end":{"line":145,"column":null}},"85":{"start":{"line":144,"column":34},"end":{"line":144,"column":57}},"86":{"start":{"line":144,"column":57},"end":{"line":144,"column":null}},"87":{"start":{"line":144,"column":57},"end":{"line":145,"column":null}},"88":{"start":{"line":145,"column":81},"end":{"line":145,"column":109}},"89":{"start":{"line":145,"column":109},"end":{"line":145,"column":null}},"90":{"start":{"line":145,"column":109},"end":{"line":151,"column":null}},"91":{"start":{"line":150,"column":34},"end":{"line":150,"column":67}},"92":{"start":{"line":150,"column":77},"end":{"line":150,"column":null}},"93":{"start":{"line":150,"column":77},"end":{"line":151,"column":null}},"94":{"start":{"line":151,"column":71},"end":{"line":151,"column":110}},"95":{"start":{"line":151,"column":110},"end":{"line":151,"column":null}},"96":{"start":{"line":151,"column":110},"end":{"line":159,"column":null}},"97":{"start":{"line":156,"column":30},"end":{"line":156,"column":46}},"98":{"start":{"line":156,"column":46},"end":{"line":156,"column":null}},"99":{"start":{"line":156,"column":46},"end":{"line":159,"column":null}},"100":{"start":{"line":159,"column":31},"end":{"line":159,"column":null}},"101":{"start":{"line":159,"column":31},"end":{"line":165,"column":null}},"102":{"start":{"line":165,"column":31},"end":{"line":165,"column":67}},"103":{"start":{"line":165,"column":67},"end":{"line":167,"column":null}},"104":{"start":{"line":167,"column":33},"end":{"line":167,"column":66}},"105":{"start":{"line":167,"column":163},"end":{"line":167,"column":null}},"106":{"start":{"line":167,"column":163},"end":{"line":170,"column":null}},"107":{"start":{"line":170,"column":33},"end":{"line":170,"column":57}},"108":{"start":{"line":170,"column":154},"end":{"line":170,"column":null}},"109":{"start":{"line":170,"column":154},"end":{"line":178,"column":null}},"110":{"start":{"line":178,"column":29},"end":{"line":178,"column":58}},"111":{"start":{"line":178,"column":162},"end":{"line":178,"column":null}},"112":{"start":{"line":178,"column":162},"end":{"line":182,"column":73}},"113":{"start":{"line":182,"column":45},"end":{"line":182,"column":73}},"114":{"start":{"line":182,"column":73},"end":{"line":119,"column":null}},"115":{"start":{"line":119,"column":145},"end":{"line":119,"column":null}},"116":{"start":{"line":190,"column":13},"end":{"line":190,"column":null}},"117":{"start":{"line":198,"column":22},"end":{"line":198,"column":null}}},"fnMap":{"0":{"name":"(anonymous_0)","decl":{"start":{"line":8,"column":27},"end":{"line":8,"column":39}},"loc":{"start":{"line":8,"column":39},"end":{"line":12,"column":null}},"line":8},"1":{"name":"(anonymous_1)","decl":{"start":{"line":14,"column":26},"end":{"line":14,"column":32}},"loc":{"start":{"line":14,"column":32},"end":{"line":196,"column":1}},"line":14},"2":{"name":"(anonymous_2)","decl":{"start":{"line":18,"column":28},"end":{"line":18,"column":35}},"loc":{"start":{"line":18,"column":50},"end":{"line":33,"column":null}},"line":18},"3":{"name":"(anonymous_3)","decl":{"start":{"line":35,"column":2},"end":{"line":35,"column":null}},"loc":{"start":{"line":35,"column":2},"end":{"line":190,"column":null}},"line":35},"4":{"name":"(anonymous_4)","decl":{"start":{"line":42,"column":15},"end":{"line":42,"column":null}},"loc":{"start":{"line":42,"column":15},"end":{"line":42,"column":null}},"line":42},"5":{"name":"(anonymous_5)","decl":{"start":{"line":48,"column":12},"end":{"line":48,"column":16}},"loc":{"start":{"line":48,"column":16},"end":{"line":48,"column":33}},"line":48},"6":{"name":"(anonymous_6)","decl":{"start":{"line":48,"column":33},"end":{"line":48,"column":41}},"loc":{"start":{"line":48,"column":41},"end":{"line":48,"column":null}},"line":48},"7":{"name":"(anonymous_7)","decl":{"start":{"line":48,"column":41},"end":{"line":48,"column":null}},"loc":{"start":{"line":48,"column":41},"end":{"line":190,"column":null}},"line":48},"8":{"name":"(anonymous_8)","decl":{"start":{"line":50,"column":15},"end":{"line":50,"column":19}},"loc":{"start":{"line":50,"column":19},"end":{"line":50,"column":37}},"line":50},"9":{"name":"(anonymous_9)","decl":{"start":{"line":50,"column":37},"end":{"line":50,"column":45}},"loc":{"start":{"line":50,"column":45},"end":{"line":58,"column":null}},"line":50},"10":{"name":"(anonymous_10)","decl":{"start":{"line":50,"column":45},"end":{"line":50,"column":null}},"loc":{"start":{"line":50,"column":45},"end":{"line":58,"column":null}},"line":50},"11":{"name":"(anonymous_11)","decl":{"start":{"line":62,"column":14},"end":{"line":62,"column":24}},"loc":{"start":{"line":62,"column":24},"end":{"line":190,"column":13}},"line":62},"12":{"name":"(anonymous_12)","decl":{"start":{"line":63,"column":36},"end":{"line":63,"column":42}},"loc":{"start":{"line":63,"column":42},"end":{"line":63,"column":null}},"line":63},"13":{"name":"(anonymous_13)","decl":{"start":{"line":63,"column":67},"end":{"line":63,"column":68}},"loc":{"start":{"line":63,"column":79},"end":{"line":63,"column":102}},"line":63},"14":{"name":"(anonymous_14)","decl":{"start":{"line":64,"column":37},"end":{"line":64,"column":43}},"loc":{"start":{"line":64,"column":43},"end":{"line":64,"column":null}},"line":64},"15":{"name":"(anonymous_15)","decl":{"start":{"line":64,"column":69},"end":{"line":64,"column":70}},"loc":{"start":{"line":64,"column":81},"end":{"line":64,"column":104}},"line":64},"16":{"name":"(anonymous_16)","decl":{"start":{"line":66,"column":28},"end":{"line":66,"column":34}},"loc":{"start":{"line":66,"column":34},"end":{"line":103,"column":null}},"line":66},"17":{"name":"(anonymous_17)","decl":{"start":{"line":70,"column":69},"end":{"line":70,"column":70}},"loc":{"start":{"line":70,"column":82},"end":{"line":73,"column":18}},"line":70},"18":{"name":"(anonymous_18)","decl":{"start":{"line":76,"column":58},"end":{"line":76,"column":59}},"loc":{"start":{"line":76,"column":68},"end":{"line":76,"column":123}},"line":76},"19":{"name":"(anonymous_19)","decl":{"start":{"line":105,"column":27},"end":{"line":105,"column":33}},"loc":{"start":{"line":105,"column":33},"end":{"line":109,"column":null}},"line":105},"20":{"name":"(anonymous_20)","decl":{"start":{"line":111,"column":34},"end":{"line":111,"column":40}},"loc":{"start":{"line":111,"column":40},"end":{"line":111,"column":null}},"line":111},"21":{"name":"(anonymous_21)","decl":{"start":{"line":112,"column":30},"end":{"line":112,"column":36}},"loc":{"start":{"line":112,"column":36},"end":{"line":112,"column":null}},"line":112},"22":{"name":"(anonymous_22)","decl":{"start":{"line":114,"column":14},"end":{"line":114,"column":null}},"loc":{"start":{"line":114,"column":14},"end":{"line":119,"column":null}},"line":114},"23":{"name":"(anonymous_23)","decl":{"start":{"line":120,"column":49},"end":{"line":120,"column":null}},"loc":{"start":{"line":120,"column":27},"end":{"line":120,"column":33}},"line":120},"24":{"name":"(anonymous_24)","decl":{"start":{"line":124,"column":27},"end":{"line":124,"column":null}},"loc":{"start":{"line":127,"column":73},"end":{"line":127,"column":83}},"line":127},"25":{"name":"(anonymous_25)","decl":{"start":{"line":127,"column":83},"end":{"line":127,"column":null}},"loc":{"start":{"line":128,"column":67},"end":{"line":128,"column":84}},"line":128},"26":{"name":"(anonymous_26)","decl":{"start":{"line":131,"column":28},"end":{"line":131,"column":32}},"loc":{"start":{"line":131,"column":32},"end":{"line":131,"column":null}},"line":131},"27":{"name":"(anonymous_27)","decl":{"start":{"line":131,"column":43},"end":{"line":131,"column":null}},"loc":{"start":{"line":131,"column":43},"end":{"line":131,"column":null}},"line":131},"28":{"name":"(anonymous_28)","decl":{"start":{"line":143,"column":86},"end":{"line":143,"column":140}},"loc":{"start":{"line":143,"column":140},"end":{"line":143,"column":150}},"line":143},"29":{"name":"(anonymous_29)","decl":{"start":{"line":144,"column":30},"end":{"line":144,"column":34}},"loc":{"start":{"line":144,"column":34},"end":{"line":144,"column":null}},"line":144},"30":{"name":"(anonymous_30)","decl":{"start":{"line":144,"column":57},"end":{"line":144,"column":null}},"loc":{"start":{"line":144,"column":57},"end":{"line":145,"column":null}},"line":144},"31":{"name":"(anonymous_31)","decl":{"start":{"line":150,"column":30},"end":{"line":150,"column":34}},"loc":{"start":{"line":150,"column":34},"end":{"line":150,"column":69}},"line":150},"32":{"name":"(anonymous_32)","decl":{"start":{"line":150,"column":69},"end":{"line":150,"column":77}},"loc":{"start":{"line":150,"column":77},"end":{"line":150,"column":null}},"line":150},"33":{"name":"(anonymous_33)","decl":{"start":{"line":150,"column":77},"end":{"line":150,"column":null}},"loc":{"start":{"line":150,"column":77},"end":{"line":151,"column":null}},"line":150},"34":{"name":"(anonymous_34)","decl":{"start":{"line":156,"column":26},"end":{"line":156,"column":30}},"loc":{"start":{"line":156,"column":30},"end":{"line":156,"column":null}},"line":156},"35":{"name":"(anonymous_35)","decl":{"start":{"line":156,"column":46},"end":{"line":156,"column":null}},"loc":{"start":{"line":156,"column":46},"end":{"line":159,"column":null}},"line":156},"36":{"name":"(anonymous_36)","decl":{"start":{"line":165,"column":27},"end":{"line":165,"column":31}},"loc":{"start":{"line":165,"column":31},"end":{"line":165,"column":null}},"line":165},"37":{"name":"(anonymous_37)","decl":{"start":{"line":167,"column":29},"end":{"line":167,"column":33}},"loc":{"start":{"line":167,"column":33},"end":{"line":167,"column":158}},"line":167},"38":{"name":"(anonymous_38)","decl":{"start":{"line":167,"column":163},"end":{"line":167,"column":null}},"loc":{"start":{"line":167,"column":163},"end":{"line":167,"column":null}},"line":167},"39":{"name":"(anonymous_39)","decl":{"start":{"line":170,"column":29},"end":{"line":170,"column":33}},"loc":{"start":{"line":170,"column":33},"end":{"line":170,"column":149}},"line":170},"40":{"name":"(anonymous_40)","decl":{"start":{"line":170,"column":154},"end":{"line":170,"column":null}},"loc":{"start":{"line":170,"column":154},"end":{"line":170,"column":null}},"line":170},"41":{"name":"(anonymous_41)","decl":{"start":{"line":178,"column":25},"end":{"line":178,"column":29}},"loc":{"start":{"line":178,"column":29},"end":{"line":178,"column":157}},"line":178},"42":{"name":"(anonymous_42)","decl":{"start":{"line":178,"column":162},"end":{"line":178,"column":null}},"loc":{"start":{"line":178,"column":162},"end":{"line":178,"column":null}},"line":178},"43":{"name":"(anonymous_43)","decl":{"start":{"line":182,"column":39},"end":{"line":182,"column":45}},"loc":{"start":{"line":182,"column":45},"end":{"line":182,"column":73}},"line":182},"44":{"name":"(anonymous_44)","decl":{"start":{"line":182,"column":73},"end":{"line":182,"column":null}},"loc":{"start":{"line":182,"column":73},"end":{"line":119,"column":null}},"line":182}},"branchMap":{"0":{"loc":{"start":{"line":10,"column":2},"end":{"line":10,"column":null}},"type":"if","locations":[{"start":{"line":10,"column":2},"end":{"line":10,"column":null}},{"start":{},"end":{}}],"line":10},"1":{"loc":{"start":{"line":20,"column":4},"end":{"line":20,"column":null}},"type":"if","locations":[{"start":{"line":20,"column":4},"end":{"line":20,"column":null}},{"start":{},"end":{}}],"line":20},"2":{"loc":{"start":{"line":23,"column":6},"end":{"line":28,"column":null}},"type":"if","locations":[{"start":{"line":23,"column":6},"end":{"line":28,"column":null}},{"start":{"line":26,"column":13},"end":{"line":28,"column":null}}],"line":23},"3":{"loc":{"start":{"line":63,"column":42},"end":{"line":63,"column":null}},"type":"binary-expr","locations":[{"start":{"line":63,"column":42},"end":{"line":63,"column":107}},{"start":{"line":63,"column":107},"end":{"line":63,"column":null}}],"line":63},"4":{"loc":{"start":{"line":64,"column":43},"end":{"line":64,"column":null}},"type":"binary-expr","locations":[{"start":{"line":64,"column":43},"end":{"line":64,"column":109}},{"start":{"line":64,"column":109},"end":{"line":64,"column":null}}],"line":64},"5":{"loc":{"start":{"line":68,"column":16},"end":{"line":68,"column":null}},"type":"if","locations":[{"start":{"line":68,"column":16},"end":{"line":68,"column":null}},{"start":{},"end":{}}],"line":68},"6":{"loc":{"start":{"line":82,"column":16},"end":{"line":90,"column":null}},"type":"if","locations":[{"start":{"line":82,"column":16},"end":{"line":90,"column":null}},{"start":{},"end":{}}],"line":82},"7":{"loc":{"start":{"line":94,"column":16},"end":{"line":100,"column":null}},"type":"if","locations":[{"start":{"line":94,"column":16},"end":{"line":100,"column":null}},{"start":{},"end":{}}],"line":94},"8":{"loc":{"start":{"line":120,"column":27},"end":{"line":120,"column":33}},"type":"cond-expr","locations":[{"start":{"line":120,"column":27},"end":{"line":120,"column":33}},{"start":{"line":120,"column":27},"end":{"line":120,"column":33}}],"line":120},"9":{"loc":{"start":{"line":119,"column":55},"end":{"line":119,"column":143}},"type":"cond-expr","locations":[{"start":{"line":119,"column":80},"end":{"line":119,"column":111}},{"start":{"line":119,"column":111},"end":{"line":119,"column":143}}],"line":119},"10":{"loc":{"start":{"line":198,"column":22},"end":{"line":198,"column":null}},"type":"if","locations":[{"start":{"line":198,"column":22},"end":{"line":198,"column":null}},{"start":{},"end":{}}],"line":198}},"s":{"0":1,"1":1,"2":1,"3":0,"4":1,"5":1,"6":1,"7":1,"8":1,"9":0,"10":0,"11":0,"12":0,"13":0,"14":0,"15":0,"16":0,"17":0,"18":0,"19":0,"20":1,"21":1,"22":1,"23":1,"24":1,"25":2,"26":1,"27":1,"28":1,"29":1,"30":1,"31":1,"32":0,"33":0,"34":0,"35":0,"36":0,"37":0,"38":0,"39":0,"40":0,"41":0,"42":0,"43":0,"44":0,"45":0,"46":0,"47":0,"48":0,"49":0,"50":0,"51":0,"52":0,"53":0,"54":0,"55":0,"56":0,"57":0,"58":0,"59":0,"60":0,"61":0,"62":0,"63":0,"64":0,"65":0,"66":0,"67":0,"68":0,"69":0,"70":0,"71":0,"72":0,"73":0,"74":0,"75":0,"76":0,"77":0,"78":0,"79":0,"80":0,"81":0,"82":0,"83":0,"84":0,"85":0,"86":0,"87":0,"88":0,"89":0,"90":0,"91":0,"92":0,"93":0,"94":0,"95":0,"96":0,"97":0,"98":0,"99":0,"100":0,"101":0,"102":0,"103":0,"104":0,"105":0,"106":0,"107":0,"108":0,"109":0,"110":0,"111":0,"112":0,"113":0,"114":0,"115":0,"116":1,"117":1},"f":{"0":1,"1":1,"2":0,"3":1,"4":1,"5":2,"6":1,"7":1,"8":1,"9":1,"10":1,"11":0,"12":0,"13":0,"14":0,"15":0,"16":0,"17":0,"18":0,"19":0,"20":0,"21":0,"22":0,"23":0,"24":0,"25":0,"26":0,"27":0,"28":0,"29":0,"30":0,"31":0,"32":0,"33":0,"34":0,"35":0,"36":0,"37":0,"38":0,"39":0,"40":0,"41":0,"42":0,"43":0,"44":0},"b":{"0":[0,1],"1":[0,0],"2":[0,0],"3":[0,0],"4":[0,0],"5":[0,0],"6":[0,0],"7":[0,0],"8":[0,0],"9":[0,0],"10":[1,0]},"meta":{"lastBranch":11,"lastFunction":45,"lastStatement":118,"seen":{"s:8:27:12:Infinity":0,"f:8:27:8:39":0,"s:9:14:9:Infinity":1,"b:10:2:10:Infinity:undefined:undefined:undefined:undefined":0,"s:10:2:10:Infinity":2,"s:10:16:10:66":3,"s:11:2:11:Infinity":4,"s:14:6:196:Infinity":5,"f:14:26:14:32":1,"s:15:26:15:Infinity":6,"s:16:8:16:Infinity":7,"s:18:28:33:Infinity":8,"f:18:28:18:35":2,"s:19:22:19:Infinity":9,"b:20:4:20:Infinity:undefined:undefined:undefined:undefined":1,"s:20:4:20:Infinity":10,"s:20:21:20:28":11,"s:21:4:32:Infinity":12,"s:22:18:22:Infinity":13,"b:23:6:28:Infinity:26:13:28:Infinity":2,"s:23:6:28:Infinity":14,"s:24:8:24:Infinity":15,"s:25:8:25:Infinity":16,"s:27:8:27:Infinity":17,"s:30:6:30:Infinity":18,"s:31:6:31:Infinity":19,"s:35:2:190:Infinity":20,"f:35:2:35:Infinity":3,"s:35:2:35:Infinity":21,"s:35:2:42:Infinity":22,"f:42:15:42:Infinity":4,"s:42:15:42:Infinity":23,"s:42:15:190:Infinity":24,"f:48:12:48:16":5,"s:48:16:48:31":25,"f:48:33:48:41":6,"s:48:41:48:Infinity":26,"f:48:41:48:Infinity":7,"s:48:41:190:Infinity":27,"f:50:15:50:19":8,"s:50:19:50:35":28,"f:50:37:50:45":9,"s:50:45:58:Infinity":29,"f:50:45:50:Infinity":10,"s:50:45:50:Infinity":30,"s:58:23:58:Infinity":31,"f:62:14:62:24":11,"s:63:36:63:Infinity":32,"f:63:36:63:42":12,"s:63:42:63:Infinity":33,"b:63:42:63:107:63:107:63:Infinity":3,"f:63:67:63:68":13,"s:63:79:63:102":34,"s:64:37:64:Infinity":35,"f:64:37:64:43":14,"s:64:43:64:Infinity":36,"b:64:43:64:109:64:109:64:Infinity":4,"f:64:69:64:70":15,"s:64:81:64:104":37,"s:66:28:103:Infinity":38,"f:66:28:66:34":16,"s:67:33:67:Infinity":39,"b:68:16:68:Infinity:undefined:undefined:undefined:undefined":5,"s:68:16:68:Infinity":40,"s:68:42:68:128":41,"s:70:22:73:Infinity":42,"f:70:69:70:70":17,"s:70:82:73:18":43,"s:76:39:76:Infinity":44,"f:76:58:76:59":18,"s:76:68:76:123":45,"s:77:29:77:Infinity":46,"s:78:29:78:Infinity":47,"s:79:22:79:Infinity":48,"s:81:32:81:Infinity":49,"b:82:16:90:Infinity:undefined:undefined:undefined:undefined":6,"s:82:16:90:Infinity":50,"s:83:24:88:Infinity":51,"s:89:18:89:Infinity":52,"s:92:22:92:Infinity":53,"s:93:42:93:Infinity":54,"b:94:16:100:Infinity:undefined:undefined:undefined:undefined":7,"s:94:16:100:Infinity":55,"s:95:18:99:Infinity":56,"s:102:16:102:Infinity":57,"s:105:27:109:Infinity":58,"f:105:27:105:33":19,"s:106:33:106:Infinity":59,"s:107:34:107:Infinity":60,"s:108:16:108:Infinity":61,"s:111:34:111:Infinity":62,"f:111:34:111:40":20,"s:111:40:111:Infinity":63,"s:112:30:112:Infinity":64,"f:112:30:112:36":21,"s:112:36:112:Infinity":65,"s:114:14:119:Infinity":66,"f:114:14:114:Infinity":22,"s:114:14:114:Infinity":67,"s:114:14:124:Infinity":68,"s:114:14:120:Infinity":69,"s:120:27:120:49":70,"s:120:49:120:33":71,"f:120:49:120:Infinity":23,"s:120:27:120:33":72,"b:120:27:120:33:120:27:120:33":8,"s:124:27:127:Infinity":73,"f:124:27:124:Infinity":24,"s:127:73:127:83":74,"s:127:83:128:Infinity":75,"f:127:83:127:Infinity":25,"s:128:67:128:84":76,"s:128:84:131:Infinity":77,"f:131:28:131:32":26,"s:131:32:131:43":78,"f:131:43:131:Infinity":27,"s:131:43:131:Infinity":79,"s:131:43:143:140":80,"s:143:55:143:86":81,"s:143:86:143:Infinity":82,"f:143:86:143:140":28,"s:143:140:143:150":83,"s:143:150:145:Infinity":84,"f:144:30:144:34":29,"s:144:34:144:57":85,"f:144:57:144:Infinity":30,"s:144:57:144:Infinity":86,"s:144:57:145:Infinity":87,"s:145:81:145:109":88,"s:145:109:145:Infinity":89,"s:145:109:151:Infinity":90,"f:150:30:150:34":31,"s:150:34:150:67":91,"f:150:69:150:77":32,"s:150:77:150:Infinity":92,"f:150:77:150:Infinity":33,"s:150:77:151:Infinity":93,"s:151:71:151:110":94,"s:151:110:151:Infinity":95,"s:151:110:159:Infinity":96,"f:156:26:156:30":34,"s:156:30:156:46":97,"f:156:46:156:Infinity":35,"s:156:46:156:Infinity":98,"s:156:46:159:Infinity":99,"s:159:31:159:Infinity":100,"s:159:31:165:Infinity":101,"f:165:27:165:31":36,"s:165:31:165:67":102,"s:165:67:167:Infinity":103,"f:167:29:167:33":37,"s:167:33:167:66":104,"f:167:163:167:Infinity":38,"s:167:163:167:Infinity":105,"s:167:163:170:Infinity":106,"f:170:29:170:33":39,"s:170:33:170:57":107,"f:170:154:170:Infinity":40,"s:170:154:170:Infinity":108,"s:170:154:178:Infinity":109,"f:178:25:178:29":41,"s:178:29:178:58":110,"f:178:162:178:Infinity":42,"s:178:162:178:Infinity":111,"s:178:162:182:73":112,"f:182:39:182:45":43,"s:182:45:182:73":113,"s:182:73:119:Infinity":114,"f:182:73:182:Infinity":44,"b:119:80:119:111:119:111:119:143":9,"s:119:145:119:Infinity":115,"s:190:13:190:Infinity":116,"b:198:22:198:Infinity:undefined:undefined:undefined:undefined":10,"s:198:22:198:Infinity":117}}}
}
